<Event xmlns="http://schemas.microsoft.com/win/2004/08/events/event">
	<System>
		<Provider Name="Microsoft-Windows-Security-Auditing" Guid="{54849625-5478-4994-a5ba-3e3b0328c30d}"/>
		<EventID Qualifiers="">4624</EventID>
		<Version>0</Version>
		<Level>0</Level>
		<Task>12544</Task>
		<Opcode>0</Opcode>
		<Keywords>0x8020000000000000</Keywords>
		<TimeCreated SystemTime="2016-07-23 20:37:30.952652"/>
		<EventRecordID>1473</EventRecordID>
		<Correlation ActivityID="" RelatedActivityID=""/>
		<Execution ProcessID="528" ThreadID="592"/>
		<Channel>Security</Channel>
		<Computer>WIN-03DLIIOFRRA</Computer>
		<Security UserID=""/>
	</System>
	<EventData>
		<Data Name="SubjectUserSid">S-1-5-18</Data>
		<Data Name="SubjectUserName">WIN-03DLIIOFRRA$</Data>
		<Data Name="SubjectDomainName">WORKGROUP</Data>
		<Data Name="SubjectLogonId">0x00000000000003e7</Data>
		<Data Name="TargetUserSid">S-1-5-21-2603537626-3982775912-406486804-1000</Data>
		<Data Name="TargetUserName">fsir</Data>
		<Data Name="TargetDomainName">WIN-03DLIIOFRRA</Data>
		<Data Name="TargetLogonId">0x000000000006e8c9</Data>
		<Data Name="LogonType">2</Data>
		<Data Name="LogonProcessName">User32 </Data>
		<Data Name="AuthenticationPackageName">Negotiate</Data>
		<Data Name="WorkstationName">WIN-03DLIIOFRRA</Data>
		<Data Name="LogonGuid">{00000000-0000-0000-0000-000000000000}</Data>
		<Data Name="TransmittedServices">-</Data>
		<Data Name="LmPackageName">-</Data>
		<Data Name="KeyLength">0</Data>
		<Data Name="ProcessId">0x0000000000000204</Data>
		<Data Name="ProcessName">C:\Windows\System32\winlogon.exe</Data>
		<Data Name="IpAddress">127.0.0.1</Data>
		<Data Name="IpPort">0</Data>
	</EventData>
</Event>

<Event xmlns="http://schemas.microsoft.com/win/2004/08/events/event">
	<System>
		<Provider Name="Microsoft-Windows-Security-Auditing" Guid="{54849625-5478-4994-a5ba-3e3b0328c30d}"/>
		<EventID Qualifiers="">4624</EventID>
		<Version>0</Version>
		<Level>0</Level>
		<Task>12544</Task>
		<Opcode>0</Opcode>
		<Keywords>0x8020000000000000</Keywords>
		<TimeCreated SystemTime="2016-07-23 20:37:38.702477"/>
		<EventRecordID>1475</EventRecordID>
		<Correlation ActivityID="" RelatedActivityID=""/>
		<Execution ProcessID="528" ThreadID="592"/>
		<Channel>Security</Channel>
		<Computer>WIN-03DLIIOFRRA</Computer>
		<Security UserID=""/>
	</System>
	<EventData>
		<Data Name="SubjectUserSid">S-1-5-18</Data>
		<Data Name="SubjectUserName">WIN-03DLIIOFRRA$</Data>
		<Data Name="SubjectDomainName">WORKGROUP</Data>
		<Data Name="SubjectLogonId">0x00000000000003e7</Data>
		<Data Name="TargetUserSid">S-1-5-18</Data>
		<Data Name="TargetUserName">SYSTEM</Data>
		<Data Name="TargetDomainName">NT AUTHORITY</Data>
		<Data Name="TargetLogonId">0x00000000000003e7</Data>
		<Data Name="LogonType">5</Data>
		<Data Name="LogonProcessName">Advapi  </Data>
		<Data Name="AuthenticationPackageName">Negotiate</Data>
		<Data Name="WorkstationName"/>
		<Data Name="LogonGuid">{00000000-0000-0000-0000-000000000000}</Data>
		<Data Name="TransmittedServices">-</Data>
		<Data Name="LmPackageName">-</Data>
		<Data Name="KeyLength">0</Data>
		<Data Name="ProcessId">0x00000000000001e4</Data>
		<Data Name="ProcessName">C:\Windows\System32\services.exe</Data>
		<Data Name="IpAddress">-</Data>
		<Data Name="IpPort">-</Data>
	</EventData>
</Event>

<Event xmlns="http://schemas.microsoft.com/win/2004/08/events/event">
	<System>
		<Provider Name="Microsoft-Windows-Security-Auditing" Guid="{54849625-5478-4994-a5ba-3e3b0328c30d}"/>
		<EventID Qualifiers="">4624</EventID>
		<Version>0</Version>
		<Level>0</Level>
		<Task>12544</Task>
		<Opcode>0</Opcode>
		<Keywords>0x8020000000000000</Keywords>
		<TimeCreated SystemTime="2016-07-23 20:42:13.225168"/>
		<EventRecordID>1477</EventRecordID>
		<Correlation ActivityID="" RelatedActivityID=""/>
		<Execution ProcessID="528" ThreadID="2044"/>
		<Channel>Security</Channel>
		<Computer>WIN-03DLIIOFRRA</Computer>
		<Security UserID=""/>
	</System>
	<EventData>
		<Data Name="SubjectUserSid">S-1-5-18</Data>
		<Data Name="SubjectUserName">WIN-03DLIIOFRRA$</Data>
		<Data Name="SubjectDomainName">WORKGROUP</Data>
		<Data Name="SubjectLogonId">0x00000000000003e7</Data>
		<Data Name="TargetUserSid">S-1-5-18</Data>
		<Data Name="TargetUserName">SYSTEM</Data>
		<Data Name="TargetDomainName">NT AUTHORITY</Data>
		<Data Name="TargetLogonId">0x00000000000003e7</Data>
		<Data Name="LogonType">5</Data>
		<Data Name="LogonProcessName">Advapi  </Data>
		<Data Name="AuthenticationPackageName">Negotiate</Data>
		<Data Name="WorkstationName"/>
		<Data Name="LogonGuid">{00000000-0000-0000-0000-000000000000}</Data>
		<Data Name="TransmittedServices">-</Data>
		<Data Name="LmPackageName">-</Data>
		<Data Name="KeyLength">0</Data>
		<Data Name="ProcessId">0x00000000000001e4</Data>
		<Data Name="ProcessName">C:\Windows\System32\services.exe</Data>
		<Data Name="IpAddress">-</Data>
		<Data Name="IpPort">-</Data>
	</EventData>
</Event>

<Event xmlns="http://schemas.microsoft.com/win/2004/08/events/event">
	<System>
		<Provider Name="Microsoft-Windows-Security-Auditing" Guid="{54849625-5478-4994-a5ba-3e3b0328c30d}"/>
		<EventID Qualifiers="">4624</EventID>
		<Version>0</Version>
		<Level>0</Level>
		<Task>12544</Task>
		<Opcode>0</Opcode>
		<Keywords>0x8020000000000000</Keywords>
		<TimeCreated SystemTime="2016-07-23 20:42:13.365170"/>
		<EventRecordID>1479</EventRecordID>
		<Correlation ActivityID="" RelatedActivityID=""/>
		<Execution ProcessID="528" ThreadID="2044"/>
		<Channel>Security</Channel>
		<Computer>WIN-03DLIIOFRRA</Computer>
		<Security UserID=""/>
	</System>
	<EventData>
		<Data Name="SubjectUserSid">S-1-5-18</Data>
		<Data Name="SubjectUserName">WIN-03DLIIOFRRA$</Data>
		<Data Name="SubjectDomainName">WORKGROUP</Data>
		<Data Name="SubjectLogonId">0x00000000000003e7</Data>
		<Data Name="TargetUserSid">S-1-5-18</Data>
		<Data Name="TargetUserName">SYSTEM</Data>
		<Data Name="TargetDomainName">NT AUTHORITY</Data>
		<Data Name="TargetLogonId">0x00000000000003e7</Data>
		<Data Name="LogonType">5</Data>
		<Data Name="LogonProcessName">Advapi  </Data>
		<Data Name="AuthenticationPackageName">Negotiate</Data>
		<Data Name="WorkstationName"/>
		<Data Name="LogonGuid">{00000000-0000-0000-0000-000000000000}</Data>
		<Data Name="TransmittedServices">-</Data>
		<Data Name="LmPackageName">-</Data>
		<Data Name="KeyLength">0</Data>
		<Data Name="ProcessId">0x00000000000001e4</Data>
		<Data Name="ProcessName">C:\Windows\System32\services.exe</Data>
		<Data Name="IpAddress">-</Data>
		<Data Name="IpPort">-</Data>
	</EventData>
</Event>

<Event xmlns="http://schemas.microsoft.com/win/2004/08/events/event">
	<System>
		<Provider Name="Microsoft-Windows-Security-Auditing" Guid="{54849625-5478-4994-a5ba-3e3b0328c30d}"/>
		<EventID Qualifiers="">4624</EventID>
		<Version>0</Version>
		<Level>0</Level>
		<Task>12544</Task>
		<Opcode>0</Opcode>
		<Keywords>0x8020000000000000</Keywords>
		<TimeCreated SystemTime="2016-07-23 20:42:13.443169"/>
		<EventRecordID>1481</EventRecordID>
		<Correlation ActivityID="" RelatedActivityID=""/>
		<Execution ProcessID="528" ThreadID="2044"/>
		<Channel>Security</Channel>
		<Computer>WIN-03DLIIOFRRA</Computer>
		<Security UserID=""/>
	</System>
	<EventData>
		<Data Name="SubjectUserSid">S-1-5-18</Data>
		<Data Name="SubjectUserName">WIN-03DLIIOFRRA$</Data>
		<Data Name="SubjectDomainName">WORKGROUP</Data>
		<Data Name="SubjectLogonId">0x00000000000003e7</Data>
		<Data Name="TargetUserSid">S-1-5-18</Data>
		<Data Name="TargetUserName">SYSTEM</Data>
		<Data Name="TargetDomainName">NT AUTHORITY</Data>
		<Data Name="TargetLogonId">0x00000000000003e7</Data>
		<Data Name="LogonType">5</Data>
		<Data Name="LogonProcessName">Advapi  </Data>
		<Data Name="AuthenticationPackageName">Negotiate</Data>
		<Data Name="WorkstationName"/>
		<Data Name="LogonGuid">{00000000-0000-0000-0000-000000000000}</Data>
		<Data Name="TransmittedServices">-</Data>
		<Data Name="LmPackageName">-</Data>
		<Data Name="KeyLength">0</Data>
		<Data Name="ProcessId">0x00000000000001e4</Data>
		<Data Name="ProcessName">C:\Windows\System32\services.exe</Data>
		<Data Name="IpAddress">-</Data>
		<Data Name="IpPort">-</Data>
	</EventData>
</Event>

<Event xmlns="http://schemas.microsoft.com/win/2004/08/events/event">
	<System>
		<Provider Name="Microsoft-Windows-Security-Auditing" Guid="{54849625-5478-4994-a5ba-3e3b0328c30d}"/>
		<EventID Qualifiers="">4624</EventID>
		<Version>0</Version>
		<Level>0</Level>
		<Task>12544</Task>
		<Opcode>0</Opcode>
		<Keywords>0x8020000000000000</Keywords>
		<TimeCreated SystemTime="2016-07-23 20:43:34.214022"/>
		<EventRecordID>1488</EventRecordID>
		<Correlation ActivityID="" RelatedActivityID=""/>
		<Execution ProcessID="532" ThreadID="536"/>
		<Channel>Security</Channel>
		<Computer>WIN-03DLIIOFRRA</Computer>
		<Security UserID=""/>
	</System>
	<EventData>
		<Data Name="SubjectUserSid">S-1-0-0</Data>
		<Data Name="SubjectUserName">-</Data>
		<Data Name="SubjectDomainName">-</Data>
		<Data Name="SubjectLogonId">0x0000000000000000</Data>
		<Data Name="TargetUserSid">S-1-5-18</Data>
		<Data Name="TargetUserName">SYSTEM</Data>
		<Data Name="TargetDomainName">NT AUTHORITY</Data>
		<Data Name="TargetLogonId">0x00000000000003e7</Data>
		<Data Name="LogonType">0</Data>
		<Data Name="LogonProcessName">-</Data>
		<Data Name="AuthenticationPackageName">-</Data>
		<Data Name="WorkstationName">-</Data>
		<Data Name="LogonGuid">{00000000-0000-0000-0000-000000000000}</Data>
		<Data Name="TransmittedServices">-</Data>
		<Data Name="LmPackageName">-</Data>
		<Data Name="KeyLength">0</Data>
		<Data Name="ProcessId">0x0000000000000004</Data>
		<Data Name="ProcessName"/>
		<Data Name="IpAddress">-</Data>
		<Data Name="IpPort">-</Data>
	</EventData>
</Event>

<Event xmlns="http://schemas.microsoft.com/win/2004/08/events/event">
	<System>
		<Provider Name="Microsoft-Windows-Security-Auditing" Guid="{54849625-5478-4994-a5ba-3e3b0328c30d}"/>
		<EventID Qualifiers="">4624</EventID>
		<Version>0</Version>
		<Level>0</Level>
		<Task>12544</Task>
		<Opcode>0</Opcode>
		<Keywords>0x8020000000000000</Keywords>
		<TimeCreated SystemTime="2016-07-23 20:43:35.633625"/>
		<EventRecordID>1490</EventRecordID>
		<Correlation ActivityID="" RelatedActivityID=""/>
		<Execution ProcessID="532" ThreadID="580"/>
		<Channel>Security</Channel>
		<Computer>WIN-03DLIIOFRRA</Computer>
		<Security UserID=""/>
	</System>
	<EventData>
		<Data Name="SubjectUserSid">S-1-5-18</Data>
		<Data Name="SubjectUserName">WIN-03DLIIOFRRA$</Data>
		<Data Name="SubjectDomainName">WORKGROUP</Data>
		<Data Name="SubjectLogonId">0x00000000000003e7</Data>
		<Data Name="TargetUserSid">S-1-5-18</Data>
		<Data Name="TargetUserName">SYSTEM</Data>
		<Data Name="TargetDomainName">NT AUTHORITY</Data>
		<Data Name="TargetLogonId">0x00000000000003e7</Data>
		<Data Name="LogonType">5</Data>
		<Data Name="LogonProcessName">Advapi  </Data>
		<Data Name="AuthenticationPackageName">Negotiate</Data>
		<Data Name="WorkstationName"/>
		<Data Name="LogonGuid">{00000000-0000-0000-0000-000000000000}</Data>
		<Data Name="TransmittedServices">-</Data>
		<Data Name="LmPackageName">-</Data>
		<Data Name="KeyLength">0</Data>
		<Data Name="ProcessId">0x00000000000001dc</Data>
		<Data Name="ProcessName">C:\Windows\System32\services.exe</Data>
		<Data Name="IpAddress">-</Data>
		<Data Name="IpPort">-</Data>
	</EventData>
</Event>

<Event xmlns="http://schemas.microsoft.com/win/2004/08/events/event">
	<System>
		<Provider Name="Microsoft-Windows-Security-Auditing" Guid="{54849625-5478-4994-a5ba-3e3b0328c30d}"/>
		<EventID Qualifiers="">4624</EventID>
		<Version>0</Version>
		<Level>0</Level>
		<Task>12544</Task>
		<Opcode>0</Opcode>
		<Keywords>0x8020000000000000</Keywords>
		<TimeCreated SystemTime="2016-07-23 20:43:35.805225"/>
		<EventRecordID>1492</EventRecordID>
		<Correlation ActivityID="" RelatedActivityID=""/>
		<Execution ProcessID="532" ThreadID="580"/>
		<Channel>Security</Channel>
		<Computer>WIN-03DLIIOFRRA</Computer>
		<Security UserID=""/>
	</System>
	<EventData>
		<Data Name="SubjectUserSid">S-1-5-18</Data>
		<Data Name="SubjectUserName">WIN-03DLIIOFRRA$</Data>
		<Data Name="SubjectDomainName">WORKGROUP</Data>
		<Data Name="SubjectLogonId">0x00000000000003e7</Data>
		<Data Name="TargetUserSid">S-1-5-20</Data>
		<Data Name="TargetUserName">NETWORK SERVICE</Data>
		<Data Name="TargetDomainName">NT AUTHORITY</Data>
		<Data Name="TargetLogonId">0x00000000000003e4</Data>
		<Data Name="LogonType">5</Data>
		<Data Name="LogonProcessName">Advapi  </Data>
		<Data Name="AuthenticationPackageName">Negotiate</Data>
		<Data Name="WorkstationName"/>
		<Data Name="LogonGuid">{00000000-0000-0000-0000-000000000000}</Data>
		<Data Name="TransmittedServices">-</Data>
		<Data Name="LmPackageName">-</Data>
		<Data Name="KeyLength">0</Data>
		<Data Name="ProcessId">0x00000000000001dc</Data>
		<Data Name="ProcessName">C:\Windows\System32\services.exe</Data>
		<Data Name="IpAddress">-</Data>
		<Data Name="IpPort">-</Data>
	</EventData>
</Event>

<Event xmlns="http://schemas.microsoft.com/win/2004/08/events/event">
	<System>
		<Provider Name="Microsoft-Windows-Security-Auditing" Guid="{54849625-5478-4994-a5ba-3e3b0328c30d}"/>
		<EventID Qualifiers="">4624</EventID>
		<Version>0</Version>
		<Level>0</Level>
		<Task>12544</Task>
		<Opcode>0</Opcode>
		<Keywords>0x8020000000000000</Keywords>
		<TimeCreated SystemTime="2016-07-23 20:43:35.852024"/>
		<EventRecordID>1494</EventRecordID>
		<Correlation ActivityID="" RelatedActivityID=""/>
		<Execution ProcessID="532" ThreadID="580"/>
		<Channel>Security</Channel>
		<Computer>WIN-03DLIIOFRRA</Computer>
		<Security UserID=""/>
	</System>
	<EventData>
		<Data Name="SubjectUserSid">S-1-5-18</Data>
		<Data Name="SubjectUserName">WIN-03DLIIOFRRA$</Data>
		<Data Name="SubjectDomainName">WORKGROUP</Data>
		<Data Name="SubjectLogonId">0x00000000000003e7</Data>
		<Data Name="TargetUserSid">S-1-5-19</Data>
		<Data Name="TargetUserName">LOCAL SERVICE</Data>
		<Data Name="TargetDomainName">NT AUTHORITY</Data>
		<Data Name="TargetLogonId">0x00000000000003e5</Data>
		<Data Name="LogonType">5</Data>
		<Data Name="LogonProcessName">Advapi  </Data>
		<Data Name="AuthenticationPackageName">Negotiate</Data>
		<Data Name="WorkstationName"/>
		<Data Name="LogonGuid">{00000000-0000-0000-0000-000000000000}</Data>
		<Data Name="TransmittedServices">-</Data>
		<Data Name="LmPackageName">-</Data>
		<Data Name="KeyLength">0</Data>
		<Data Name="ProcessId">0x00000000000001dc</Data>
		<Data Name="ProcessName">C:\Windows\System32\services.exe</Data>
		<Data Name="IpAddress">-</Data>
		<Data Name="IpPort">-</Data>
	</EventData>
</Event>

<Event xmlns="http://schemas.microsoft.com/win/2004/08/events/event">
	<System>
		<Provider Name="Microsoft-Windows-Security-Auditing" Guid="{54849625-5478-4994-a5ba-3e3b0328c30d}"/>
		<EventID Qualifiers="">4624</EventID>
		<Version>0</Version>
		<Level>0</Level>
		<Task>12544</Task>
		<Opcode>0</Opcode>
		<Keywords>0x8020000000000000</Keywords>
		<TimeCreated SystemTime="2016-07-23 20:43:35.898825"/>
		<EventRecordID>1496</EventRecordID>
		<Correlation ActivityID="" RelatedActivityID=""/>
		<Execution ProcessID="532" ThreadID="600"/>
		<Channel>Security</Channel>
		<Computer>WIN-03DLIIOFRRA</Computer>
		<Security UserID=""/>
	</System>
	<EventData>
		<Data Name="SubjectUserSid">S-1-5-18</Data>
		<Data Name="SubjectUserName">WIN-03DLIIOFRRA$</Data>
		<Data Name="SubjectDomainName">WORKGROUP</Data>
		<Data Name="SubjectLogonId">0x00000000000003e7</Data>
		<Data Name="TargetUserSid">S-1-5-18</Data>
		<Data Name="TargetUserName">SYSTEM</Data>
		<Data Name="TargetDomainName">NT AUTHORITY</Data>
		<Data Name="TargetLogonId">0x00000000000003e7</Data>
		<Data Name="LogonType">5</Data>
		<Data Name="LogonProcessName">Advapi  </Data>
		<Data Name="AuthenticationPackageName">Negotiate</Data>
		<Data Name="WorkstationName"/>
		<Data Name="LogonGuid">{00000000-0000-0000-0000-000000000000}</Data>
		<Data Name="TransmittedServices">-</Data>
		<Data Name="LmPackageName">-</Data>
		<Data Name="KeyLength">0</Data>
		<Data Name="ProcessId">0x00000000000001dc</Data>
		<Data Name="ProcessName">C:\Windows\System32\services.exe</Data>
		<Data Name="IpAddress">-</Data>
		<Data Name="IpPort">-</Data>
	</EventData>
</Event>

<Event xmlns="http://schemas.microsoft.com/win/2004/08/events/event">
	<System>
		<Provider Name="Microsoft-Windows-Security-Auditing" Guid="{54849625-5478-4994-a5ba-3e3b0328c30d}"/>
		<EventID Qualifiers="">4624</EventID>
		<Version>0</Version>
		<Level>0</Level>
		<Task>12544</Task>
		<Opcode>0</Opcode>
		<Keywords>0x8020000000000000</Keywords>
		<TimeCreated SystemTime="2016-07-23 20:43:35.914425"/>
		<EventRecordID>1498</EventRecordID>
		<Correlation ActivityID="" RelatedActivityID=""/>
		<Execution ProcessID="532" ThreadID="600"/>
		<Channel>Security</Channel>
		<Computer>WIN-03DLIIOFRRA</Computer>
		<Security UserID=""/>
	</System>
	<EventData>
		<Data Name="SubjectUserSid">S-1-5-18</Data>
		<Data Name="SubjectUserName">WIN-03DLIIOFRRA$</Data>
		<Data Name="SubjectDomainName">WORKGROUP</Data>
		<Data Name="SubjectLogonId">0x00000000000003e7</Data>
		<Data Name="TargetUserSid">S-1-5-18</Data>
		<Data Name="TargetUserName">SYSTEM</Data>
		<Data Name="TargetDomainName">NT AUTHORITY</Data>
		<Data Name="TargetLogonId">0x00000000000003e7</Data>
		<Data Name="LogonType">5</Data>
		<Data Name="LogonProcessName">Advapi  </Data>
		<Data Name="AuthenticationPackageName">Negotiate</Data>
		<Data Name="WorkstationName"/>
		<Data Name="LogonGuid">{00000000-0000-0000-0000-000000000000}</Data>
		<Data Name="TransmittedServices">-</Data>
		<Data Name="LmPackageName">-</Data>
		<Data Name="KeyLength">0</Data>
		<Data Name="ProcessId">0x00000000000001dc</Data>
		<Data Name="ProcessName">C:\Windows\System32\services.exe</Data>
		<Data Name="IpAddress">-</Data>
		<Data Name="IpPort">-</Data>
	</EventData>
</Event>

<Event xmlns="http://schemas.microsoft.com/win/2004/08/events/event">
	<System>
		<Provider Name="Microsoft-Windows-Security-Auditing" Guid="{54849625-5478-4994-a5ba-3e3b0328c30d}"/>
		<EventID Qualifiers="">4624</EventID>
		<Version>0</Version>
		<Level>0</Level>
		<Task>12544</Task>
		<Opcode>0</Opcode>
		<Keywords>0x8020000000000000</Keywords>
		<TimeCreated SystemTime="2016-07-23 20:43:38.087627"/>
		<EventRecordID>1500</EventRecordID>
		<Correlation ActivityID="" RelatedActivityID=""/>
		<Execution ProcessID="532" ThreadID="580"/>
		<Channel>Security</Channel>
		<Computer>WIN-03DLIIOFRRA</Computer>
		<Security UserID=""/>
	</System>
	<EventData>
		<Data Name="SubjectUserSid">S-1-5-18</Data>
		<Data Name="SubjectUserName">WIN-03DLIIOFRRA$</Data>
		<Data Name="SubjectDomainName">WORKGROUP</Data>
		<Data Name="SubjectLogonId">0x00000000000003e7</Data>
		<Data Name="TargetUserSid">S-1-5-18</Data>
		<Data Name="TargetUserName">SYSTEM</Data>
		<Data Name="TargetDomainName">NT AUTHORITY</Data>
		<Data Name="TargetLogonId">0x00000000000003e7</Data>
		<Data Name="LogonType">5</Data>
		<Data Name="LogonProcessName">Advapi  </Data>
		<Data Name="AuthenticationPackageName">Negotiate</Data>
		<Data Name="WorkstationName"/>
		<Data Name="LogonGuid">{00000000-0000-0000-0000-000000000000}</Data>
		<Data Name="TransmittedServices">-</Data>
		<Data Name="LmPackageName">-</Data>
		<Data Name="KeyLength">0</Data>
		<Data Name="ProcessId">0x00000000000001dc</Data>
		<Data Name="ProcessName">C:\Windows\System32\services.exe</Data>
		<Data Name="IpAddress">-</Data>
		<Data Name="IpPort">-</Data>
	</EventData>
</Event>

<Event xmlns="http://schemas.microsoft.com/win/2004/08/events/event">
	<System>
		<Provider Name="Microsoft-Windows-Security-Auditing" Guid="{54849625-5478-4994-a5ba-3e3b0328c30d}"/>
		<EventID Qualifiers="">4624</EventID>
		<Version>0</Version>
		<Level>0</Level>
		<Task>12544</Task>
		<Opcode>0</Opcode>
		<Keywords>0x8020000000000000</Keywords>
		<TimeCreated SystemTime="2016-07-23 20:43:38.507629"/>
		<EventRecordID>1502</EventRecordID>
		<Correlation ActivityID="" RelatedActivityID=""/>
		<Execution ProcessID="532" ThreadID="580"/>
		<Channel>Security</Channel>
		<Computer>WIN-03DLIIOFRRA</Computer>
		<Security UserID=""/>
	</System>
	<EventData>
		<Data Name="SubjectUserSid">S-1-0-0</Data>
		<Data Name="SubjectUserName">-</Data>
		<Data Name="SubjectDomainName">-</Data>
		<Data Name="SubjectLogonId">0x0000000000000000</Data>
		<Data Name="TargetUserSid">S-1-5-7</Data>
		<Data Name="TargetUserName">ANONYMOUS LOGON</Data>
		<Data Name="TargetDomainName">NT AUTHORITY</Data>
		<Data Name="TargetLogonId">0x000000000002648d</Data>
		<Data Name="LogonType">3</Data>
		<Data Name="LogonProcessName">NtLmSsp </Data>
		<Data Name="AuthenticationPackageName">NTLM</Data>
		<Data Name="WorkstationName"/>
		<Data Name="LogonGuid">{00000000-0000-0000-0000-000000000000}</Data>
		<Data Name="TransmittedServices">-</Data>
		<Data Name="LmPackageName">NTLM V1</Data>
		<Data Name="KeyLength">0</Data>
		<Data Name="ProcessId">0x0000000000000000</Data>
		<Data Name="ProcessName">-</Data>
		<Data Name="IpAddress">-</Data>
		<Data Name="IpPort">-</Data>
	</EventData>
</Event>

<Event xmlns="http://schemas.microsoft.com/win/2004/08/events/event">
	<System>
		<Provider Name="Microsoft-Windows-Security-Auditing" Guid="{54849625-5478-4994-a5ba-3e3b0328c30d}"/>
		<EventID Qualifiers="">4624</EventID>
		<Version>0</Version>
		<Level>0</Level>
		<Task>12544</Task>
		<Opcode>0</Opcode>
		<Keywords>0x8020000000000000</Keywords>
		<TimeCreated SystemTime="2016-07-23 20:43:38.757629"/>
		<EventRecordID>1503</EventRecordID>
		<Correlation ActivityID="" RelatedActivityID=""/>
		<Execution ProcessID="532" ThreadID="604"/>
		<Channel>Security</Channel>
		<Computer>WIN-03DLIIOFRRA</Computer>
		<Security UserID=""/>
	</System>
	<EventData>
		<Data Name="SubjectUserSid">S-1-5-18</Data>
		<Data Name="SubjectUserName">WIN-03DLIIOFRRA$</Data>
		<Data Name="SubjectDomainName">WORKGROUP</Data>
		<Data Name="SubjectLogonId">0x00000000000003e7</Data>
		<Data Name="TargetUserSid">S-1-5-18</Data>
		<Data Name="TargetUserName">SYSTEM</Data>
		<Data Name="TargetDomainName">NT AUTHORITY</Data>
		<Data Name="TargetLogonId">0x00000000000003e7</Data>
		<Data Name="LogonType">5</Data>
		<Data Name="LogonProcessName">Advapi  </Data>
		<Data Name="AuthenticationPackageName">Negotiate</Data>
		<Data Name="WorkstationName"/>
		<Data Name="LogonGuid">{00000000-0000-0000-0000-000000000000}</Data>
		<Data Name="TransmittedServices">-</Data>
		<Data Name="LmPackageName">-</Data>
		<Data Name="KeyLength">0</Data>
		<Data Name="ProcessId">0x00000000000001dc</Data>
		<Data Name="ProcessName">C:\Windows\System32\services.exe</Data>
		<Data Name="IpAddress">-</Data>
		<Data Name="IpPort">-</Data>
	</EventData>
</Event>

<Event xmlns="http://schemas.microsoft.com/win/2004/08/events/event">
	<System>
		<Provider Name="Microsoft-Windows-Security-Auditing" Guid="{54849625-5478-4994-a5ba-3e3b0328c30d}"/>
		<EventID Qualifiers="">4624</EventID>
		<Version>0</Version>
		<Level>0</Level>
		<Task>12544</Task>
		<Opcode>0</Opcode>
		<Keywords>0x8020000000000000</Keywords>
		<TimeCreated SystemTime="2016-07-23 20:43:41.269634"/>
		<EventRecordID>1505</EventRecordID>
		<Correlation ActivityID="" RelatedActivityID=""/>
		<Execution ProcessID="532" ThreadID="568"/>
		<Channel>Security</Channel>
		<Computer>WIN-03DLIIOFRRA</Computer>
		<Security UserID=""/>
	</System>
	<EventData>
		<Data Name="SubjectUserSid">S-1-5-18</Data>
		<Data Name="SubjectUserName">WIN-03DLIIOFRRA$</Data>
		<Data Name="SubjectDomainName">WORKGROUP</Data>
		<Data Name="SubjectLogonId">0x00000000000003e7</Data>
		<Data Name="TargetUserSid">S-1-5-18</Data>
		<Data Name="TargetUserName">SYSTEM</Data>
		<Data Name="TargetDomainName">NT AUTHORITY</Data>
		<Data Name="TargetLogonId">0x00000000000003e7</Data>
		<Data Name="LogonType">5</Data>
		<Data Name="LogonProcessName">Advapi  </Data>
		<Data Name="AuthenticationPackageName">Negotiate</Data>
		<Data Name="WorkstationName"/>
		<Data Name="LogonGuid">{00000000-0000-0000-0000-000000000000}</Data>
		<Data Name="TransmittedServices">-</Data>
		<Data Name="LmPackageName">-</Data>
		<Data Name="KeyLength">0</Data>
		<Data Name="ProcessId">0x00000000000001dc</Data>
		<Data Name="ProcessName">C:\Windows\System32\services.exe</Data>
		<Data Name="IpAddress">-</Data>
		<Data Name="IpPort">-</Data>
	</EventData>
</Event>

<Event xmlns="http://schemas.microsoft.com/win/2004/08/events/event">
	<System>
		<Provider Name="Microsoft-Windows-Security-Auditing" Guid="{54849625-5478-4994-a5ba-3e3b0328c30d}"/>
		<EventID Qualifiers="">4648</EventID>
		<Version>0</Version>
		<Level>0</Level>
		<Task>12544</Task>
		<Opcode>0</Opcode>
		<Keywords>0x8020000000000000</Keywords>
		<TimeCreated SystemTime="2016-07-23 20:44:33.080126"/>
		<EventRecordID>1507</EventRecordID>
		<Correlation ActivityID="" RelatedActivityID=""/>
		<Execution ProcessID="532" ThreadID="568"/>
		<Channel>Security</Channel>
		<Computer>WIN-03DLIIOFRRA</Computer>
		<Security UserID=""/>
	</System>
	<EventData>
		<Data Name="SubjectUserSid">S-1-5-18</Data>
		<Data Name="SubjectUserName">WIN-03DLIIOFRRA$</Data>
		<Data Name="SubjectDomainName">WORKGROUP</Data>
		<Data Name="SubjectLogonId">0x00000000000003e7</Data>
		<Data Name="LogonGuid">{00000000-0000-0000-0000-000000000000}</Data>
		<Data Name="TargetUserName">fsir</Data>
		<Data Name="TargetDomainName">WIN-03DLIIOFRRA</Data>
		<Data Name="TargetLogonGuid">{00000000-0000-0000-0000-000000000000}</Data>
		<Data Name="TargetServerName">localhost</Data>
		<Data Name="TargetInfo">localhost</Data>
		<Data Name="ProcessId">0x00000000000001f8</Data>
		<Data Name="ProcessName">C:\Windows\System32\winlogon.exe</Data>
		<Data Name="IpAddress">127.0.0.1</Data>
		<Data Name="IpPort">0</Data>
	</EventData>
</Event>

<Event xmlns="http://schemas.microsoft.com/win/2004/08/events/event">
	<System>
		<Provider Name="Microsoft-Windows-Security-Auditing" Guid="{54849625-5478-4994-a5ba-3e3b0328c30d}"/>
		<EventID Qualifiers="">4624</EventID>
		<Version>0</Version>
		<Level>0</Level>
		<Task>12544</Task>
		<Opcode>0</Opcode>
		<Keywords>0x8020000000000000</Keywords>
		<TimeCreated SystemTime="2016-07-23 20:44:33.080126"/>
		<EventRecordID>1508</EventRecordID>
		<Correlation ActivityID="" RelatedActivityID=""/>
		<Execution ProcessID="532" ThreadID="568"/>
		<Channel>Security</Channel>
		<Computer>WIN-03DLIIOFRRA</Computer>
		<Security UserID=""/>
	</System>
	<EventData>
		<Data Name="SubjectUserSid">S-1-5-18</Data>
		<Data Name="SubjectUserName">WIN-03DLIIOFRRA$</Data>
		<Data Name="SubjectDomainName">WORKGROUP</Data>
		<Data Name="SubjectLogonId">0x00000000000003e7</Data>
		<Data Name="TargetUserSid">S-1-5-21-2603537626-3982775912-406486804-1000</Data>
		<Data Name="TargetUserName">fsir</Data>
		<Data Name="TargetDomainName">WIN-03DLIIOFRRA</Data>
		<Data Name="TargetLogonId">0x00000000000741d0</Data>
		<Data Name="LogonType">2</Data>
		<Data Name="LogonProcessName">User32 </Data>
		<Data Name="AuthenticationPackageName">Negotiate</Data>
		<Data Name="WorkstationName">WIN-03DLIIOFRRA</Data>
		<Data Name="LogonGuid">{00000000-0000-0000-0000-000000000000}</Data>
		<Data Name="TransmittedServices">-</Data>
		<Data Name="LmPackageName">-</Data>
		<Data Name="KeyLength">0</Data>
		<Data Name="ProcessId">0x00000000000001f8</Data>
		<Data Name="ProcessName">C:\Windows\System32\winlogon.exe</Data>
		<Data Name="IpAddress">127.0.0.1</Data>
		<Data Name="IpPort">0</Data>
	</EventData>
</Event>

<Event xmlns="http://schemas.microsoft.com/win/2004/08/events/event">
	<System>
		<Provider Name="Microsoft-Windows-Security-Auditing" Guid="{54849625-5478-4994-a5ba-3e3b0328c30d}"/>
		<EventID Qualifiers="">4624</EventID>
		<Version>0</Version>
		<Level>0</Level>
		<Task>12544</Task>
		<Opcode>0</Opcode>
		<Keywords>0x8020000000000000</Keywords>
		<TimeCreated SystemTime="2016-07-23 20:44:33.080126"/>
		<EventRecordID>1509</EventRecordID>
		<Correlation ActivityID="" RelatedActivityID=""/>
		<Execution ProcessID="532" ThreadID="568"/>
		<Channel>Security</Channel>
		<Computer>WIN-03DLIIOFRRA</Computer>
		<Security UserID=""/>
	</System>
	<EventData>
		<Data Name="SubjectUserSid">S-1-5-18</Data>
		<Data Name="SubjectUserName">WIN-03DLIIOFRRA$</Data>
		<Data Name="SubjectDomainName">WORKGROUP</Data>
		<Data Name="SubjectLogonId">0x00000000000003e7</Data>
		<Data Name="TargetUserSid">S-1-5-21-2603537626-3982775912-406486804-1000</Data>
		<Data Name="TargetUserName">fsir</Data>
		<Data Name="TargetDomainName">WIN-03DLIIOFRRA</Data>
		<Data Name="TargetLogonId">0x0000000000074206</Data>
		<Data Name="LogonType">2</Data>
		<Data Name="LogonProcessName">User32 </Data>
		<Data Name="AuthenticationPackageName">Negotiate</Data>
		<Data Name="WorkstationName">WIN-03DLIIOFRRA</Data>
		<Data Name="LogonGuid">{00000000-0000-0000-0000-000000000000}</Data>
		<Data Name="TransmittedServices">-</Data>
		<Data Name="LmPackageName">-</Data>
		<Data Name="KeyLength">0</Data>
		<Data Name="ProcessId">0x00000000000001f8</Data>
		<Data Name="ProcessName">C:\Windows\System32\winlogon.exe</Data>
		<Data Name="IpAddress">127.0.0.1</Data>
		<Data Name="IpPort">0</Data>
	</EventData>
</Event>

<Event xmlns="http://schemas.microsoft.com/win/2004/08/events/event">
	<System>
		<Provider Name="Microsoft-Windows-Security-Auditing" Guid="{54849625-5478-4994-a5ba-3e3b0328c30d}"/>
		<EventID Qualifiers="">4624</EventID>
		<Version>0</Version>
		<Level>0</Level>
		<Task>12544</Task>
		<Opcode>0</Opcode>
		<Keywords>0x8020000000000000</Keywords>
		<TimeCreated SystemTime="2016-07-23 20:44:44.257746"/>
		<EventRecordID>1511</EventRecordID>
		<Correlation ActivityID="" RelatedActivityID=""/>
		<Execution ProcessID="532" ThreadID="600"/>
		<Channel>Security</Channel>
		<Computer>WIN-03DLIIOFRRA</Computer>
		<Security UserID=""/>
	</System>
	<EventData>
		<Data Name="SubjectUserSid">S-1-5-18</Data>
		<Data Name="SubjectUserName">WIN-03DLIIOFRRA$</Data>
		<Data Name="SubjectDomainName">WORKGROUP</Data>
		<Data Name="SubjectLogonId">0x00000000000003e7</Data>
		<Data Name="TargetUserSid">S-1-5-18</Data>
		<Data Name="TargetUserName">SYSTEM</Data>
		<Data Name="TargetDomainName">NT AUTHORITY</Data>
		<Data Name="TargetLogonId">0x00000000000003e7</Data>
		<Data Name="LogonType">5</Data>
		<Data Name="LogonProcessName">Advapi  </Data>
		<Data Name="AuthenticationPackageName">Negotiate</Data>
		<Data Name="WorkstationName"/>
		<Data Name="LogonGuid">{00000000-0000-0000-0000-000000000000}</Data>
		<Data Name="TransmittedServices">-</Data>
		<Data Name="LmPackageName">-</Data>
		<Data Name="KeyLength">0</Data>
		<Data Name="ProcessId">0x00000000000001dc</Data>
		<Data Name="ProcessName">C:\Windows\System32\services.exe</Data>
		<Data Name="IpAddress">-</Data>
		<Data Name="IpPort">-</Data>
	</EventData>
</Event>

<Event xmlns="http://schemas.microsoft.com/win/2004/08/events/event">
	<System>
		<Provider Name="Microsoft-Windows-Security-Auditing" Guid="{54849625-5478-4994-a5ba-3e3b0328c30d}"/>
		<EventID Qualifiers="">4624</EventID>
		<Version>0</Version>
		<Level>0</Level>
		<Task>12544</Task>
		<Opcode>0</Opcode>
		<Keywords>0x8020000000000000</Keywords>
		<TimeCreated SystemTime="2016-07-23 20:48:55.979624"/>
		<EventRecordID>1513</EventRecordID>
		<Correlation ActivityID="" RelatedActivityID=""/>
		<Execution ProcessID="532" ThreadID="2004"/>
		<Channel>Security</Channel>
		<Computer>WIN-03DLIIOFRRA</Computer>
		<Security UserID=""/>
	</System>
	<EventData>
		<Data Name="SubjectUserSid">S-1-5-18</Data>
		<Data Name="SubjectUserName">WIN-03DLIIOFRRA$</Data>
		<Data Name="SubjectDomainName">WORKGROUP</Data>
		<Data Name="SubjectLogonId">0x00000000000003e7</Data>
		<Data Name="TargetUserSid">S-1-5-18</Data>
		<Data Name="TargetUserName">SYSTEM</Data>
		<Data Name="TargetDomainName">NT AUTHORITY</Data>
		<Data Name="TargetLogonId">0x00000000000003e7</Data>
		<Data Name="LogonType">5</Data>
		<Data Name="LogonProcessName">Advapi  </Data>
		<Data Name="AuthenticationPackageName">Negotiate</Data>
		<Data Name="WorkstationName"/>
		<Data Name="LogonGuid">{00000000-0000-0000-0000-000000000000}</Data>
		<Data Name="TransmittedServices">-</Data>
		<Data Name="LmPackageName">-</Data>
		<Data Name="KeyLength">0</Data>
		<Data Name="ProcessId">0x00000000000001dc</Data>
		<Data Name="ProcessName">C:\Windows\System32\services.exe</Data>
		<Data Name="IpAddress">-</Data>
		<Data Name="IpPort">-</Data>
	</EventData>
</Event>

<Event xmlns="http://schemas.microsoft.com/win/2004/08/events/event">
	<System>
		<Provider Name="Microsoft-Windows-Security-Auditing" Guid="{54849625-5478-4994-a5ba-3e3b0328c30d}"/>
		<EventID Qualifiers="">4624</EventID>
		<Version>0</Version>
		<Level>0</Level>
		<Task>12544</Task>
		<Opcode>0</Opcode>
		<Keywords>0x8020000000000000</Keywords>
		<TimeCreated SystemTime="2016-07-23 20:49:01.392834"/>
		<EventRecordID>1515</EventRecordID>
		<Correlation ActivityID="" RelatedActivityID=""/>
		<Execution ProcessID="532" ThreadID="3596"/>
		<Channel>Security</Channel>
		<Computer>WIN-03DLIIOFRRA</Computer>
		<Security UserID=""/>
	</System>
	<EventData>
		<Data Name="SubjectUserSid">S-1-5-18</Data>
		<Data Name="SubjectUserName">WIN-03DLIIOFRRA$</Data>
		<Data Name="SubjectDomainName">WORKGROUP</Data>
		<Data Name="SubjectLogonId">0x00000000000003e7</Data>
		<Data Name="TargetUserSid">S-1-5-18</Data>
		<Data Name="TargetUserName">SYSTEM</Data>
		<Data Name="TargetDomainName">NT AUTHORITY</Data>
		<Data Name="TargetLogonId">0x00000000000003e7</Data>
		<Data Name="LogonType">5</Data>
		<Data Name="LogonProcessName">Advapi  </Data>
		<Data Name="AuthenticationPackageName">Negotiate</Data>
		<Data Name="WorkstationName"/>
		<Data Name="LogonGuid">{00000000-0000-0000-0000-000000000000}</Data>
		<Data Name="TransmittedServices">-</Data>
		<Data Name="LmPackageName">-</Data>
		<Data Name="KeyLength">0</Data>
		<Data Name="ProcessId">0x00000000000001dc</Data>
		<Data Name="ProcessName">C:\Windows\System32\services.exe</Data>
		<Data Name="IpAddress">-</Data>
		<Data Name="IpPort">-</Data>
	</EventData>
</Event>

<Event xmlns="http://schemas.microsoft.com/win/2004/08/events/event">
	<System>
		<Provider Name="Microsoft-Windows-Security-Auditing" Guid="{54849625-5478-4994-a5ba-3e3b0328c30d}"/>
		<EventID Qualifiers="">4624</EventID>
		<Version>0</Version>
		<Level>0</Level>
		<Task>12544</Task>
		<Opcode>0</Opcode>
		<Keywords>0x8020000000000000</Keywords>
		<TimeCreated SystemTime="2016-07-23 20:49:01.439632"/>
		<EventRecordID>1517</EventRecordID>
		<Correlation ActivityID="" RelatedActivityID=""/>
		<Execution ProcessID="532" ThreadID="3596"/>
		<Channel>Security</Channel>
		<Computer>WIN-03DLIIOFRRA</Computer>
		<Security UserID=""/>
	</System>
	<EventData>
		<Data Name="SubjectUserSid">S-1-5-18</Data>
		<Data Name="SubjectUserName">WIN-03DLIIOFRRA$</Data>
		<Data Name="SubjectDomainName">WORKGROUP</Data>
		<Data Name="SubjectLogonId">0x00000000000003e7</Data>
		<Data Name="TargetUserSid">S-1-5-18</Data>
		<Data Name="TargetUserName">SYSTEM</Data>
		<Data Name="TargetDomainName">NT AUTHORITY</Data>
		<Data Name="TargetLogonId">0x00000000000003e7</Data>
		<Data Name="LogonType">5</Data>
		<Data Name="LogonProcessName">Advapi  </Data>
		<Data Name="AuthenticationPackageName">Negotiate</Data>
		<Data Name="WorkstationName"/>
		<Data Name="LogonGuid">{00000000-0000-0000-0000-000000000000}</Data>
		<Data Name="TransmittedServices">-</Data>
		<Data Name="LmPackageName">-</Data>
		<Data Name="KeyLength">0</Data>
		<Data Name="ProcessId">0x00000000000001dc</Data>
		<Data Name="ProcessName">C:\Windows\System32\services.exe</Data>
		<Data Name="IpAddress">-</Data>
		<Data Name="IpPort">-</Data>
	</EventData>
</Event>

<Event xmlns="http://schemas.microsoft.com/win/2004/08/events/event">
	<System>
		<Provider Name="Microsoft-Windows-Security-Auditing" Guid="{54849625-5478-4994-a5ba-3e3b0328c30d}"/>
		<EventID Qualifiers="">4624</EventID>
		<Version>0</Version>
		<Level>0</Level>
		<Task>12544</Task>
		<Opcode>0</Opcode>
		<Keywords>0x8020000000000000</Keywords>
		<TimeCreated SystemTime="2016-07-23 21:47:57.572823"/>
		<EventRecordID>1524</EventRecordID>
		<Correlation ActivityID="" RelatedActivityID=""/>
		<Execution ProcessID="536" ThreadID="540"/>
		<Channel>Security</Channel>
		<Computer>WIN-03DLIIOFRRA</Computer>
		<Security UserID=""/>
	</System>
	<EventData>
		<Data Name="SubjectUserSid">S-1-0-0</Data>
		<Data Name="SubjectUserName">-</Data>
		<Data Name="SubjectDomainName">-</Data>
		<Data Name="SubjectLogonId">0x0000000000000000</Data>
		<Data Name="TargetUserSid">S-1-5-18</Data>
		<Data Name="TargetUserName">SYSTEM</Data>
		<Data Name="TargetDomainName">NT AUTHORITY</Data>
		<Data Name="TargetLogonId">0x00000000000003e7</Data>
		<Data Name="LogonType">0</Data>
		<Data Name="LogonProcessName">-</Data>
		<Data Name="AuthenticationPackageName">-</Data>
		<Data Name="WorkstationName">-</Data>
		<Data Name="LogonGuid">{00000000-0000-0000-0000-000000000000}</Data>
		<Data Name="TransmittedServices">-</Data>
		<Data Name="LmPackageName">-</Data>
		<Data Name="KeyLength">0</Data>
		<Data Name="ProcessId">0x0000000000000004</Data>
		<Data Name="ProcessName"/>
		<Data Name="IpAddress">-</Data>
		<Data Name="IpPort">-</Data>
	</EventData>
</Event>

<Event xmlns="http://schemas.microsoft.com/win/2004/08/events/event">
	<System>
		<Provider Name="Microsoft-Windows-Security-Auditing" Guid="{54849625-5478-4994-a5ba-3e3b0328c30d}"/>
		<EventID Qualifiers="">4624</EventID>
		<Version>0</Version>
		<Level>0</Level>
		<Task>12544</Task>
		<Opcode>0</Opcode>
		<Keywords>0x8020000000000000</Keywords>
		<TimeCreated SystemTime="2016-07-23 21:47:58.976826"/>
		<EventRecordID>1526</EventRecordID>
		<Correlation ActivityID="" RelatedActivityID=""/>
		<Execution ProcessID="536" ThreadID="588"/>
		<Channel>Security</Channel>
		<Computer>WIN-03DLIIOFRRA</Computer>
		<Security UserID=""/>
	</System>
	<EventData>
		<Data Name="SubjectUserSid">S-1-5-18</Data>
		<Data Name="SubjectUserName">WIN-03DLIIOFRRA$</Data>
		<Data Name="SubjectDomainName">WORKGROUP</Data>
		<Data Name="SubjectLogonId">0x00000000000003e7</Data>
		<Data Name="TargetUserSid">S-1-5-18</Data>
		<Data Name="TargetUserName">SYSTEM</Data>
		<Data Name="TargetDomainName">NT AUTHORITY</Data>
		<Data Name="TargetLogonId">0x00000000000003e7</Data>
		<Data Name="LogonType">5</Data>
		<Data Name="LogonProcessName">Advapi  </Data>
		<Data Name="AuthenticationPackageName">Negotiate</Data>
		<Data Name="WorkstationName"/>
		<Data Name="LogonGuid">{00000000-0000-0000-0000-000000000000}</Data>
		<Data Name="TransmittedServices">-</Data>
		<Data Name="LmPackageName">-</Data>
		<Data Name="KeyLength">0</Data>
		<Data Name="ProcessId">0x00000000000001f8</Data>
		<Data Name="ProcessName">C:\Windows\System32\services.exe</Data>
		<Data Name="IpAddress">-</Data>
		<Data Name="IpPort">-</Data>
	</EventData>
</Event>

<Event xmlns="http://schemas.microsoft.com/win/2004/08/events/event">
	<System>
		<Provider Name="Microsoft-Windows-Security-Auditing" Guid="{54849625-5478-4994-a5ba-3e3b0328c30d}"/>
		<EventID Qualifiers="">4624</EventID>
		<Version>0</Version>
		<Level>0</Level>
		<Task>12544</Task>
		<Opcode>0</Opcode>
		<Keywords>0x8020000000000000</Keywords>
		<TimeCreated SystemTime="2016-07-23 21:47:59.117226"/>
		<EventRecordID>1528</EventRecordID>
		<Correlation ActivityID="" RelatedActivityID=""/>
		<Execution ProcessID="536" ThreadID="588"/>
		<Channel>Security</Channel>
		<Computer>WIN-03DLIIOFRRA</Computer>
		<Security UserID=""/>
	</System>
	<EventData>
		<Data Name="SubjectUserSid">S-1-5-18</Data>
		<Data Name="SubjectUserName">WIN-03DLIIOFRRA$</Data>
		<Data Name="SubjectDomainName">WORKGROUP</Data>
		<Data Name="SubjectLogonId">0x00000000000003e7</Data>
		<Data Name="TargetUserSid">S-1-5-20</Data>
		<Data Name="TargetUserName">NETWORK SERVICE</Data>
		<Data Name="TargetDomainName">NT AUTHORITY</Data>
		<Data Name="TargetLogonId">0x00000000000003e4</Data>
		<Data Name="LogonType">5</Data>
		<Data Name="LogonProcessName">Advapi  </Data>
		<Data Name="AuthenticationPackageName">Negotiate</Data>
		<Data Name="WorkstationName"/>
		<Data Name="LogonGuid">{00000000-0000-0000-0000-000000000000}</Data>
		<Data Name="TransmittedServices">-</Data>
		<Data Name="LmPackageName">-</Data>
		<Data Name="KeyLength">0</Data>
		<Data Name="ProcessId">0x00000000000001f8</Data>
		<Data Name="ProcessName">C:\Windows\System32\services.exe</Data>
		<Data Name="IpAddress">-</Data>
		<Data Name="IpPort">-</Data>
	</EventData>
</Event>

<Event xmlns="http://schemas.microsoft.com/win/2004/08/events/event">
	<System>
		<Provider Name="Microsoft-Windows-Security-Auditing" Guid="{54849625-5478-4994-a5ba-3e3b0328c30d}"/>
		<EventID Qualifiers="">4624</EventID>
		<Version>0</Version>
		<Level>0</Level>
		<Task>12544</Task>
		<Opcode>0</Opcode>
		<Keywords>0x8020000000000000</Keywords>
		<TimeCreated SystemTime="2016-07-23 21:47:59.164024"/>
		<EventRecordID>1530</EventRecordID>
		<Correlation ActivityID="" RelatedActivityID=""/>
		<Execution ProcessID="536" ThreadID="608"/>
		<Channel>Security</Channel>
		<Computer>WIN-03DLIIOFRRA</Computer>
		<Security UserID=""/>
	</System>
	<EventData>
		<Data Name="SubjectUserSid">S-1-5-18</Data>
		<Data Name="SubjectUserName">WIN-03DLIIOFRRA$</Data>
		<Data Name="SubjectDomainName">WORKGROUP</Data>
		<Data Name="SubjectLogonId">0x00000000000003e7</Data>
		<Data Name="TargetUserSid">S-1-5-19</Data>
		<Data Name="TargetUserName">LOCAL SERVICE</Data>
		<Data Name="TargetDomainName">NT AUTHORITY</Data>
		<Data Name="TargetLogonId">0x00000000000003e5</Data>
		<Data Name="LogonType">5</Data>
		<Data Name="LogonProcessName">Advapi  </Data>
		<Data Name="AuthenticationPackageName">Negotiate</Data>
		<Data Name="WorkstationName"/>
		<Data Name="LogonGuid">{00000000-0000-0000-0000-000000000000}</Data>
		<Data Name="TransmittedServices">-</Data>
		<Data Name="LmPackageName">-</Data>
		<Data Name="KeyLength">0</Data>
		<Data Name="ProcessId">0x00000000000001f8</Data>
		<Data Name="ProcessName">C:\Windows\System32\services.exe</Data>
		<Data Name="IpAddress">-</Data>
		<Data Name="IpPort">-</Data>
	</EventData>
</Event>

<Event xmlns="http://schemas.microsoft.com/win/2004/08/events/event">
	<System>
		<Provider Name="Microsoft-Windows-Security-Auditing" Guid="{54849625-5478-4994-a5ba-3e3b0328c30d}"/>
		<EventID Qualifiers="">4624</EventID>
		<Version>0</Version>
		<Level>0</Level>
		<Task>12544</Task>
		<Opcode>0</Opcode>
		<Keywords>0x8020000000000000</Keywords>
		<TimeCreated SystemTime="2016-07-23 21:47:59.210825"/>
		<EventRecordID>1532</EventRecordID>
		<Correlation ActivityID="" RelatedActivityID=""/>
		<Execution ProcessID="536" ThreadID="588"/>
		<Channel>Security</Channel>
		<Computer>WIN-03DLIIOFRRA</Computer>
		<Security UserID=""/>
	</System>
	<EventData>
		<Data Name="SubjectUserSid">S-1-5-18</Data>
		<Data Name="SubjectUserName">WIN-03DLIIOFRRA$</Data>
		<Data Name="SubjectDomainName">WORKGROUP</Data>
		<Data Name="SubjectLogonId">0x00000000000003e7</Data>
		<Data Name="TargetUserSid">S-1-5-18</Data>
		<Data Name="TargetUserName">SYSTEM</Data>
		<Data Name="TargetDomainName">NT AUTHORITY</Data>
		<Data Name="TargetLogonId">0x00000000000003e7</Data>
		<Data Name="LogonType">5</Data>
		<Data Name="LogonProcessName">Advapi  </Data>
		<Data Name="AuthenticationPackageName">Negotiate</Data>
		<Data Name="WorkstationName"/>
		<Data Name="LogonGuid">{00000000-0000-0000-0000-000000000000}</Data>
		<Data Name="TransmittedServices">-</Data>
		<Data Name="LmPackageName">-</Data>
		<Data Name="KeyLength">0</Data>
		<Data Name="ProcessId">0x00000000000001f8</Data>
		<Data Name="ProcessName">C:\Windows\System32\services.exe</Data>
		<Data Name="IpAddress">-</Data>
		<Data Name="IpPort">-</Data>
	</EventData>
</Event>

<Event xmlns="http://schemas.microsoft.com/win/2004/08/events/event">
	<System>
		<Provider Name="Microsoft-Windows-Security-Auditing" Guid="{54849625-5478-4994-a5ba-3e3b0328c30d}"/>
		<EventID Qualifiers="">4624</EventID>
		<Version>0</Version>
		<Level>0</Level>
		<Task>12544</Task>
		<Opcode>0</Opcode>
		<Keywords>0x8020000000000000</Keywords>
		<TimeCreated SystemTime="2016-07-23 21:47:59.226425"/>
		<EventRecordID>1534</EventRecordID>
		<Correlation ActivityID="" RelatedActivityID=""/>
		<Execution ProcessID="536" ThreadID="588"/>
		<Channel>Security</Channel>
		<Computer>WIN-03DLIIOFRRA</Computer>
		<Security UserID=""/>
	</System>
	<EventData>
		<Data Name="SubjectUserSid">S-1-5-18</Data>
		<Data Name="SubjectUserName">WIN-03DLIIOFRRA$</Data>
		<Data Name="SubjectDomainName">WORKGROUP</Data>
		<Data Name="SubjectLogonId">0x00000000000003e7</Data>
		<Data Name="TargetUserSid">S-1-5-18</Data>
		<Data Name="TargetUserName">SYSTEM</Data>
		<Data Name="TargetDomainName">NT AUTHORITY</Data>
		<Data Name="TargetLogonId">0x00000000000003e7</Data>
		<Data Name="LogonType">5</Data>
		<Data Name="LogonProcessName">Advapi  </Data>
		<Data Name="AuthenticationPackageName">Negotiate</Data>
		<Data Name="WorkstationName"/>
		<Data Name="LogonGuid">{00000000-0000-0000-0000-000000000000}</Data>
		<Data Name="TransmittedServices">-</Data>
		<Data Name="LmPackageName">-</Data>
		<Data Name="KeyLength">0</Data>
		<Data Name="ProcessId">0x00000000000001f8</Data>
		<Data Name="ProcessName">C:\Windows\System32\services.exe</Data>
		<Data Name="IpAddress">-</Data>
		<Data Name="IpPort">-</Data>
	</EventData>
</Event>

<Event xmlns="http://schemas.microsoft.com/win/2004/08/events/event">
	<System>
		<Provider Name="Microsoft-Windows-Security-Auditing" Guid="{54849625-5478-4994-a5ba-3e3b0328c30d}"/>
		<EventID Qualifiers="">4624</EventID>
		<Version>0</Version>
		<Level>0</Level>
		<Task>12544</Task>
		<Opcode>0</Opcode>
		<Keywords>0x8020000000000000</Keywords>
		<TimeCreated SystemTime="2016-07-23 21:48:01.044428"/>
		<EventRecordID>1536</EventRecordID>
		<Correlation ActivityID="" RelatedActivityID=""/>
		<Execution ProcessID="536" ThreadID="592"/>
		<Channel>Security</Channel>
		<Computer>WIN-03DLIIOFRRA</Computer>
		<Security UserID=""/>
	</System>
	<EventData>
		<Data Name="SubjectUserSid">S-1-5-18</Data>
		<Data Name="SubjectUserName">WIN-03DLIIOFRRA$</Data>
		<Data Name="SubjectDomainName">WORKGROUP</Data>
		<Data Name="SubjectLogonId">0x00000000000003e7</Data>
		<Data Name="TargetUserSid">S-1-5-18</Data>
		<Data Name="TargetUserName">SYSTEM</Data>
		<Data Name="TargetDomainName">NT AUTHORITY</Data>
		<Data Name="TargetLogonId">0x00000000000003e7</Data>
		<Data Name="LogonType">5</Data>
		<Data Name="LogonProcessName">Advapi  </Data>
		<Data Name="AuthenticationPackageName">Negotiate</Data>
		<Data Name="WorkstationName"/>
		<Data Name="LogonGuid">{00000000-0000-0000-0000-000000000000}</Data>
		<Data Name="TransmittedServices">-</Data>
		<Data Name="LmPackageName">-</Data>
		<Data Name="KeyLength">0</Data>
		<Data Name="ProcessId">0x00000000000001f8</Data>
		<Data Name="ProcessName">C:\Windows\System32\services.exe</Data>
		<Data Name="IpAddress">-</Data>
		<Data Name="IpPort">-</Data>
	</EventData>
</Event>

<Event xmlns="http://schemas.microsoft.com/win/2004/08/events/event">
	<System>
		<Provider Name="Microsoft-Windows-Security-Auditing" Guid="{54849625-5478-4994-a5ba-3e3b0328c30d}"/>
		<EventID Qualifiers="">4624</EventID>
		<Version>0</Version>
		<Level>0</Level>
		<Task>12544</Task>
		<Opcode>0</Opcode>
		<Keywords>0x8020000000000000</Keywords>
		<TimeCreated SystemTime="2016-07-23 21:48:01.524429"/>
		<EventRecordID>1538</EventRecordID>
		<Correlation ActivityID="" RelatedActivityID=""/>
		<Execution ProcessID="536" ThreadID="592"/>
		<Channel>Security</Channel>
		<Computer>WIN-03DLIIOFRRA</Computer>
		<Security UserID=""/>
	</System>
	<EventData>
		<Data Name="SubjectUserSid">S-1-0-0</Data>
		<Data Name="SubjectUserName">-</Data>
		<Data Name="SubjectDomainName">-</Data>
		<Data Name="SubjectLogonId">0x0000000000000000</Data>
		<Data Name="TargetUserSid">S-1-5-7</Data>
		<Data Name="TargetUserName">ANONYMOUS LOGON</Data>
		<Data Name="TargetDomainName">NT AUTHORITY</Data>
		<Data Name="TargetLogonId">0x000000000002644a</Data>
		<Data Name="LogonType">3</Data>
		<Data Name="LogonProcessName">NtLmSsp </Data>
		<Data Name="AuthenticationPackageName">NTLM</Data>
		<Data Name="WorkstationName"/>
		<Data Name="LogonGuid">{00000000-0000-0000-0000-000000000000}</Data>
		<Data Name="TransmittedServices">-</Data>
		<Data Name="LmPackageName">NTLM V1</Data>
		<Data Name="KeyLength">0</Data>
		<Data Name="ProcessId">0x0000000000000000</Data>
		<Data Name="ProcessName">-</Data>
		<Data Name="IpAddress">-</Data>
		<Data Name="IpPort">-</Data>
	</EventData>
</Event>

