<Event xmlns="http://schemas.microsoft.com/win/2004/08/events/event">
	<System>
		<Provider Name="Microsoft-Windows-Security-Auditing" Guid="{54849625-5478-4994-a5ba-3e3b0328c30d}"/>
		<EventID Qualifiers="">4624</EventID>
		<Version>0</Version>
		<Level>0</Level>
		<Task>12544</Task>
		<Opcode>0</Opcode>
		<Keywords>0x8020000000000000</Keywords>
		<TimeCreated SystemTime="2016-07-23 21:48:01.754429"/>
		<EventRecordID>1539</EventRecordID>
		<Correlation ActivityID="" RelatedActivityID=""/>
		<Execution ProcessID="536" ThreadID="588"/>
		<Channel>Security</Channel>
		<Computer>WIN-03DLIIOFRRA</Computer>
		<Security UserID=""/>
	</System>
	<EventData>
		<Data Name="SubjectUserSid">S-1-5-18</Data>
		<Data Name="SubjectUserName">WIN-03DLIIOFRRA$</Data>
		<Data Name="SubjectDomainName">WORKGROUP</Data>
		<Data Name="SubjectLogonId">0x00000000000003e7</Data>
		<Data Name="TargetUserSid">S-1-5-18</Data>
		<Data Name="TargetUserName">SYSTEM</Data>
		<Data Name="TargetDomainName">NT AUTHORITY</Data>
		<Data Name="TargetLogonId">0x00000000000003e7</Data>
		<Data Name="LogonType">5</Data>
		<Data Name="LogonProcessName">Advapi  </Data>
		<Data Name="AuthenticationPackageName">Negotiate</Data>
		<Data Name="WorkstationName"/>
		<Data Name="LogonGuid">{00000000-0000-0000-0000-000000000000}</Data>
		<Data Name="TransmittedServices">-</Data>
		<Data Name="LmPackageName">-</Data>
		<Data Name="KeyLength">0</Data>
		<Data Name="ProcessId">0x00000000000001f8</Data>
		<Data Name="ProcessName">C:\Windows\System32\services.exe</Data>
		<Data Name="IpAddress">-</Data>
		<Data Name="IpPort">-</Data>
	</EventData>
</Event>

<Event xmlns="http://schemas.microsoft.com/win/2004/08/events/event">
	<System>
		<Provider Name="Microsoft-Windows-Security-Auditing" Guid="{54849625-5478-4994-a5ba-3e3b0328c30d}"/>
		<EventID Qualifiers="">4624</EventID>
		<Version>0</Version>
		<Level>0</Level>
		<Task>12544</Task>
		<Opcode>0</Opcode>
		<Keywords>0x8020000000000000</Keywords>
		<TimeCreated SystemTime="2016-07-23 21:48:03.296434"/>
		<EventRecordID>1541</EventRecordID>
		<Correlation ActivityID="" RelatedActivityID=""/>
		<Execution ProcessID="536" ThreadID="592"/>
		<Channel>Security</Channel>
		<Computer>WIN-03DLIIOFRRA</Computer>
		<Security UserID=""/>
	</System>
	<EventData>
		<Data Name="SubjectUserSid">S-1-5-18</Data>
		<Data Name="SubjectUserName">WIN-03DLIIOFRRA$</Data>
		<Data Name="SubjectDomainName">WORKGROUP</Data>
		<Data Name="SubjectLogonId">0x00000000000003e7</Data>
		<Data Name="TargetUserSid">S-1-5-18</Data>
		<Data Name="TargetUserName">SYSTEM</Data>
		<Data Name="TargetDomainName">NT AUTHORITY</Data>
		<Data Name="TargetLogonId">0x00000000000003e7</Data>
		<Data Name="LogonType">5</Data>
		<Data Name="LogonProcessName">Advapi  </Data>
		<Data Name="AuthenticationPackageName">Negotiate</Data>
		<Data Name="WorkstationName"/>
		<Data Name="LogonGuid">{00000000-0000-0000-0000-000000000000}</Data>
		<Data Name="TransmittedServices">-</Data>
		<Data Name="LmPackageName">-</Data>
		<Data Name="KeyLength">0</Data>
		<Data Name="ProcessId">0x00000000000001f8</Data>
		<Data Name="ProcessName">C:\Windows\System32\services.exe</Data>
		<Data Name="IpAddress">-</Data>
		<Data Name="IpPort">-</Data>
	</EventData>
</Event>

<Event xmlns="http://schemas.microsoft.com/win/2004/08/events/event">
	<System>
		<Provider Name="Microsoft-Windows-Security-Auditing" Guid="{54849625-5478-4994-a5ba-3e3b0328c30d}"/>
		<EventID Qualifiers="">4648</EventID>
		<Version>0</Version>
		<Level>0</Level>
		<Task>12544</Task>
		<Opcode>0</Opcode>
		<Keywords>0x8020000000000000</Keywords>
		<TimeCreated SystemTime="2016-07-23 21:48:20.961267"/>
		<EventRecordID>1543</EventRecordID>
		<Correlation ActivityID="" RelatedActivityID=""/>
		<Execution ProcessID="536" ThreadID="576"/>
		<Channel>Security</Channel>
		<Computer>WIN-03DLIIOFRRA</Computer>
		<Security UserID=""/>
	</System>
	<EventData>
		<Data Name="SubjectUserSid">S-1-5-18</Data>
		<Data Name="SubjectUserName">WIN-03DLIIOFRRA$</Data>
		<Data Name="SubjectDomainName">WORKGROUP</Data>
		<Data Name="SubjectLogonId">0x00000000000003e7</Data>
		<Data Name="LogonGuid">{00000000-0000-0000-0000-000000000000}</Data>
		<Data Name="TargetUserName">fsir</Data>
		<Data Name="TargetDomainName">WIN-03DLIIOFRRA</Data>
		<Data Name="TargetLogonGuid">{00000000-0000-0000-0000-000000000000}</Data>
		<Data Name="TargetServerName">localhost</Data>
		<Data Name="TargetInfo">localhost</Data>
		<Data Name="ProcessId">0x00000000000001f0</Data>
		<Data Name="ProcessName">C:\Windows\System32\winlogon.exe</Data>
		<Data Name="IpAddress">127.0.0.1</Data>
		<Data Name="IpPort">0</Data>
	</EventData>
</Event>

<Event xmlns="http://schemas.microsoft.com/win/2004/08/events/event">
	<System>
		<Provider Name="Microsoft-Windows-Security-Auditing" Guid="{54849625-5478-4994-a5ba-3e3b0328c30d}"/>
		<EventID Qualifiers="">4624</EventID>
		<Version>0</Version>
		<Level>0</Level>
		<Task>12544</Task>
		<Opcode>0</Opcode>
		<Keywords>0x8020000000000000</Keywords>
		<TimeCreated SystemTime="2016-07-23 21:48:20.961267"/>
		<EventRecordID>1544</EventRecordID>
		<Correlation ActivityID="" RelatedActivityID=""/>
		<Execution ProcessID="536" ThreadID="576"/>
		<Channel>Security</Channel>
		<Computer>WIN-03DLIIOFRRA</Computer>
		<Security UserID=""/>
	</System>
	<EventData>
		<Data Name="SubjectUserSid">S-1-5-18</Data>
		<Data Name="SubjectUserName">WIN-03DLIIOFRRA$</Data>
		<Data Name="SubjectDomainName">WORKGROUP</Data>
		<Data Name="SubjectLogonId">0x00000000000003e7</Data>
		<Data Name="TargetUserSid">S-1-5-21-2603537626-3982775912-406486804-1000</Data>
		<Data Name="TargetUserName">fsir</Data>
		<Data Name="TargetDomainName">WIN-03DLIIOFRRA</Data>
		<Data Name="TargetLogonId">0x0000000000072025</Data>
		<Data Name="LogonType">2</Data>
		<Data Name="LogonProcessName">User32 </Data>
		<Data Name="AuthenticationPackageName">Negotiate</Data>
		<Data Name="WorkstationName">WIN-03DLIIOFRRA</Data>
		<Data Name="LogonGuid">{00000000-0000-0000-0000-000000000000}</Data>
		<Data Name="TransmittedServices">-</Data>
		<Data Name="LmPackageName">-</Data>
		<Data Name="KeyLength">0</Data>
		<Data Name="ProcessId">0x00000000000001f0</Data>
		<Data Name="ProcessName">C:\Windows\System32\winlogon.exe</Data>
		<Data Name="IpAddress">127.0.0.1</Data>
		<Data Name="IpPort">0</Data>
	</EventData>
</Event>

<Event xmlns="http://schemas.microsoft.com/win/2004/08/events/event">
	<System>
		<Provider Name="Microsoft-Windows-Security-Auditing" Guid="{54849625-5478-4994-a5ba-3e3b0328c30d}"/>
		<EventID Qualifiers="">4624</EventID>
		<Version>0</Version>
		<Level>0</Level>
		<Task>12544</Task>
		<Opcode>0</Opcode>
		<Keywords>0x8020000000000000</Keywords>
		<TimeCreated SystemTime="2016-07-23 21:48:20.961267"/>
		<EventRecordID>1545</EventRecordID>
		<Correlation ActivityID="" RelatedActivityID=""/>
		<Execution ProcessID="536" ThreadID="576"/>
		<Channel>Security</Channel>
		<Computer>WIN-03DLIIOFRRA</Computer>
		<Security UserID=""/>
	</System>
	<EventData>
		<Data Name="SubjectUserSid">S-1-5-18</Data>
		<Data Name="SubjectUserName">WIN-03DLIIOFRRA$</Data>
		<Data Name="SubjectDomainName">WORKGROUP</Data>
		<Data Name="SubjectLogonId">0x00000000000003e7</Data>
		<Data Name="TargetUserSid">S-1-5-21-2603537626-3982775912-406486804-1000</Data>
		<Data Name="TargetUserName">fsir</Data>
		<Data Name="TargetDomainName">WIN-03DLIIOFRRA</Data>
		<Data Name="TargetLogonId">0x000000000007205b</Data>
		<Data Name="LogonType">2</Data>
		<Data Name="LogonProcessName">User32 </Data>
		<Data Name="AuthenticationPackageName">Negotiate</Data>
		<Data Name="WorkstationName">WIN-03DLIIOFRRA</Data>
		<Data Name="LogonGuid">{00000000-0000-0000-0000-000000000000}</Data>
		<Data Name="TransmittedServices">-</Data>
		<Data Name="LmPackageName">-</Data>
		<Data Name="KeyLength">0</Data>
		<Data Name="ProcessId">0x00000000000001f0</Data>
		<Data Name="ProcessName">C:\Windows\System32\winlogon.exe</Data>
		<Data Name="IpAddress">127.0.0.1</Data>
		<Data Name="IpPort">0</Data>
	</EventData>
</Event>

<Event xmlns="http://schemas.microsoft.com/win/2004/08/events/event">
	<System>
		<Provider Name="Microsoft-Windows-Security-Auditing" Guid="{54849625-5478-4994-a5ba-3e3b0328c30d}"/>
		<EventID Qualifiers="">4624</EventID>
		<Version>0</Version>
		<Level>0</Level>
		<Task>12544</Task>
		<Opcode>0</Opcode>
		<Keywords>0x8020000000000000</Keywords>
		<TimeCreated SystemTime="2016-07-23 21:48:32.010296"/>
		<EventRecordID>1547</EventRecordID>
		<Correlation ActivityID="" RelatedActivityID=""/>
		<Execution ProcessID="536" ThreadID="576"/>
		<Channel>Security</Channel>
		<Computer>WIN-03DLIIOFRRA</Computer>
		<Security UserID=""/>
	</System>
	<EventData>
		<Data Name="SubjectUserSid">S-1-5-18</Data>
		<Data Name="SubjectUserName">WIN-03DLIIOFRRA$</Data>
		<Data Name="SubjectDomainName">WORKGROUP</Data>
		<Data Name="SubjectLogonId">0x00000000000003e7</Data>
		<Data Name="TargetUserSid">S-1-5-18</Data>
		<Data Name="TargetUserName">SYSTEM</Data>
		<Data Name="TargetDomainName">NT AUTHORITY</Data>
		<Data Name="TargetLogonId">0x00000000000003e7</Data>
		<Data Name="LogonType">5</Data>
		<Data Name="LogonProcessName">Advapi  </Data>
		<Data Name="AuthenticationPackageName">Negotiate</Data>
		<Data Name="WorkstationName"/>
		<Data Name="LogonGuid">{00000000-0000-0000-0000-000000000000}</Data>
		<Data Name="TransmittedServices">-</Data>
		<Data Name="LmPackageName">-</Data>
		<Data Name="KeyLength">0</Data>
		<Data Name="ProcessId">0x00000000000001f8</Data>
		<Data Name="ProcessName">C:\Windows\System32\services.exe</Data>
		<Data Name="IpAddress">-</Data>
		<Data Name="IpPort">-</Data>
	</EventData>
</Event>

<Event xmlns="http://schemas.microsoft.com/win/2004/08/events/event">
	<System>
		<Provider Name="Microsoft-Windows-Security-Auditing" Guid="{54849625-5478-4994-a5ba-3e3b0328c30d}"/>
		<EventID Qualifiers="">4624</EventID>
		<Version>0</Version>
		<Level>0</Level>
		<Task>12544</Task>
		<Opcode>0</Opcode>
		<Keywords>0x8020000000000000</Keywords>
		<TimeCreated SystemTime="2016-07-23 22:17:00.021193"/>
		<EventRecordID>1549</EventRecordID>
		<Correlation ActivityID="" RelatedActivityID=""/>
		<Execution ProcessID="536" ThreadID="3508"/>
		<Channel>Security</Channel>
		<Computer>WIN-03DLIIOFRRA</Computer>
		<Security UserID=""/>
	</System>
	<EventData>
		<Data Name="SubjectUserSid">S-1-5-18</Data>
		<Data Name="SubjectUserName">WIN-03DLIIOFRRA$</Data>
		<Data Name="SubjectDomainName">WORKGROUP</Data>
		<Data Name="SubjectLogonId">0x00000000000003e7</Data>
		<Data Name="TargetUserSid">S-1-5-18</Data>
		<Data Name="TargetUserName">SYSTEM</Data>
		<Data Name="TargetDomainName">NT AUTHORITY</Data>
		<Data Name="TargetLogonId">0x00000000000003e7</Data>
		<Data Name="LogonType">5</Data>
		<Data Name="LogonProcessName">Advapi  </Data>
		<Data Name="AuthenticationPackageName">Negotiate</Data>
		<Data Name="WorkstationName"/>
		<Data Name="LogonGuid">{00000000-0000-0000-0000-000000000000}</Data>
		<Data Name="TransmittedServices">-</Data>
		<Data Name="LmPackageName">-</Data>
		<Data Name="KeyLength">0</Data>
		<Data Name="ProcessId">0x00000000000001f8</Data>
		<Data Name="ProcessName">C:\Windows\System32\services.exe</Data>
		<Data Name="IpAddress">-</Data>
		<Data Name="IpPort">-</Data>
	</EventData>
</Event>

<Event xmlns="http://schemas.microsoft.com/win/2004/08/events/event">
	<System>
		<Provider Name="Microsoft-Windows-Security-Auditing" Guid="{54849625-5478-4994-a5ba-3e3b0328c30d}"/>
		<EventID Qualifiers="">4624</EventID>
		<Version>0</Version>
		<Level>0</Level>
		<Task>12544</Task>
		<Opcode>0</Opcode>
		<Keywords>0x8020000000000000</Keywords>
		<TimeCreated SystemTime="2016-07-23 22:17:31.778448"/>
		<EventRecordID>1551</EventRecordID>
		<Correlation ActivityID="" RelatedActivityID=""/>
		<Execution ProcessID="536" ThreadID="3356"/>
		<Channel>Security</Channel>
		<Computer>WIN-03DLIIOFRRA</Computer>
		<Security UserID=""/>
	</System>
	<EventData>
		<Data Name="SubjectUserSid">S-1-5-18</Data>
		<Data Name="SubjectUserName">WIN-03DLIIOFRRA$</Data>
		<Data Name="SubjectDomainName">WORKGROUP</Data>
		<Data Name="SubjectLogonId">0x00000000000003e7</Data>
		<Data Name="TargetUserSid">S-1-5-18</Data>
		<Data Name="TargetUserName">SYSTEM</Data>
		<Data Name="TargetDomainName">NT AUTHORITY</Data>
		<Data Name="TargetLogonId">0x00000000000003e7</Data>
		<Data Name="LogonType">5</Data>
		<Data Name="LogonProcessName">Advapi  </Data>
		<Data Name="AuthenticationPackageName">Negotiate</Data>
		<Data Name="WorkstationName"/>
		<Data Name="LogonGuid">{00000000-0000-0000-0000-000000000000}</Data>
		<Data Name="TransmittedServices">-</Data>
		<Data Name="LmPackageName">-</Data>
		<Data Name="KeyLength">0</Data>
		<Data Name="ProcessId">0x00000000000001f8</Data>
		<Data Name="ProcessName">C:\Windows\System32\services.exe</Data>
		<Data Name="IpAddress">-</Data>
		<Data Name="IpPort">-</Data>
	</EventData>
</Event>

<Event xmlns="http://schemas.microsoft.com/win/2004/08/events/event">
	<System>
		<Provider Name="Microsoft-Windows-Security-Auditing" Guid="{54849625-5478-4994-a5ba-3e3b0328c30d}"/>
		<EventID Qualifiers="">4624</EventID>
		<Version>0</Version>
		<Level>0</Level>
		<Task>12544</Task>
		<Opcode>0</Opcode>
		<Keywords>0x8020000000000000</Keywords>
		<TimeCreated SystemTime="2016-07-23 22:17:31.825249"/>
		<EventRecordID>1553</EventRecordID>
		<Correlation ActivityID="" RelatedActivityID=""/>
		<Execution ProcessID="536" ThreadID="3356"/>
		<Channel>Security</Channel>
		<Computer>WIN-03DLIIOFRRA</Computer>
		<Security UserID=""/>
	</System>
	<EventData>
		<Data Name="SubjectUserSid">S-1-5-18</Data>
		<Data Name="SubjectUserName">WIN-03DLIIOFRRA$</Data>
		<Data Name="SubjectDomainName">WORKGROUP</Data>
		<Data Name="SubjectLogonId">0x00000000000003e7</Data>
		<Data Name="TargetUserSid">S-1-5-18</Data>
		<Data Name="TargetUserName">SYSTEM</Data>
		<Data Name="TargetDomainName">NT AUTHORITY</Data>
		<Data Name="TargetLogonId">0x00000000000003e7</Data>
		<Data Name="LogonType">5</Data>
		<Data Name="LogonProcessName">Advapi  </Data>
		<Data Name="AuthenticationPackageName">Negotiate</Data>
		<Data Name="WorkstationName"/>
		<Data Name="LogonGuid">{00000000-0000-0000-0000-000000000000}</Data>
		<Data Name="TransmittedServices">-</Data>
		<Data Name="LmPackageName">-</Data>
		<Data Name="KeyLength">0</Data>
		<Data Name="ProcessId">0x00000000000001f8</Data>
		<Data Name="ProcessName">C:\Windows\System32\services.exe</Data>
		<Data Name="IpAddress">-</Data>
		<Data Name="IpPort">-</Data>
	</EventData>
</Event>

<Event xmlns="http://schemas.microsoft.com/win/2004/08/events/event">
	<System>
		<Provider Name="Microsoft-Windows-Security-Auditing" Guid="{54849625-5478-4994-a5ba-3e3b0328c30d}"/>
		<EventID Qualifiers="">4624</EventID>
		<Version>0</Version>
		<Level>0</Level>
		<Task>12544</Task>
		<Opcode>0</Opcode>
		<Keywords>0x8020000000000000</Keywords>
		<TimeCreated SystemTime="2016-07-23 22:19:37.323221"/>
		<EventRecordID>2022</EventRecordID>
		<Correlation ActivityID="" RelatedActivityID=""/>
		<Execution ProcessID="524" ThreadID="528"/>
		<Channel>Security</Channel>
		<Computer>WIN-03DLIIOFRRA</Computer>
		<Security UserID=""/>
	</System>
	<EventData>
		<Data Name="SubjectUserSid">S-1-0-0</Data>
		<Data Name="SubjectUserName">-</Data>
		<Data Name="SubjectDomainName">-</Data>
		<Data Name="SubjectLogonId">0x0000000000000000</Data>
		<Data Name="TargetUserSid">S-1-5-18</Data>
		<Data Name="TargetUserName">SYSTEM</Data>
		<Data Name="TargetDomainName">NT AUTHORITY</Data>
		<Data Name="TargetLogonId">0x00000000000003e7</Data>
		<Data Name="LogonType">0</Data>
		<Data Name="LogonProcessName">-</Data>
		<Data Name="AuthenticationPackageName">-</Data>
		<Data Name="WorkstationName">-</Data>
		<Data Name="LogonGuid">{00000000-0000-0000-0000-000000000000}</Data>
		<Data Name="TransmittedServices">-</Data>
		<Data Name="LmPackageName">-</Data>
		<Data Name="KeyLength">0</Data>
		<Data Name="ProcessId">0x0000000000000004</Data>
		<Data Name="ProcessName"/>
		<Data Name="IpAddress">-</Data>
		<Data Name="IpPort">-</Data>
	</EventData>
</Event>

<Event xmlns="http://schemas.microsoft.com/win/2004/08/events/event">
	<System>
		<Provider Name="Microsoft-Windows-Security-Auditing" Guid="{54849625-5478-4994-a5ba-3e3b0328c30d}"/>
		<EventID Qualifiers="">4624</EventID>
		<Version>0</Version>
		<Level>0</Level>
		<Task>12544</Task>
		<Opcode>0</Opcode>
		<Keywords>0x8020000000000000</Keywords>
		<TimeCreated SystemTime="2016-07-23 22:19:37.479221"/>
		<EventRecordID>2024</EventRecordID>
		<Correlation ActivityID="" RelatedActivityID=""/>
		<Execution ProcessID="524" ThreadID="616"/>
		<Channel>Security</Channel>
		<Computer>WIN-03DLIIOFRRA</Computer>
		<Security UserID=""/>
	</System>
	<EventData>
		<Data Name="SubjectUserSid">S-1-5-18</Data>
		<Data Name="SubjectUserName">WIN-03DLIIOFRRA$</Data>
		<Data Name="SubjectDomainName">WORKGROUP</Data>
		<Data Name="SubjectLogonId">0x00000000000003e7</Data>
		<Data Name="TargetUserSid">S-1-5-18</Data>
		<Data Name="TargetUserName">SYSTEM</Data>
		<Data Name="TargetDomainName">NT AUTHORITY</Data>
		<Data Name="TargetLogonId">0x00000000000003e7</Data>
		<Data Name="LogonType">5</Data>
		<Data Name="LogonProcessName">Advapi  </Data>
		<Data Name="AuthenticationPackageName">Negotiate</Data>
		<Data Name="WorkstationName"/>
		<Data Name="LogonGuid">{00000000-0000-0000-0000-000000000000}</Data>
		<Data Name="TransmittedServices">-</Data>
		<Data Name="LmPackageName">-</Data>
		<Data Name="KeyLength">0</Data>
		<Data Name="ProcessId">0x00000000000001e8</Data>
		<Data Name="ProcessName">C:\Windows\System32\services.exe</Data>
		<Data Name="IpAddress">-</Data>
		<Data Name="IpPort">-</Data>
	</EventData>
</Event>

<Event xmlns="http://schemas.microsoft.com/win/2004/08/events/event">
	<System>
		<Provider Name="Microsoft-Windows-Security-Auditing" Guid="{54849625-5478-4994-a5ba-3e3b0328c30d}"/>
		<EventID Qualifiers="">4624</EventID>
		<Version>0</Version>
		<Level>0</Level>
		<Task>12544</Task>
		<Opcode>0</Opcode>
		<Keywords>0x8020000000000000</Keywords>
		<TimeCreated SystemTime="2016-07-23 22:19:37.635221"/>
		<EventRecordID>2026</EventRecordID>
		<Correlation ActivityID="" RelatedActivityID=""/>
		<Execution ProcessID="524" ThreadID="616"/>
		<Channel>Security</Channel>
		<Computer>WIN-03DLIIOFRRA</Computer>
		<Security UserID=""/>
	</System>
	<EventData>
		<Data Name="SubjectUserSid">S-1-5-18</Data>
		<Data Name="SubjectUserName">WIN-03DLIIOFRRA$</Data>
		<Data Name="SubjectDomainName">WORKGROUP</Data>
		<Data Name="SubjectLogonId">0x00000000000003e7</Data>
		<Data Name="TargetUserSid">S-1-5-20</Data>
		<Data Name="TargetUserName">NETWORK SERVICE</Data>
		<Data Name="TargetDomainName">NT AUTHORITY</Data>
		<Data Name="TargetLogonId">0x00000000000003e4</Data>
		<Data Name="LogonType">5</Data>
		<Data Name="LogonProcessName">Advapi  </Data>
		<Data Name="AuthenticationPackageName">Negotiate</Data>
		<Data Name="WorkstationName"/>
		<Data Name="LogonGuid">{00000000-0000-0000-0000-000000000000}</Data>
		<Data Name="TransmittedServices">-</Data>
		<Data Name="LmPackageName">-</Data>
		<Data Name="KeyLength">0</Data>
		<Data Name="ProcessId">0x00000000000001e8</Data>
		<Data Name="ProcessName">C:\Windows\System32\services.exe</Data>
		<Data Name="IpAddress">-</Data>
		<Data Name="IpPort">-</Data>
	</EventData>
</Event>

<Event xmlns="http://schemas.microsoft.com/win/2004/08/events/event">
	<System>
		<Provider Name="Microsoft-Windows-Security-Auditing" Guid="{54849625-5478-4994-a5ba-3e3b0328c30d}"/>
		<EventID Qualifiers="">4624</EventID>
		<Version>0</Version>
		<Level>0</Level>
		<Task>12544</Task>
		<Opcode>0</Opcode>
		<Keywords>0x8020000000000000</Keywords>
		<TimeCreated SystemTime="2016-07-23 22:19:37.682022"/>
		<EventRecordID>2028</EventRecordID>
		<Correlation ActivityID="" RelatedActivityID=""/>
		<Execution ProcessID="524" ThreadID="564"/>
		<Channel>Security</Channel>
		<Computer>WIN-03DLIIOFRRA</Computer>
		<Security UserID=""/>
	</System>
	<EventData>
		<Data Name="SubjectUserSid">S-1-5-18</Data>
		<Data Name="SubjectUserName">WIN-03DLIIOFRRA$</Data>
		<Data Name="SubjectDomainName">WORKGROUP</Data>
		<Data Name="SubjectLogonId">0x00000000000003e7</Data>
		<Data Name="TargetUserSid">S-1-5-19</Data>
		<Data Name="TargetUserName">LOCAL SERVICE</Data>
		<Data Name="TargetDomainName">NT AUTHORITY</Data>
		<Data Name="TargetLogonId">0x00000000000003e5</Data>
		<Data Name="LogonType">5</Data>
		<Data Name="LogonProcessName">Advapi  </Data>
		<Data Name="AuthenticationPackageName">Negotiate</Data>
		<Data Name="WorkstationName"/>
		<Data Name="LogonGuid">{00000000-0000-0000-0000-000000000000}</Data>
		<Data Name="TransmittedServices">-</Data>
		<Data Name="LmPackageName">-</Data>
		<Data Name="KeyLength">0</Data>
		<Data Name="ProcessId">0x00000000000001e8</Data>
		<Data Name="ProcessName">C:\Windows\System32\services.exe</Data>
		<Data Name="IpAddress">-</Data>
		<Data Name="IpPort">-</Data>
	</EventData>
</Event>

<Event xmlns="http://schemas.microsoft.com/win/2004/08/events/event">
	<System>
		<Provider Name="Microsoft-Windows-Security-Auditing" Guid="{54849625-5478-4994-a5ba-3e3b0328c30d}"/>
		<EventID Qualifiers="">4624</EventID>
		<Version>0</Version>
		<Level>0</Level>
		<Task>12544</Task>
		<Opcode>0</Opcode>
		<Keywords>0x8020000000000000</Keywords>
		<TimeCreated SystemTime="2016-07-23 22:19:37.775623"/>
		<EventRecordID>2030</EventRecordID>
		<Correlation ActivityID="" RelatedActivityID=""/>
		<Execution ProcessID="524" ThreadID="564"/>
		<Channel>Security</Channel>
		<Computer>WIN-03DLIIOFRRA</Computer>
		<Security UserID=""/>
	</System>
	<EventData>
		<Data Name="SubjectUserSid">S-1-5-18</Data>
		<Data Name="SubjectUserName">WIN-03DLIIOFRRA$</Data>
		<Data Name="SubjectDomainName">WORKGROUP</Data>
		<Data Name="SubjectLogonId">0x00000000000003e7</Data>
		<Data Name="TargetUserSid">S-1-5-18</Data>
		<Data Name="TargetUserName">SYSTEM</Data>
		<Data Name="TargetDomainName">NT AUTHORITY</Data>
		<Data Name="TargetLogonId">0x00000000000003e7</Data>
		<Data Name="LogonType">5</Data>
		<Data Name="LogonProcessName">Advapi  </Data>
		<Data Name="AuthenticationPackageName">Negotiate</Data>
		<Data Name="WorkstationName"/>
		<Data Name="LogonGuid">{00000000-0000-0000-0000-000000000000}</Data>
		<Data Name="TransmittedServices">-</Data>
		<Data Name="LmPackageName">-</Data>
		<Data Name="KeyLength">0</Data>
		<Data Name="ProcessId">0x00000000000001e8</Data>
		<Data Name="ProcessName">C:\Windows\System32\services.exe</Data>
		<Data Name="IpAddress">-</Data>
		<Data Name="IpPort">-</Data>
	</EventData>
</Event>

<Event xmlns="http://schemas.microsoft.com/win/2004/08/events/event">
	<System>
		<Provider Name="Microsoft-Windows-Security-Auditing" Guid="{54849625-5478-4994-a5ba-3e3b0328c30d}"/>
		<EventID Qualifiers="">4624</EventID>
		<Version>0</Version>
		<Level>0</Level>
		<Task>12544</Task>
		<Opcode>0</Opcode>
		<Keywords>0x8020000000000000</Keywords>
		<TimeCreated SystemTime="2016-07-23 22:19:37.791224"/>
		<EventRecordID>2032</EventRecordID>
		<Correlation ActivityID="" RelatedActivityID=""/>
		<Execution ProcessID="524" ThreadID="596"/>
		<Channel>Security</Channel>
		<Computer>WIN-03DLIIOFRRA</Computer>
		<Security UserID=""/>
	</System>
	<EventData>
		<Data Name="SubjectUserSid">S-1-5-18</Data>
		<Data Name="SubjectUserName">WIN-03DLIIOFRRA$</Data>
		<Data Name="SubjectDomainName">WORKGROUP</Data>
		<Data Name="SubjectLogonId">0x00000000000003e7</Data>
		<Data Name="TargetUserSid">S-1-5-18</Data>
		<Data Name="TargetUserName">SYSTEM</Data>
		<Data Name="TargetDomainName">NT AUTHORITY</Data>
		<Data Name="TargetLogonId">0x00000000000003e7</Data>
		<Data Name="LogonType">5</Data>
		<Data Name="LogonProcessName">Advapi  </Data>
		<Data Name="AuthenticationPackageName">Negotiate</Data>
		<Data Name="WorkstationName"/>
		<Data Name="LogonGuid">{00000000-0000-0000-0000-000000000000}</Data>
		<Data Name="TransmittedServices">-</Data>
		<Data Name="LmPackageName">-</Data>
		<Data Name="KeyLength">0</Data>
		<Data Name="ProcessId">0x00000000000001e8</Data>
		<Data Name="ProcessName">C:\Windows\System32\services.exe</Data>
		<Data Name="IpAddress">-</Data>
		<Data Name="IpPort">-</Data>
	</EventData>
</Event>

<Event xmlns="http://schemas.microsoft.com/win/2004/08/events/event">
	<System>
		<Provider Name="Microsoft-Windows-Security-Auditing" Guid="{54849625-5478-4994-a5ba-3e3b0328c30d}"/>
		<EventID Qualifiers="">4624</EventID>
		<Version>0</Version>
		<Level>0</Level>
		<Task>12544</Task>
		<Opcode>0</Opcode>
		<Keywords>0x8020000000000000</Keywords>
		<TimeCreated SystemTime="2016-07-23 22:19:37.900423"/>
		<EventRecordID>2034</EventRecordID>
		<Correlation ActivityID="" RelatedActivityID=""/>
		<Execution ProcessID="524" ThreadID="564"/>
		<Channel>Security</Channel>
		<Computer>WIN-03DLIIOFRRA</Computer>
		<Security UserID=""/>
	</System>
	<EventData>
		<Data Name="SubjectUserSid">S-1-5-18</Data>
		<Data Name="SubjectUserName">WIN-03DLIIOFRRA$</Data>
		<Data Name="SubjectDomainName">WORKGROUP</Data>
		<Data Name="SubjectLogonId">0x00000000000003e7</Data>
		<Data Name="TargetUserSid">S-1-5-18</Data>
		<Data Name="TargetUserName">SYSTEM</Data>
		<Data Name="TargetDomainName">NT AUTHORITY</Data>
		<Data Name="TargetLogonId">0x00000000000003e7</Data>
		<Data Name="LogonType">5</Data>
		<Data Name="LogonProcessName">Advapi  </Data>
		<Data Name="AuthenticationPackageName">Negotiate</Data>
		<Data Name="WorkstationName"/>
		<Data Name="LogonGuid">{00000000-0000-0000-0000-000000000000}</Data>
		<Data Name="TransmittedServices">-</Data>
		<Data Name="LmPackageName">-</Data>
		<Data Name="KeyLength">0</Data>
		<Data Name="ProcessId">0x00000000000001e8</Data>
		<Data Name="ProcessName">C:\Windows\System32\services.exe</Data>
		<Data Name="IpAddress">-</Data>
		<Data Name="IpPort">-</Data>
	</EventData>
</Event>

<Event xmlns="http://schemas.microsoft.com/win/2004/08/events/event">
	<System>
		<Provider Name="Microsoft-Windows-Security-Auditing" Guid="{54849625-5478-4994-a5ba-3e3b0328c30d}"/>
		<EventID Qualifiers="">4624</EventID>
		<Version>0</Version>
		<Level>0</Level>
		<Task>12544</Task>
		<Opcode>0</Opcode>
		<Keywords>0x8020000000000000</Keywords>
		<TimeCreated SystemTime="2016-07-23 22:19:40.077229"/>
		<EventRecordID>2036</EventRecordID>
		<Correlation ActivityID="" RelatedActivityID=""/>
		<Execution ProcessID="524" ThreadID="596"/>
		<Channel>Security</Channel>
		<Computer>WIN-03DLIIOFRRA</Computer>
		<Security UserID=""/>
	</System>
	<EventData>
		<Data Name="SubjectUserSid">S-1-5-18</Data>
		<Data Name="SubjectUserName">WIN-03DLIIOFRRA$</Data>
		<Data Name="SubjectDomainName">WORKGROUP</Data>
		<Data Name="SubjectLogonId">0x00000000000003e7</Data>
		<Data Name="TargetUserSid">S-1-5-18</Data>
		<Data Name="TargetUserName">SYSTEM</Data>
		<Data Name="TargetDomainName">NT AUTHORITY</Data>
		<Data Name="TargetLogonId">0x00000000000003e7</Data>
		<Data Name="LogonType">5</Data>
		<Data Name="LogonProcessName">Advapi  </Data>
		<Data Name="AuthenticationPackageName">Negotiate</Data>
		<Data Name="WorkstationName"/>
		<Data Name="LogonGuid">{00000000-0000-0000-0000-000000000000}</Data>
		<Data Name="TransmittedServices">-</Data>
		<Data Name="LmPackageName">-</Data>
		<Data Name="KeyLength">0</Data>
		<Data Name="ProcessId">0x00000000000001e8</Data>
		<Data Name="ProcessName">C:\Windows\System32\services.exe</Data>
		<Data Name="IpAddress">-</Data>
		<Data Name="IpPort">-</Data>
	</EventData>
</Event>

<Event xmlns="http://schemas.microsoft.com/win/2004/08/events/event">
	<System>
		<Provider Name="Microsoft-Windows-Security-Auditing" Guid="{54849625-5478-4994-a5ba-3e3b0328c30d}"/>
		<EventID Qualifiers="">4624</EventID>
		<Version>0</Version>
		<Level>0</Level>
		<Task>12544</Task>
		<Opcode>0</Opcode>
		<Keywords>0x8020000000000000</Keywords>
		<TimeCreated SystemTime="2016-07-23 22:19:40.677229"/>
		<EventRecordID>2038</EventRecordID>
		<Correlation ActivityID="" RelatedActivityID=""/>
		<Execution ProcessID="524" ThreadID="564"/>
		<Channel>Security</Channel>
		<Computer>WIN-03DLIIOFRRA</Computer>
		<Security UserID=""/>
	</System>
	<EventData>
		<Data Name="SubjectUserSid">S-1-0-0</Data>
		<Data Name="SubjectUserName">-</Data>
		<Data Name="SubjectDomainName">-</Data>
		<Data Name="SubjectLogonId">0x0000000000000000</Data>
		<Data Name="TargetUserSid">S-1-5-7</Data>
		<Data Name="TargetUserName">ANONYMOUS LOGON</Data>
		<Data Name="TargetDomainName">NT AUTHORITY</Data>
		<Data Name="TargetLogonId">0x0000000000024eba</Data>
		<Data Name="LogonType">3</Data>
		<Data Name="LogonProcessName">NtLmSsp </Data>
		<Data Name="AuthenticationPackageName">NTLM</Data>
		<Data Name="WorkstationName"/>
		<Data Name="LogonGuid">{00000000-0000-0000-0000-000000000000}</Data>
		<Data Name="TransmittedServices">-</Data>
		<Data Name="LmPackageName">NTLM V1</Data>
		<Data Name="KeyLength">0</Data>
		<Data Name="ProcessId">0x0000000000000000</Data>
		<Data Name="ProcessName">-</Data>
		<Data Name="IpAddress">-</Data>
		<Data Name="IpPort">-</Data>
	</EventData>
</Event>

<Event xmlns="http://schemas.microsoft.com/win/2004/08/events/event">
	<System>
		<Provider Name="Microsoft-Windows-Security-Auditing" Guid="{54849625-5478-4994-a5ba-3e3b0328c30d}"/>
		<EventID Qualifiers="">4624</EventID>
		<Version>0</Version>
		<Level>0</Level>
		<Task>12544</Task>
		<Opcode>0</Opcode>
		<Keywords>0x8020000000000000</Keywords>
		<TimeCreated SystemTime="2016-07-23 22:19:40.736002"/>
		<EventRecordID>2042</EventRecordID>
		<Correlation ActivityID="" RelatedActivityID=""/>
		<Execution ProcessID="524" ThreadID="616"/>
		<Channel>Security</Channel>
		<Computer>WIN-03DLIIOFRRA</Computer>
		<Security UserID=""/>
	</System>
	<EventData>
		<Data Name="SubjectUserSid">S-1-5-18</Data>
		<Data Name="SubjectUserName">WIN-03DLIIOFRRA$</Data>
		<Data Name="SubjectDomainName">WORKGROUP</Data>
		<Data Name="SubjectLogonId">0x00000000000003e7</Data>
		<Data Name="TargetUserSid">S-1-5-18</Data>
		<Data Name="TargetUserName">SYSTEM</Data>
		<Data Name="TargetDomainName">NT AUTHORITY</Data>
		<Data Name="TargetLogonId">0x00000000000003e7</Data>
		<Data Name="LogonType">5</Data>
		<Data Name="LogonProcessName">Advapi  </Data>
		<Data Name="AuthenticationPackageName">Negotiate</Data>
		<Data Name="WorkstationName"/>
		<Data Name="LogonGuid">{00000000-0000-0000-0000-000000000000}</Data>
		<Data Name="TransmittedServices">-</Data>
		<Data Name="LmPackageName">-</Data>
		<Data Name="KeyLength">0</Data>
		<Data Name="ProcessId">0x00000000000001e8</Data>
		<Data Name="ProcessName">C:\Windows\System32\services.exe</Data>
		<Data Name="IpAddress">-</Data>
		<Data Name="IpPort">-</Data>
	</EventData>
</Event>

<Event xmlns="http://schemas.microsoft.com/win/2004/08/events/event">
	<System>
		<Provider Name="Microsoft-Windows-Security-Auditing" Guid="{54849625-5478-4994-a5ba-3e3b0328c30d}"/>
		<EventID Qualifiers="">4735</EventID>
		<Version>0</Version>
		<Level>0</Level>
		<Task>13826</Task>
		<Opcode>0</Opcode>
		<Keywords>0x8020000000000000</Keywords>
		<TimeCreated SystemTime="2016-07-23 22:19:42.240009"/>
		<EventRecordID>2045</EventRecordID>
		<Correlation ActivityID="" RelatedActivityID=""/>
		<Execution ProcessID="524" ThreadID="612"/>
		<Channel>Security</Channel>
		<Computer>WIN-03DLIIOFRRA</Computer>
		<Security UserID=""/>
	</System>
	<EventData>
		<Data Name="TargetUserName">WinRMRemoteWMIUsers__</Data>
		<Data Name="TargetDomainName">WIN-03DLIIOFRRA</Data>
		<Data Name="TargetSid">S-1-5-21-2603537626-3982775912-406486804-1002</Data>
		<Data Name="SubjectUserSid">S-1-5-18</Data>
		<Data Name="SubjectUserName">WIN-03DLIIOFRRA$</Data>
		<Data Name="SubjectDomainName">WORKGROUP</Data>
		<Data Name="SubjectLogonId">0x00000000000003e7</Data>
		<Data Name="PrivilegeList">-</Data>
		<Data Name="SamAccountName">-</Data>
		<Data Name="SidHistory">-</Data>
	</EventData>
</Event>

<Event xmlns="http://schemas.microsoft.com/win/2004/08/events/event">
	<System>
		<Provider Name="Microsoft-Windows-Security-Auditing" Guid="{54849625-5478-4994-a5ba-3e3b0328c30d}"/>
		<EventID Qualifiers="">4735</EventID>
		<Version>0</Version>
		<Level>0</Level>
		<Task>13826</Task>
		<Opcode>0</Opcode>
		<Keywords>0x8020000000000000</Keywords>
		<TimeCreated SystemTime="2016-07-23 22:19:42.310009"/>
		<EventRecordID>2046</EventRecordID>
		<Correlation ActivityID="" RelatedActivityID=""/>
		<Execution ProcessID="524" ThreadID="612"/>
		<Channel>Security</Channel>
		<Computer>WIN-03DLIIOFRRA</Computer>
		<Security UserID=""/>
	</System>
	<EventData>
		<Data Name="TargetUserName">WinRMRemoteWMIUsers__</Data>
		<Data Name="TargetDomainName">WIN-03DLIIOFRRA</Data>
		<Data Name="TargetSid">S-1-5-21-2603537626-3982775912-406486804-1002</Data>
		<Data Name="SubjectUserSid">S-1-5-18</Data>
		<Data Name="SubjectUserName">WIN-03DLIIOFRRA$</Data>
		<Data Name="SubjectDomainName">WORKGROUP</Data>
		<Data Name="SubjectLogonId">0x00000000000003e7</Data>
		<Data Name="PrivilegeList">-</Data>
		<Data Name="SamAccountName">-</Data>
		<Data Name="SidHistory">-</Data>
	</EventData>
</Event>

<Event xmlns="http://schemas.microsoft.com/win/2004/08/events/event">
	<System>
		<Provider Name="Microsoft-Windows-Security-Auditing" Guid="{54849625-5478-4994-a5ba-3e3b0328c30d}"/>
		<EventID Qualifiers="">4624</EventID>
		<Version>0</Version>
		<Level>0</Level>
		<Task>12544</Task>
		<Opcode>0</Opcode>
		<Keywords>0x8020000000000000</Keywords>
		<TimeCreated SystemTime="2016-07-23 22:19:42.420010"/>
		<EventRecordID>2047</EventRecordID>
		<Correlation ActivityID="" RelatedActivityID=""/>
		<Execution ProcessID="524" ThreadID="612"/>
		<Channel>Security</Channel>
		<Computer>WIN-03DLIIOFRRA</Computer>
		<Security UserID=""/>
	</System>
	<EventData>
		<Data Name="SubjectUserSid">S-1-5-18</Data>
		<Data Name="SubjectUserName">WIN-03DLIIOFRRA$</Data>
		<Data Name="SubjectDomainName">WORKGROUP</Data>
		<Data Name="SubjectLogonId">0x00000000000003e7</Data>
		<Data Name="TargetUserSid">S-1-5-18</Data>
		<Data Name="TargetUserName">SYSTEM</Data>
		<Data Name="TargetDomainName">NT AUTHORITY</Data>
		<Data Name="TargetLogonId">0x00000000000003e7</Data>
		<Data Name="LogonType">5</Data>
		<Data Name="LogonProcessName">Advapi  </Data>
		<Data Name="AuthenticationPackageName">Negotiate</Data>
		<Data Name="WorkstationName"/>
		<Data Name="LogonGuid">{00000000-0000-0000-0000-000000000000}</Data>
		<Data Name="TransmittedServices">-</Data>
		<Data Name="LmPackageName">-</Data>
		<Data Name="KeyLength">0</Data>
		<Data Name="ProcessId">0x00000000000001e8</Data>
		<Data Name="ProcessName">C:\Windows\System32\services.exe</Data>
		<Data Name="IpAddress">-</Data>
		<Data Name="IpPort">-</Data>
	</EventData>
</Event>

<Event xmlns="http://schemas.microsoft.com/win/2004/08/events/event">
	<System>
		<Provider Name="Microsoft-Windows-Security-Auditing" Guid="{54849625-5478-4994-a5ba-3e3b0328c30d}"/>
		<EventID Qualifiers="">4648</EventID>
		<Version>0</Version>
		<Level>0</Level>
		<Task>12544</Task>
		<Opcode>0</Opcode>
		<Keywords>0x8020000000000000</Keywords>
		<TimeCreated SystemTime="2016-07-23 22:20:04.461248"/>
		<EventRecordID>2049</EventRecordID>
		<Correlation ActivityID="" RelatedActivityID=""/>
		<Execution ProcessID="524" ThreadID="596"/>
		<Channel>Security</Channel>
		<Computer>WIN-03DLIIOFRRA</Computer>
		<Security UserID=""/>
	</System>
	<EventData>
		<Data Name="SubjectUserSid">S-1-5-18</Data>
		<Data Name="SubjectUserName">WIN-03DLIIOFRRA$</Data>
		<Data Name="SubjectDomainName">WORKGROUP</Data>
		<Data Name="SubjectLogonId">0x00000000000003e7</Data>
		<Data Name="LogonGuid">{00000000-0000-0000-0000-000000000000}</Data>
		<Data Name="TargetUserName">fsir</Data>
		<Data Name="TargetDomainName">WIN-03DLIIOFRRA</Data>
		<Data Name="TargetLogonGuid">{00000000-0000-0000-0000-000000000000}</Data>
		<Data Name="TargetServerName">localhost</Data>
		<Data Name="TargetInfo">localhost</Data>
		<Data Name="ProcessId">0x00000000000001d8</Data>
		<Data Name="ProcessName">C:\Windows\System32\winlogon.exe</Data>
		<Data Name="IpAddress">127.0.0.1</Data>
		<Data Name="IpPort">0</Data>
	</EventData>
</Event>

<Event xmlns="http://schemas.microsoft.com/win/2004/08/events/event">
	<System>
		<Provider Name="Microsoft-Windows-Security-Auditing" Guid="{54849625-5478-4994-a5ba-3e3b0328c30d}"/>
		<EventID Qualifiers="">4624</EventID>
		<Version>0</Version>
		<Level>0</Level>
		<Task>12544</Task>
		<Opcode>0</Opcode>
		<Keywords>0x8020000000000000</Keywords>
		<TimeCreated SystemTime="2016-07-23 22:20:04.461248"/>
		<EventRecordID>2050</EventRecordID>
		<Correlation ActivityID="" RelatedActivityID=""/>
		<Execution ProcessID="524" ThreadID="596"/>
		<Channel>Security</Channel>
		<Computer>WIN-03DLIIOFRRA</Computer>
		<Security UserID=""/>
	</System>
	<EventData>
		<Data Name="SubjectUserSid">S-1-5-18</Data>
		<Data Name="SubjectUserName">WIN-03DLIIOFRRA$</Data>
		<Data Name="SubjectDomainName">WORKGROUP</Data>
		<Data Name="SubjectLogonId">0x00000000000003e7</Data>
		<Data Name="TargetUserSid">S-1-5-21-2603537626-3982775912-406486804-1000</Data>
		<Data Name="TargetUserName">fsir</Data>
		<Data Name="TargetDomainName">WIN-03DLIIOFRRA</Data>
		<Data Name="TargetLogonId">0x000000000009b2a3</Data>
		<Data Name="LogonType">2</Data>
		<Data Name="LogonProcessName">User32 </Data>
		<Data Name="AuthenticationPackageName">Negotiate</Data>
		<Data Name="WorkstationName">WIN-03DLIIOFRRA</Data>
		<Data Name="LogonGuid">{00000000-0000-0000-0000-000000000000}</Data>
		<Data Name="TransmittedServices">-</Data>
		<Data Name="LmPackageName">-</Data>
		<Data Name="KeyLength">0</Data>
		<Data Name="ProcessId">0x00000000000001d8</Data>
		<Data Name="ProcessName">C:\Windows\System32\winlogon.exe</Data>
		<Data Name="IpAddress">127.0.0.1</Data>
		<Data Name="IpPort">0</Data>
	</EventData>
</Event>

<Event xmlns="http://schemas.microsoft.com/win/2004/08/events/event">
	<System>
		<Provider Name="Microsoft-Windows-Security-Auditing" Guid="{54849625-5478-4994-a5ba-3e3b0328c30d}"/>
		<EventID Qualifiers="">4624</EventID>
		<Version>0</Version>
		<Level>0</Level>
		<Task>12544</Task>
		<Opcode>0</Opcode>
		<Keywords>0x8020000000000000</Keywords>
		<TimeCreated SystemTime="2016-07-23 22:20:04.461248"/>
		<EventRecordID>2051</EventRecordID>
		<Correlation ActivityID="" RelatedActivityID=""/>
		<Execution ProcessID="524" ThreadID="596"/>
		<Channel>Security</Channel>
		<Computer>WIN-03DLIIOFRRA</Computer>
		<Security UserID=""/>
	</System>
	<EventData>
		<Data Name="SubjectUserSid">S-1-5-18</Data>
		<Data Name="SubjectUserName">WIN-03DLIIOFRRA$</Data>
		<Data Name="SubjectDomainName">WORKGROUP</Data>
		<Data Name="SubjectLogonId">0x00000000000003e7</Data>
		<Data Name="TargetUserSid">S-1-5-21-2603537626-3982775912-406486804-1000</Data>
		<Data Name="TargetUserName">fsir</Data>
		<Data Name="TargetDomainName">WIN-03DLIIOFRRA</Data>
		<Data Name="TargetLogonId">0x000000000009b2db</Data>
		<Data Name="LogonType">2</Data>
		<Data Name="LogonProcessName">User32 </Data>
		<Data Name="AuthenticationPackageName">Negotiate</Data>
		<Data Name="WorkstationName">WIN-03DLIIOFRRA</Data>
		<Data Name="LogonGuid">{00000000-0000-0000-0000-000000000000}</Data>
		<Data Name="TransmittedServices">-</Data>
		<Data Name="LmPackageName">-</Data>
		<Data Name="KeyLength">0</Data>
		<Data Name="ProcessId">0x00000000000001d8</Data>
		<Data Name="ProcessName">C:\Windows\System32\winlogon.exe</Data>
		<Data Name="IpAddress">127.0.0.1</Data>
		<Data Name="IpPort">0</Data>
	</EventData>
</Event>

<Event xmlns="http://schemas.microsoft.com/win/2004/08/events/event">
	<System>
		<Provider Name="Microsoft-Windows-Security-Auditing" Guid="{54849625-5478-4994-a5ba-3e3b0328c30d}"/>
		<EventID Qualifiers="">4624</EventID>
		<Version>0</Version>
		<Level>0</Level>
		<Task>12544</Task>
		<Opcode>0</Opcode>
		<Keywords>0x8020000000000000</Keywords>
		<TimeCreated SystemTime="2016-07-23 22:20:15.060083"/>
		<EventRecordID>2053</EventRecordID>
		<Correlation ActivityID="" RelatedActivityID=""/>
		<Execution ProcessID="524" ThreadID="572"/>
		<Channel>Security</Channel>
		<Computer>WIN-03DLIIOFRRA</Computer>
		<Security UserID=""/>
	</System>
	<EventData>
		<Data Name="SubjectUserSid">S-1-5-18</Data>
		<Data Name="SubjectUserName">WIN-03DLIIOFRRA$</Data>
		<Data Name="SubjectDomainName">WORKGROUP</Data>
		<Data Name="SubjectLogonId">0x00000000000003e7</Data>
		<Data Name="TargetUserSid">S-1-5-18</Data>
		<Data Name="TargetUserName">SYSTEM</Data>
		<Data Name="TargetDomainName">NT AUTHORITY</Data>
		<Data Name="TargetLogonId">0x00000000000003e7</Data>
		<Data Name="LogonType">5</Data>
		<Data Name="LogonProcessName">Advapi  </Data>
		<Data Name="AuthenticationPackageName">Negotiate</Data>
		<Data Name="WorkstationName"/>
		<Data Name="LogonGuid">{00000000-0000-0000-0000-000000000000}</Data>
		<Data Name="TransmittedServices">-</Data>
		<Data Name="LmPackageName">-</Data>
		<Data Name="KeyLength">0</Data>
		<Data Name="ProcessId">0x00000000000001e8</Data>
		<Data Name="ProcessName">C:\Windows\System32\services.exe</Data>
		<Data Name="IpAddress">-</Data>
		<Data Name="IpPort">-</Data>
	</EventData>
</Event>

<Event xmlns="http://schemas.microsoft.com/win/2004/08/events/event">
	<System>
		<Provider Name="Microsoft-Windows-Security-Auditing" Guid="{54849625-5478-4994-a5ba-3e3b0328c30d}"/>
		<EventID Qualifiers="">4624</EventID>
		<Version>0</Version>
		<Level>0</Level>
		<Task>12544</Task>
		<Opcode>0</Opcode>
		<Keywords>0x8020000000000000</Keywords>
		<TimeCreated SystemTime="2016-07-23 23:41:55.395769"/>
		<EventRecordID>2055</EventRecordID>
		<Correlation ActivityID="" RelatedActivityID=""/>
		<Execution ProcessID="524" ThreadID="1708"/>
		<Channel>Security</Channel>
		<Computer>WIN-03DLIIOFRRA</Computer>
		<Security UserID=""/>
	</System>
	<EventData>
		<Data Name="SubjectUserSid">S-1-5-18</Data>
		<Data Name="SubjectUserName">WIN-03DLIIOFRRA$</Data>
		<Data Name="SubjectDomainName">WORKGROUP</Data>
		<Data Name="SubjectLogonId">0x00000000000003e7</Data>
		<Data Name="TargetUserSid">S-1-5-18</Data>
		<Data Name="TargetUserName">SYSTEM</Data>
		<Data Name="TargetDomainName">NT AUTHORITY</Data>
		<Data Name="TargetLogonId">0x00000000000003e7</Data>
		<Data Name="LogonType">5</Data>
		<Data Name="LogonProcessName">Advapi  </Data>
		<Data Name="AuthenticationPackageName">Negotiate</Data>
		<Data Name="WorkstationName"/>
		<Data Name="LogonGuid">{00000000-0000-0000-0000-000000000000}</Data>
		<Data Name="TransmittedServices">-</Data>
		<Data Name="LmPackageName">-</Data>
		<Data Name="KeyLength">0</Data>
		<Data Name="ProcessId">0x00000000000001e8</Data>
		<Data Name="ProcessName">C:\Windows\System32\services.exe</Data>
		<Data Name="IpAddress">-</Data>
		<Data Name="IpPort">-</Data>
	</EventData>
</Event>

<Event xmlns="http://schemas.microsoft.com/win/2004/08/events/event">
	<System>
		<Provider Name="Microsoft-Windows-Security-Auditing" Guid="{54849625-5478-4994-a5ba-3e3b0328c30d}"/>
		<EventID Qualifiers="">4624</EventID>
		<Version>0</Version>
		<Level>0</Level>
		<Task>12544</Task>
		<Opcode>0</Opcode>
		<Keywords>0x8020000000000000</Keywords>
		<TimeCreated SystemTime="2016-07-23 23:48:53.960106"/>
		<EventRecordID>2057</EventRecordID>
		<Correlation ActivityID="" RelatedActivityID=""/>
		<Execution ProcessID="524" ThreadID="596"/>
		<Channel>Security</Channel>
		<Computer>WIN-03DLIIOFRRA</Computer>
		<Security UserID=""/>
	</System>
	<EventData>
		<Data Name="SubjectUserSid">S-1-5-18</Data>
		<Data Name="SubjectUserName">WIN-03DLIIOFRRA$</Data>
		<Data Name="SubjectDomainName">WORKGROUP</Data>
		<Data Name="SubjectLogonId">0x00000000000003e7</Data>
		<Data Name="TargetUserSid">S-1-5-18</Data>
		<Data Name="TargetUserName">SYSTEM</Data>
		<Data Name="TargetDomainName">NT AUTHORITY</Data>
		<Data Name="TargetLogonId">0x00000000000003e7</Data>
		<Data Name="LogonType">5</Data>
		<Data Name="LogonProcessName">Advapi  </Data>
		<Data Name="AuthenticationPackageName">Negotiate</Data>
		<Data Name="WorkstationName"/>
		<Data Name="LogonGuid">{00000000-0000-0000-0000-000000000000}</Data>
		<Data Name="TransmittedServices">-</Data>
		<Data Name="LmPackageName">-</Data>
		<Data Name="KeyLength">0</Data>
		<Data Name="ProcessId">0x00000000000001e8</Data>
		<Data Name="ProcessName">C:\Windows\System32\services.exe</Data>
		<Data Name="IpAddress">-</Data>
		<Data Name="IpPort">-</Data>
	</EventData>
</Event>

<Event xmlns="http://schemas.microsoft.com/win/2004/08/events/event">
	<System>
		<Provider Name="Microsoft-Windows-Security-Auditing" Guid="{54849625-5478-4994-a5ba-3e3b0328c30d}"/>
		<EventID Qualifiers="">4624</EventID>
		<Version>0</Version>
		<Level>0</Level>
		<Task>12544</Task>
		<Opcode>0</Opcode>
		<Keywords>0x8020000000000000</Keywords>
		<TimeCreated SystemTime="2016-07-23 23:48:54.006905"/>
		<EventRecordID>2059</EventRecordID>
		<Correlation ActivityID="" RelatedActivityID=""/>
		<Execution ProcessID="524" ThreadID="596"/>
		<Channel>Security</Channel>
		<Computer>WIN-03DLIIOFRRA</Computer>
		<Security UserID=""/>
	</System>
	<EventData>
		<Data Name="SubjectUserSid">S-1-5-18</Data>
		<Data Name="SubjectUserName">WIN-03DLIIOFRRA$</Data>
		<Data Name="SubjectDomainName">WORKGROUP</Data>
		<Data Name="SubjectLogonId">0x00000000000003e7</Data>
		<Data Name="TargetUserSid">S-1-5-18</Data>
		<Data Name="TargetUserName">SYSTEM</Data>
		<Data Name="TargetDomainName">NT AUTHORITY</Data>
		<Data Name="TargetLogonId">0x00000000000003e7</Data>
		<Data Name="LogonType">5</Data>
		<Data Name="LogonProcessName">Advapi  </Data>
		<Data Name="AuthenticationPackageName">Negotiate</Data>
		<Data Name="WorkstationName"/>
		<Data Name="LogonGuid">{00000000-0000-0000-0000-000000000000}</Data>
		<Data Name="TransmittedServices">-</Data>
		<Data Name="LmPackageName">-</Data>
		<Data Name="KeyLength">0</Data>
		<Data Name="ProcessId">0x00000000000001e8</Data>
		<Data Name="ProcessName">C:\Windows\System32\services.exe</Data>
		<Data Name="IpAddress">-</Data>
		<Data Name="IpPort">-</Data>
	</EventData>
</Event>

<Event xmlns="http://schemas.microsoft.com/win/2004/08/events/event">
	<System>
		<Provider Name="Microsoft-Windows-Security-Auditing" Guid="{54849625-5478-4994-a5ba-3e3b0328c30d}"/>
		<EventID Qualifiers="">4624</EventID>
		<Version>0</Version>
		<Level>0</Level>
		<Task>12544</Task>
		<Opcode>0</Opcode>
		<Keywords>0x8020000000000000</Keywords>
		<TimeCreated SystemTime="2016-07-23 23:49:07.547728"/>
		<EventRecordID>2061</EventRecordID>
		<Correlation ActivityID="" RelatedActivityID=""/>
		<Execution ProcessID="524" ThreadID="596"/>
		<Channel>Security</Channel>
		<Computer>WIN-03DLIIOFRRA</Computer>
		<Security UserID=""/>
	</System>
	<EventData>
		<Data Name="SubjectUserSid">S-1-5-18</Data>
		<Data Name="SubjectUserName">WIN-03DLIIOFRRA$</Data>
		<Data Name="SubjectDomainName">WORKGROUP</Data>
		<Data Name="SubjectLogonId">0x00000000000003e7</Data>
		<Data Name="TargetUserSid">S-1-5-18</Data>
		<Data Name="TargetUserName">SYSTEM</Data>
		<Data Name="TargetDomainName">NT AUTHORITY</Data>
		<Data Name="TargetLogonId">0x00000000000003e7</Data>
		<Data Name="LogonType">5</Data>
		<Data Name="LogonProcessName">Advapi  </Data>
		<Data Name="AuthenticationPackageName">Negotiate</Data>
		<Data Name="WorkstationName"/>
		<Data Name="LogonGuid">{00000000-0000-0000-0000-000000000000}</Data>
		<Data Name="TransmittedServices">-</Data>
		<Data Name="LmPackageName">-</Data>
		<Data Name="KeyLength">0</Data>
		<Data Name="ProcessId">0x00000000000001e8</Data>
		<Data Name="ProcessName">C:\Windows\System32\services.exe</Data>
		<Data Name="IpAddress">-</Data>
		<Data Name="IpPort">-</Data>
	</EventData>
</Event>

<Event xmlns="http://schemas.microsoft.com/win/2004/08/events/event">
	<System>
		<Provider Name="Microsoft-Windows-Security-Auditing" Guid="{54849625-5478-4994-a5ba-3e3b0328c30d}"/>
		<EventID Qualifiers="">4624</EventID>
		<Version>0</Version>
		<Level>0</Level>
		<Task>12544</Task>
		<Opcode>0</Opcode>
		<Keywords>0x8020000000000000</Keywords>
		<TimeCreated SystemTime="2016-07-24 04:00:00.825367"/>
		<EventRecordID>2063</EventRecordID>
		<Correlation ActivityID="" RelatedActivityID=""/>
		<Execution ProcessID="524" ThreadID="5124"/>
		<Channel>Security</Channel>
		<Computer>WIN-03DLIIOFRRA</Computer>
		<Security UserID=""/>
	</System>
	<EventData>
		<Data Name="SubjectUserSid">S-1-5-18</Data>
		<Data Name="SubjectUserName">WIN-03DLIIOFRRA$</Data>
		<Data Name="SubjectDomainName">WORKGROUP</Data>
		<Data Name="SubjectLogonId">0x00000000000003e7</Data>
		<Data Name="TargetUserSid">S-1-5-18</Data>
		<Data Name="TargetUserName">SYSTEM</Data>
		<Data Name="TargetDomainName">NT AUTHORITY</Data>
		<Data Name="TargetLogonId">0x00000000000003e7</Data>
		<Data Name="LogonType">5</Data>
		<Data Name="LogonProcessName">Advapi  </Data>
		<Data Name="AuthenticationPackageName">Negotiate</Data>
		<Data Name="WorkstationName"/>
		<Data Name="LogonGuid">{00000000-0000-0000-0000-000000000000}</Data>
		<Data Name="TransmittedServices">-</Data>
		<Data Name="LmPackageName">-</Data>
		<Data Name="KeyLength">0</Data>
		<Data Name="ProcessId">0x00000000000001e8</Data>
		<Data Name="ProcessName">C:\Windows\System32\services.exe</Data>
		<Data Name="IpAddress">-</Data>
		<Data Name="IpPort">-</Data>
	</EventData>
</Event>

