<Event xmlns="http://schemas.microsoft.com/win/2004/08/events/event">
	<System>
		<Provider Name="Microsoft-Windows-Security-Auditing" Guid="{54849625-5478-4994-a5ba-3e3b0328c30d}"/>
		<EventID Qualifiers="">4648</EventID>
		<Version>0</Version>
		<Level>0</Level>
		<Task>12544</Task>
		<Opcode>0</Opcode>
		<Keywords>0x8020000000000000</Keywords>
		<TimeCreated SystemTime="2017-04-14 01:20:59.107525"/>
		<EventRecordID>2256</EventRecordID>
		<Correlation ActivityID="" RelatedActivityID=""/>
		<Execution ProcessID="536" ThreadID="628"/>
		<Channel>Security</Channel>
		<Computer>WIN-03DLIIOFRRA</Computer>
		<Security UserID=""/>
	</System>
	<EventData>
		<Data Name="SubjectUserSid">S-1-5-18</Data>
		<Data Name="SubjectUserName">WIN-03DLIIOFRRA$</Data>
		<Data Name="SubjectDomainName">WORKGROUP</Data>
		<Data Name="SubjectLogonId">0x00000000000003e7</Data>
		<Data Name="LogonGuid">{00000000-0000-0000-0000-000000000000}</Data>
		<Data Name="TargetUserName">fsir</Data>
		<Data Name="TargetDomainName">WIN-03DLIIOFRRA</Data>
		<Data Name="TargetLogonGuid">{00000000-0000-0000-0000-000000000000}</Data>
		<Data Name="TargetServerName">localhost</Data>
		<Data Name="TargetInfo">localhost</Data>
		<Data Name="ProcessId">0x000000000000092c</Data>
		<Data Name="ProcessName">C:\Windows\System32\winlogon.exe</Data>
		<Data Name="IpAddress">127.0.0.1</Data>
		<Data Name="IpPort">0</Data>
	</EventData>
</Event>

<Event xmlns="http://schemas.microsoft.com/win/2004/08/events/event">
	<System>
		<Provider Name="Microsoft-Windows-Security-Auditing" Guid="{54849625-5478-4994-a5ba-3e3b0328c30d}"/>
		<EventID Qualifiers="">4624</EventID>
		<Version>0</Version>
		<Level>0</Level>
		<Task>12544</Task>
		<Opcode>0</Opcode>
		<Keywords>0x8020000000000000</Keywords>
		<TimeCreated SystemTime="2017-04-14 01:20:59.107525"/>
		<EventRecordID>2257</EventRecordID>
		<Correlation ActivityID="" RelatedActivityID=""/>
		<Execution ProcessID="536" ThreadID="628"/>
		<Channel>Security</Channel>
		<Computer>WIN-03DLIIOFRRA</Computer>
		<Security UserID=""/>
	</System>
	<EventData>
		<Data Name="SubjectUserSid">S-1-5-18</Data>
		<Data Name="SubjectUserName">WIN-03DLIIOFRRA$</Data>
		<Data Name="SubjectDomainName">WORKGROUP</Data>
		<Data Name="SubjectLogonId">0x00000000000003e7</Data>
		<Data Name="TargetUserSid">S-1-5-21-2603537626-3982775912-406486804-1000</Data>
		<Data Name="TargetUserName">fsir</Data>
		<Data Name="TargetDomainName">WIN-03DLIIOFRRA</Data>
		<Data Name="TargetLogonId">0x000000000006ade5</Data>
		<Data Name="LogonType">2</Data>
		<Data Name="LogonProcessName">User32 </Data>
		<Data Name="AuthenticationPackageName">Negotiate</Data>
		<Data Name="WorkstationName">WIN-03DLIIOFRRA</Data>
		<Data Name="LogonGuid">{00000000-0000-0000-0000-000000000000}</Data>
		<Data Name="TransmittedServices">-</Data>
		<Data Name="LmPackageName">-</Data>
		<Data Name="KeyLength">0</Data>
		<Data Name="ProcessId">0x000000000000092c</Data>
		<Data Name="ProcessName">C:\Windows\System32\winlogon.exe</Data>
		<Data Name="IpAddress">127.0.0.1</Data>
		<Data Name="IpPort">0</Data>
	</EventData>
</Event>

<Event xmlns="http://schemas.microsoft.com/win/2004/08/events/event">
	<System>
		<Provider Name="Microsoft-Windows-Security-Auditing" Guid="{54849625-5478-4994-a5ba-3e3b0328c30d}"/>
		<EventID Qualifiers="">4624</EventID>
		<Version>0</Version>
		<Level>0</Level>
		<Task>12544</Task>
		<Opcode>0</Opcode>
		<Keywords>0x8020000000000000</Keywords>
		<TimeCreated SystemTime="2017-04-14 01:20:59.107525"/>
		<EventRecordID>2258</EventRecordID>
		<Correlation ActivityID="" RelatedActivityID=""/>
		<Execution ProcessID="536" ThreadID="628"/>
		<Channel>Security</Channel>
		<Computer>WIN-03DLIIOFRRA</Computer>
		<Security UserID=""/>
	</System>
	<EventData>
		<Data Name="SubjectUserSid">S-1-5-18</Data>
		<Data Name="SubjectUserName">WIN-03DLIIOFRRA$</Data>
		<Data Name="SubjectDomainName">WORKGROUP</Data>
		<Data Name="SubjectLogonId">0x00000000000003e7</Data>
		<Data Name="TargetUserSid">S-1-5-21-2603537626-3982775912-406486804-1000</Data>
		<Data Name="TargetUserName">fsir</Data>
		<Data Name="TargetDomainName">WIN-03DLIIOFRRA</Data>
		<Data Name="TargetLogonId">0x000000000006adfb</Data>
		<Data Name="LogonType">2</Data>
		<Data Name="LogonProcessName">User32 </Data>
		<Data Name="AuthenticationPackageName">Negotiate</Data>
		<Data Name="WorkstationName">WIN-03DLIIOFRRA</Data>
		<Data Name="LogonGuid">{00000000-0000-0000-0000-000000000000}</Data>
		<Data Name="TransmittedServices">-</Data>
		<Data Name="LmPackageName">-</Data>
		<Data Name="KeyLength">0</Data>
		<Data Name="ProcessId">0x000000000000092c</Data>
		<Data Name="ProcessName">C:\Windows\System32\winlogon.exe</Data>
		<Data Name="IpAddress">127.0.0.1</Data>
		<Data Name="IpPort">0</Data>
	</EventData>
</Event>

<Event xmlns="http://schemas.microsoft.com/win/2004/08/events/event">
	<System>
		<Provider Name="Microsoft-Windows-Security-Auditing" Guid="{54849625-5478-4994-a5ba-3e3b0328c30d}"/>
		<EventID Qualifiers="">4624</EventID>
		<Version>0</Version>
		<Level>0</Level>
		<Task>12544</Task>
		<Opcode>0</Opcode>
		<Keywords>0x8020000000000000</Keywords>
		<TimeCreated SystemTime="2017-04-14 01:21:10.906950"/>
		<EventRecordID>2260</EventRecordID>
		<Correlation ActivityID="" RelatedActivityID=""/>
		<Execution ProcessID="536" ThreadID="624"/>
		<Channel>Security</Channel>
		<Computer>WIN-03DLIIOFRRA</Computer>
		<Security UserID=""/>
	</System>
	<EventData>
		<Data Name="SubjectUserSid">S-1-5-18</Data>
		<Data Name="SubjectUserName">WIN-03DLIIOFRRA$</Data>
		<Data Name="SubjectDomainName">WORKGROUP</Data>
		<Data Name="SubjectLogonId">0x00000000000003e7</Data>
		<Data Name="TargetUserSid">S-1-5-18</Data>
		<Data Name="TargetUserName">SYSTEM</Data>
		<Data Name="TargetDomainName">NT AUTHORITY</Data>
		<Data Name="TargetLogonId">0x00000000000003e7</Data>
		<Data Name="LogonType">5</Data>
		<Data Name="LogonProcessName">Advapi  </Data>
		<Data Name="AuthenticationPackageName">Negotiate</Data>
		<Data Name="WorkstationName"/>
		<Data Name="LogonGuid">{00000000-0000-0000-0000-000000000000}</Data>
		<Data Name="TransmittedServices">-</Data>
		<Data Name="LmPackageName">-</Data>
		<Data Name="KeyLength">0</Data>
		<Data Name="ProcessId">0x0000000000000204</Data>
		<Data Name="ProcessName">C:\Windows\System32\services.exe</Data>
		<Data Name="IpAddress">-</Data>
		<Data Name="IpPort">-</Data>
	</EventData>
</Event>
</Events>