<Event xmlns="http://schemas.microsoft.com/win/2004/08/events/event">
	<System>
		<Provider Name="Microsoft-Windows-Security-Auditing" Guid="{54849625-5478-4994-a5ba-3e3b0328c30d}"/>
		<EventID Qualifiers="">4624</EventID>
		<Version>0</Version>
		<Level>0</Level>
		<Task>12544</Task>
		<Opcode>0</Opcode>
		<Keywords>0x8020000000000000</Keywords>
		<TimeCreated SystemTime="2016-07-24 04:00:00.856567"/>
		<EventRecordID>2065</EventRecordID>
		<Correlation ActivityID="" RelatedActivityID=""/>
		<Execution ProcessID="524" ThreadID="596"/>
		<Channel>Security</Channel>
		<Computer>WIN-03DLIIOFRRA</Computer>
		<Security UserID=""/>
	</System>
	<EventData>
		<Data Name="SubjectUserSid">S-1-5-18</Data>
		<Data Name="SubjectUserName">WIN-03DLIIOFRRA$</Data>
		<Data Name="SubjectDomainName">WORKGROUP</Data>
		<Data Name="SubjectLogonId">0x00000000000003e7</Data>
		<Data Name="TargetUserSid">S-1-5-18</Data>
		<Data Name="TargetUserName">SYSTEM</Data>
		<Data Name="TargetDomainName">NT AUTHORITY</Data>
		<Data Name="TargetLogonId">0x00000000000003e7</Data>
		<Data Name="LogonType">5</Data>
		<Data Name="LogonProcessName">Advapi  </Data>
		<Data Name="AuthenticationPackageName">Negotiate</Data>
		<Data Name="WorkstationName"/>
		<Data Name="LogonGuid">{00000000-0000-0000-0000-000000000000}</Data>
		<Data Name="TransmittedServices">-</Data>
		<Data Name="LmPackageName">-</Data>
		<Data Name="KeyLength">0</Data>
		<Data Name="ProcessId">0x00000000000001e8</Data>
		<Data Name="ProcessName">C:\Windows\System32\services.exe</Data>
		<Data Name="IpAddress">-</Data>
		<Data Name="IpPort">-</Data>
	</EventData>
</Event>

<Event xmlns="http://schemas.microsoft.com/win/2004/08/events/event">
	<System>
		<Provider Name="Microsoft-Windows-Security-Auditing" Guid="{54849625-5478-4994-a5ba-3e3b0328c30d}"/>
		<EventID Qualifiers="">4624</EventID>
		<Version>0</Version>
		<Level>0</Level>
		<Task>12544</Task>
		<Opcode>0</Opcode>
		<Keywords>0x8020000000000000</Keywords>
		<TimeCreated SystemTime="2016-07-25 11:47:55.274824"/>
		<EventRecordID>2070</EventRecordID>
		<Correlation ActivityID="" RelatedActivityID=""/>
		<Execution ProcessID="544" ThreadID="548"/>
		<Channel>Security</Channel>
		<Computer>WIN-03DLIIOFRRA</Computer>
		<Security UserID=""/>
	</System>
	<EventData>
		<Data Name="SubjectUserSid">S-1-0-0</Data>
		<Data Name="SubjectUserName">-</Data>
		<Data Name="SubjectDomainName">-</Data>
		<Data Name="SubjectLogonId">0x0000000000000000</Data>
		<Data Name="TargetUserSid">S-1-5-18</Data>
		<Data Name="TargetUserName">SYSTEM</Data>
		<Data Name="TargetDomainName">NT AUTHORITY</Data>
		<Data Name="TargetLogonId">0x00000000000003e7</Data>
		<Data Name="LogonType">0</Data>
		<Data Name="LogonProcessName">-</Data>
		<Data Name="AuthenticationPackageName">-</Data>
		<Data Name="WorkstationName">-</Data>
		<Data Name="LogonGuid">{00000000-0000-0000-0000-000000000000}</Data>
		<Data Name="TransmittedServices">-</Data>
		<Data Name="LmPackageName">-</Data>
		<Data Name="KeyLength">0</Data>
		<Data Name="ProcessId">0x0000000000000004</Data>
		<Data Name="ProcessName"/>
		<Data Name="IpAddress">-</Data>
		<Data Name="IpPort">-</Data>
	</EventData>
</Event>

<Event xmlns="http://schemas.microsoft.com/win/2004/08/events/event">
	<System>
		<Provider Name="Microsoft-Windows-Security-Auditing" Guid="{54849625-5478-4994-a5ba-3e3b0328c30d}"/>
		<EventID Qualifiers="">4624</EventID>
		<Version>0</Version>
		<Level>0</Level>
		<Task>12544</Task>
		<Opcode>0</Opcode>
		<Keywords>0x8020000000000000</Keywords>
		<TimeCreated SystemTime="2016-07-25 11:47:55.446423"/>
		<EventRecordID>2072</EventRecordID>
		<Correlation ActivityID="" RelatedActivityID=""/>
		<Execution ProcessID="544" ThreadID="592"/>
		<Channel>Security</Channel>
		<Computer>WIN-03DLIIOFRRA</Computer>
		<Security UserID=""/>
	</System>
	<EventData>
		<Data Name="SubjectUserSid">S-1-5-18</Data>
		<Data Name="SubjectUserName">WIN-03DLIIOFRRA$</Data>
		<Data Name="SubjectDomainName">WORKGROUP</Data>
		<Data Name="SubjectLogonId">0x00000000000003e7</Data>
		<Data Name="TargetUserSid">S-1-5-18</Data>
		<Data Name="TargetUserName">SYSTEM</Data>
		<Data Name="TargetDomainName">NT AUTHORITY</Data>
		<Data Name="TargetLogonId">0x00000000000003e7</Data>
		<Data Name="LogonType">5</Data>
		<Data Name="LogonProcessName">Advapi  </Data>
		<Data Name="AuthenticationPackageName">Negotiate</Data>
		<Data Name="WorkstationName"/>
		<Data Name="LogonGuid">{00000000-0000-0000-0000-000000000000}</Data>
		<Data Name="TransmittedServices">-</Data>
		<Data Name="LmPackageName">-</Data>
		<Data Name="KeyLength">0</Data>
		<Data Name="ProcessId">0x0000000000000204</Data>
		<Data Name="ProcessName">C:\Windows\System32\services.exe</Data>
		<Data Name="IpAddress">-</Data>
		<Data Name="IpPort">-</Data>
	</EventData>
</Event>

<Event xmlns="http://schemas.microsoft.com/win/2004/08/events/event">
	<System>
		<Provider Name="Microsoft-Windows-Security-Auditing" Guid="{54849625-5478-4994-a5ba-3e3b0328c30d}"/>
		<EventID Qualifiers="">4624</EventID>
		<Version>0</Version>
		<Level>0</Level>
		<Task>12544</Task>
		<Opcode>0</Opcode>
		<Keywords>0x8020000000000000</Keywords>
		<TimeCreated SystemTime="2016-07-25 11:47:55.649225"/>
		<EventRecordID>2074</EventRecordID>
		<Correlation ActivityID="" RelatedActivityID=""/>
		<Execution ProcessID="544" ThreadID="592"/>
		<Channel>Security</Channel>
		<Computer>WIN-03DLIIOFRRA</Computer>
		<Security UserID=""/>
	</System>
	<EventData>
		<Data Name="SubjectUserSid">S-1-5-18</Data>
		<Data Name="SubjectUserName">WIN-03DLIIOFRRA$</Data>
		<Data Name="SubjectDomainName">WORKGROUP</Data>
		<Data Name="SubjectLogonId">0x00000000000003e7</Data>
		<Data Name="TargetUserSid">S-1-5-20</Data>
		<Data Name="TargetUserName">NETWORK SERVICE</Data>
		<Data Name="TargetDomainName">NT AUTHORITY</Data>
		<Data Name="TargetLogonId">0x00000000000003e4</Data>
		<Data Name="LogonType">5</Data>
		<Data Name="LogonProcessName">Advapi  </Data>
		<Data Name="AuthenticationPackageName">Negotiate</Data>
		<Data Name="WorkstationName"/>
		<Data Name="LogonGuid">{00000000-0000-0000-0000-000000000000}</Data>
		<Data Name="TransmittedServices">-</Data>
		<Data Name="LmPackageName">-</Data>
		<Data Name="KeyLength">0</Data>
		<Data Name="ProcessId">0x0000000000000204</Data>
		<Data Name="ProcessName">C:\Windows\System32\services.exe</Data>
		<Data Name="IpAddress">-</Data>
		<Data Name="IpPort">-</Data>
	</EventData>
</Event>

<Event xmlns="http://schemas.microsoft.com/win/2004/08/events/event">
	<System>
		<Provider Name="Microsoft-Windows-Security-Auditing" Guid="{54849625-5478-4994-a5ba-3e3b0328c30d}"/>
		<EventID Qualifiers="">4624</EventID>
		<Version>0</Version>
		<Level>0</Level>
		<Task>12544</Task>
		<Opcode>0</Opcode>
		<Keywords>0x8020000000000000</Keywords>
		<TimeCreated SystemTime="2016-07-25 11:47:55.711624"/>
		<EventRecordID>2076</EventRecordID>
		<Correlation ActivityID="" RelatedActivityID=""/>
		<Execution ProcessID="544" ThreadID="592"/>
		<Channel>Security</Channel>
		<Computer>WIN-03DLIIOFRRA</Computer>
		<Security UserID=""/>
	</System>
	<EventData>
		<Data Name="SubjectUserSid">S-1-5-18</Data>
		<Data Name="SubjectUserName">WIN-03DLIIOFRRA$</Data>
		<Data Name="SubjectDomainName">WORKGROUP</Data>
		<Data Name="SubjectLogonId">0x00000000000003e7</Data>
		<Data Name="TargetUserSid">S-1-5-19</Data>
		<Data Name="TargetUserName">LOCAL SERVICE</Data>
		<Data Name="TargetDomainName">NT AUTHORITY</Data>
		<Data Name="TargetLogonId">0x00000000000003e5</Data>
		<Data Name="LogonType">5</Data>
		<Data Name="LogonProcessName">Advapi  </Data>
		<Data Name="AuthenticationPackageName">Negotiate</Data>
		<Data Name="WorkstationName"/>
		<Data Name="LogonGuid">{00000000-0000-0000-0000-000000000000}</Data>
		<Data Name="TransmittedServices">-</Data>
		<Data Name="LmPackageName">-</Data>
		<Data Name="KeyLength">0</Data>
		<Data Name="ProcessId">0x0000000000000204</Data>
		<Data Name="ProcessName">C:\Windows\System32\services.exe</Data>
		<Data Name="IpAddress">-</Data>
		<Data Name="IpPort">-</Data>
	</EventData>
</Event>

<Event xmlns="http://schemas.microsoft.com/win/2004/08/events/event">
	<System>
		<Provider Name="Microsoft-Windows-Security-Auditing" Guid="{54849625-5478-4994-a5ba-3e3b0328c30d}"/>
		<EventID Qualifiers="">4624</EventID>
		<Version>0</Version>
		<Level>0</Level>
		<Task>12544</Task>
		<Opcode>0</Opcode>
		<Keywords>0x8020000000000000</Keywords>
		<TimeCreated SystemTime="2016-07-25 11:47:55.789625"/>
		<EventRecordID>2078</EventRecordID>
		<Correlation ActivityID="" RelatedActivityID=""/>
		<Execution ProcessID="544" ThreadID="636"/>
		<Channel>Security</Channel>
		<Computer>WIN-03DLIIOFRRA</Computer>
		<Security UserID=""/>
	</System>
	<EventData>
		<Data Name="SubjectUserSid">S-1-5-18</Data>
		<Data Name="SubjectUserName">WIN-03DLIIOFRRA$</Data>
		<Data Name="SubjectDomainName">WORKGROUP</Data>
		<Data Name="SubjectLogonId">0x00000000000003e7</Data>
		<Data Name="TargetUserSid">S-1-5-18</Data>
		<Data Name="TargetUserName">SYSTEM</Data>
		<Data Name="TargetDomainName">NT AUTHORITY</Data>
		<Data Name="TargetLogonId">0x00000000000003e7</Data>
		<Data Name="LogonType">5</Data>
		<Data Name="LogonProcessName">Advapi  </Data>
		<Data Name="AuthenticationPackageName">Negotiate</Data>
		<Data Name="WorkstationName"/>
		<Data Name="LogonGuid">{00000000-0000-0000-0000-000000000000}</Data>
		<Data Name="TransmittedServices">-</Data>
		<Data Name="LmPackageName">-</Data>
		<Data Name="KeyLength">0</Data>
		<Data Name="ProcessId">0x0000000000000204</Data>
		<Data Name="ProcessName">C:\Windows\System32\services.exe</Data>
		<Data Name="IpAddress">-</Data>
		<Data Name="IpPort">-</Data>
	</EventData>
</Event>

<Event xmlns="http://schemas.microsoft.com/win/2004/08/events/event">
	<System>
		<Provider Name="Microsoft-Windows-Security-Auditing" Guid="{54849625-5478-4994-a5ba-3e3b0328c30d}"/>
		<EventID Qualifiers="">4624</EventID>
		<Version>0</Version>
		<Level>0</Level>
		<Task>12544</Task>
		<Opcode>0</Opcode>
		<Keywords>0x8020000000000000</Keywords>
		<TimeCreated SystemTime="2016-07-25 11:47:55.805225"/>
		<EventRecordID>2080</EventRecordID>
		<Correlation ActivityID="" RelatedActivityID=""/>
		<Execution ProcessID="544" ThreadID="592"/>
		<Channel>Security</Channel>
		<Computer>WIN-03DLIIOFRRA</Computer>
		<Security UserID=""/>
	</System>
	<EventData>
		<Data Name="SubjectUserSid">S-1-5-18</Data>
		<Data Name="SubjectUserName">WIN-03DLIIOFRRA$</Data>
		<Data Name="SubjectDomainName">WORKGROUP</Data>
		<Data Name="SubjectLogonId">0x00000000000003e7</Data>
		<Data Name="TargetUserSid">S-1-5-18</Data>
		<Data Name="TargetUserName">SYSTEM</Data>
		<Data Name="TargetDomainName">NT AUTHORITY</Data>
		<Data Name="TargetLogonId">0x00000000000003e7</Data>
		<Data Name="LogonType">5</Data>
		<Data Name="LogonProcessName">Advapi  </Data>
		<Data Name="AuthenticationPackageName">Negotiate</Data>
		<Data Name="WorkstationName"/>
		<Data Name="LogonGuid">{00000000-0000-0000-0000-000000000000}</Data>
		<Data Name="TransmittedServices">-</Data>
		<Data Name="LmPackageName">-</Data>
		<Data Name="KeyLength">0</Data>
		<Data Name="ProcessId">0x0000000000000204</Data>
		<Data Name="ProcessName">C:\Windows\System32\services.exe</Data>
		<Data Name="IpAddress">-</Data>
		<Data Name="IpPort">-</Data>
	</EventData>
</Event>

<Event xmlns="http://schemas.microsoft.com/win/2004/08/events/event">
	<System>
		<Provider Name="Microsoft-Windows-Security-Auditing" Guid="{54849625-5478-4994-a5ba-3e3b0328c30d}"/>
		<EventID Qualifiers="">4624</EventID>
		<Version>0</Version>
		<Level>0</Level>
		<Task>12544</Task>
		<Opcode>0</Opcode>
		<Keywords>0x8020000000000000</Keywords>
		<TimeCreated SystemTime="2016-07-25 11:47:58.427628"/>
		<EventRecordID>2082</EventRecordID>
		<Correlation ActivityID="" RelatedActivityID=""/>
		<Execution ProcessID="544" ThreadID="592"/>
		<Channel>Security</Channel>
		<Computer>WIN-03DLIIOFRRA</Computer>
		<Security UserID=""/>
	</System>
	<EventData>
		<Data Name="SubjectUserSid">S-1-5-18</Data>
		<Data Name="SubjectUserName">WIN-03DLIIOFRRA$</Data>
		<Data Name="SubjectDomainName">WORKGROUP</Data>
		<Data Name="SubjectLogonId">0x00000000000003e7</Data>
		<Data Name="TargetUserSid">S-1-5-18</Data>
		<Data Name="TargetUserName">SYSTEM</Data>
		<Data Name="TargetDomainName">NT AUTHORITY</Data>
		<Data Name="TargetLogonId">0x00000000000003e7</Data>
		<Data Name="LogonType">5</Data>
		<Data Name="LogonProcessName">Advapi  </Data>
		<Data Name="AuthenticationPackageName">Negotiate</Data>
		<Data Name="WorkstationName"/>
		<Data Name="LogonGuid">{00000000-0000-0000-0000-000000000000}</Data>
		<Data Name="TransmittedServices">-</Data>
		<Data Name="LmPackageName">-</Data>
		<Data Name="KeyLength">0</Data>
		<Data Name="ProcessId">0x0000000000000204</Data>
		<Data Name="ProcessName">C:\Windows\System32\services.exe</Data>
		<Data Name="IpAddress">-</Data>
		<Data Name="IpPort">-</Data>
	</EventData>
</Event>

<Event xmlns="http://schemas.microsoft.com/win/2004/08/events/event">
	<System>
		<Provider Name="Microsoft-Windows-Security-Auditing" Guid="{54849625-5478-4994-a5ba-3e3b0328c30d}"/>
		<EventID Qualifiers="">4624</EventID>
		<Version>0</Version>
		<Level>0</Level>
		<Task>12544</Task>
		<Opcode>0</Opcode>
		<Keywords>0x8020000000000000</Keywords>
		<TimeCreated SystemTime="2016-07-25 11:47:59.167629"/>
		<EventRecordID>2084</EventRecordID>
		<Correlation ActivityID="" RelatedActivityID=""/>
		<Execution ProcessID="544" ThreadID="636"/>
		<Channel>Security</Channel>
		<Computer>WIN-03DLIIOFRRA</Computer>
		<Security UserID=""/>
	</System>
	<EventData>
		<Data Name="SubjectUserSid">S-1-0-0</Data>
		<Data Name="SubjectUserName">-</Data>
		<Data Name="SubjectDomainName">-</Data>
		<Data Name="SubjectLogonId">0x0000000000000000</Data>
		<Data Name="TargetUserSid">S-1-5-7</Data>
		<Data Name="TargetUserName">ANONYMOUS LOGON</Data>
		<Data Name="TargetDomainName">NT AUTHORITY</Data>
		<Data Name="TargetLogonId">0x000000000002554e</Data>
		<Data Name="LogonType">3</Data>
		<Data Name="LogonProcessName">NtLmSsp </Data>
		<Data Name="AuthenticationPackageName">NTLM</Data>
		<Data Name="WorkstationName"/>
		<Data Name="LogonGuid">{00000000-0000-0000-0000-000000000000}</Data>
		<Data Name="TransmittedServices">-</Data>
		<Data Name="LmPackageName">NTLM V1</Data>
		<Data Name="KeyLength">0</Data>
		<Data Name="ProcessId">0x0000000000000000</Data>
		<Data Name="ProcessName">-</Data>
		<Data Name="IpAddress">-</Data>
		<Data Name="IpPort">-</Data>
	</EventData>
</Event>

<Event xmlns="http://schemas.microsoft.com/win/2004/08/events/event">
	<System>
		<Provider Name="Microsoft-Windows-Security-Auditing" Guid="{54849625-5478-4994-a5ba-3e3b0328c30d}"/>
		<EventID Qualifiers="">4624</EventID>
		<Version>0</Version>
		<Level>0</Level>
		<Task>12544</Task>
		<Opcode>0</Opcode>
		<Keywords>0x8020000000000000</Keywords>
		<TimeCreated SystemTime="2016-07-25 11:47:59.124002"/>
		<EventRecordID>2086</EventRecordID>
		<Correlation ActivityID="" RelatedActivityID=""/>
		<Execution ProcessID="544" ThreadID="592"/>
		<Channel>Security</Channel>
		<Computer>WIN-03DLIIOFRRA</Computer>
		<Security UserID=""/>
	</System>
	<EventData>
		<Data Name="SubjectUserSid">S-1-5-18</Data>
		<Data Name="SubjectUserName">WIN-03DLIIOFRRA$</Data>
		<Data Name="SubjectDomainName">WORKGROUP</Data>
		<Data Name="SubjectLogonId">0x00000000000003e7</Data>
		<Data Name="TargetUserSid">S-1-5-18</Data>
		<Data Name="TargetUserName">SYSTEM</Data>
		<Data Name="TargetDomainName">NT AUTHORITY</Data>
		<Data Name="TargetLogonId">0x00000000000003e7</Data>
		<Data Name="LogonType">5</Data>
		<Data Name="LogonProcessName">Advapi  </Data>
		<Data Name="AuthenticationPackageName">Negotiate</Data>
		<Data Name="WorkstationName"/>
		<Data Name="LogonGuid">{00000000-0000-0000-0000-000000000000}</Data>
		<Data Name="TransmittedServices">-</Data>
		<Data Name="LmPackageName">-</Data>
		<Data Name="KeyLength">0</Data>
		<Data Name="ProcessId">0x0000000000000204</Data>
		<Data Name="ProcessName">C:\Windows\System32\services.exe</Data>
		<Data Name="IpAddress">-</Data>
		<Data Name="IpPort">-</Data>
	</EventData>
</Event>

<Event xmlns="http://schemas.microsoft.com/win/2004/08/events/event">
	<System>
		<Provider Name="Microsoft-Windows-Security-Auditing" Guid="{54849625-5478-4994-a5ba-3e3b0328c30d}"/>
		<EventID Qualifiers="">4624</EventID>
		<Version>0</Version>
		<Level>0</Level>
		<Task>12544</Task>
		<Opcode>0</Opcode>
		<Keywords>0x8020000000000000</Keywords>
		<TimeCreated SystemTime="2016-07-25 11:48:00.720011"/>
		<EventRecordID>2088</EventRecordID>
		<Correlation ActivityID="" RelatedActivityID=""/>
		<Execution ProcessID="544" ThreadID="636"/>
		<Channel>Security</Channel>
		<Computer>WIN-03DLIIOFRRA</Computer>
		<Security UserID=""/>
	</System>
	<EventData>
		<Data Name="SubjectUserSid">S-1-5-18</Data>
		<Data Name="SubjectUserName">WIN-03DLIIOFRRA$</Data>
		<Data Name="SubjectDomainName">WORKGROUP</Data>
		<Data Name="SubjectLogonId">0x00000000000003e7</Data>
		<Data Name="TargetUserSid">S-1-5-18</Data>
		<Data Name="TargetUserName">SYSTEM</Data>
		<Data Name="TargetDomainName">NT AUTHORITY</Data>
		<Data Name="TargetLogonId">0x00000000000003e7</Data>
		<Data Name="LogonType">5</Data>
		<Data Name="LogonProcessName">Advapi  </Data>
		<Data Name="AuthenticationPackageName">Negotiate</Data>
		<Data Name="WorkstationName"/>
		<Data Name="LogonGuid">{00000000-0000-0000-0000-000000000000}</Data>
		<Data Name="TransmittedServices">-</Data>
		<Data Name="LmPackageName">-</Data>
		<Data Name="KeyLength">0</Data>
		<Data Name="ProcessId">0x0000000000000204</Data>
		<Data Name="ProcessName">C:\Windows\System32\services.exe</Data>
		<Data Name="IpAddress">-</Data>
		<Data Name="IpPort">-</Data>
	</EventData>
</Event>

<Event xmlns="http://schemas.microsoft.com/win/2004/08/events/event">
	<System>
		<Provider Name="Microsoft-Windows-Security-Auditing" Guid="{54849625-5478-4994-a5ba-3e3b0328c30d}"/>
		<EventID Qualifiers="">4648</EventID>
		<Version>0</Version>
		<Level>0</Level>
		<Task>12544</Task>
		<Opcode>0</Opcode>
		<Keywords>0x8020000000000000</Keywords>
		<TimeCreated SystemTime="2016-07-25 11:48:13.703434"/>
		<EventRecordID>2090</EventRecordID>
		<Correlation ActivityID="" RelatedActivityID=""/>
		<Execution ProcessID="544" ThreadID="580"/>
		<Channel>Security</Channel>
		<Computer>WIN-03DLIIOFRRA</Computer>
		<Security UserID=""/>
	</System>
	<EventData>
		<Data Name="SubjectUserSid">S-1-5-18</Data>
		<Data Name="SubjectUserName">WIN-03DLIIOFRRA$</Data>
		<Data Name="SubjectDomainName">WORKGROUP</Data>
		<Data Name="SubjectLogonId">0x00000000000003e7</Data>
		<Data Name="LogonGuid">{00000000-0000-0000-0000-000000000000}</Data>
		<Data Name="TargetUserName">fsir</Data>
		<Data Name="TargetDomainName">WIN-03DLIIOFRRA</Data>
		<Data Name="TargetLogonGuid">{00000000-0000-0000-0000-000000000000}</Data>
		<Data Name="TargetServerName">localhost</Data>
		<Data Name="TargetInfo">localhost</Data>
		<Data Name="ProcessId">0x00000000000001ec</Data>
		<Data Name="ProcessName">C:\Windows\System32\winlogon.exe</Data>
		<Data Name="IpAddress">127.0.0.1</Data>
		<Data Name="IpPort">0</Data>
	</EventData>
</Event>

<Event xmlns="http://schemas.microsoft.com/win/2004/08/events/event">
	<System>
		<Provider Name="Microsoft-Windows-Security-Auditing" Guid="{54849625-5478-4994-a5ba-3e3b0328c30d}"/>
		<EventID Qualifiers="">4624</EventID>
		<Version>0</Version>
		<Level>0</Level>
		<Task>12544</Task>
		<Opcode>0</Opcode>
		<Keywords>0x8020000000000000</Keywords>
		<TimeCreated SystemTime="2016-07-25 11:48:13.703434"/>
		<EventRecordID>2091</EventRecordID>
		<Correlation ActivityID="" RelatedActivityID=""/>
		<Execution ProcessID="544" ThreadID="580"/>
		<Channel>Security</Channel>
		<Computer>WIN-03DLIIOFRRA</Computer>
		<Security UserID=""/>
	</System>
	<EventData>
		<Data Name="SubjectUserSid">S-1-5-18</Data>
		<Data Name="SubjectUserName">WIN-03DLIIOFRRA$</Data>
		<Data Name="SubjectDomainName">WORKGROUP</Data>
		<Data Name="SubjectLogonId">0x00000000000003e7</Data>
		<Data Name="TargetUserSid">S-1-5-21-2603537626-3982775912-406486804-1000</Data>
		<Data Name="TargetUserName">fsir</Data>
		<Data Name="TargetDomainName">WIN-03DLIIOFRRA</Data>
		<Data Name="TargetLogonId">0x000000000004d482</Data>
		<Data Name="LogonType">2</Data>
		<Data Name="LogonProcessName">User32 </Data>
		<Data Name="AuthenticationPackageName">Negotiate</Data>
		<Data Name="WorkstationName">WIN-03DLIIOFRRA</Data>
		<Data Name="LogonGuid">{00000000-0000-0000-0000-000000000000}</Data>
		<Data Name="TransmittedServices">-</Data>
		<Data Name="LmPackageName">-</Data>
		<Data Name="KeyLength">0</Data>
		<Data Name="ProcessId">0x00000000000001ec</Data>
		<Data Name="ProcessName">C:\Windows\System32\winlogon.exe</Data>
		<Data Name="IpAddress">127.0.0.1</Data>
		<Data Name="IpPort">0</Data>
	</EventData>
</Event>

<Event xmlns="http://schemas.microsoft.com/win/2004/08/events/event">
	<System>
		<Provider Name="Microsoft-Windows-Security-Auditing" Guid="{54849625-5478-4994-a5ba-3e3b0328c30d}"/>
		<EventID Qualifiers="">4624</EventID>
		<Version>0</Version>
		<Level>0</Level>
		<Task>12544</Task>
		<Opcode>0</Opcode>
		<Keywords>0x8020000000000000</Keywords>
		<TimeCreated SystemTime="2016-07-25 11:48:13.703434"/>
		<EventRecordID>2092</EventRecordID>
		<Correlation ActivityID="" RelatedActivityID=""/>
		<Execution ProcessID="544" ThreadID="580"/>
		<Channel>Security</Channel>
		<Computer>WIN-03DLIIOFRRA</Computer>
		<Security UserID=""/>
	</System>
	<EventData>
		<Data Name="SubjectUserSid">S-1-5-18</Data>
		<Data Name="SubjectUserName">WIN-03DLIIOFRRA$</Data>
		<Data Name="SubjectDomainName">WORKGROUP</Data>
		<Data Name="SubjectLogonId">0x00000000000003e7</Data>
		<Data Name="TargetUserSid">S-1-5-21-2603537626-3982775912-406486804-1000</Data>
		<Data Name="TargetUserName">fsir</Data>
		<Data Name="TargetDomainName">WIN-03DLIIOFRRA</Data>
		<Data Name="TargetLogonId">0x000000000004d4c1</Data>
		<Data Name="LogonType">2</Data>
		<Data Name="LogonProcessName">User32 </Data>
		<Data Name="AuthenticationPackageName">Negotiate</Data>
		<Data Name="WorkstationName">WIN-03DLIIOFRRA</Data>
		<Data Name="LogonGuid">{00000000-0000-0000-0000-000000000000}</Data>
		<Data Name="TransmittedServices">-</Data>
		<Data Name="LmPackageName">-</Data>
		<Data Name="KeyLength">0</Data>
		<Data Name="ProcessId">0x00000000000001ec</Data>
		<Data Name="ProcessName">C:\Windows\System32\winlogon.exe</Data>
		<Data Name="IpAddress">127.0.0.1</Data>
		<Data Name="IpPort">0</Data>
	</EventData>
</Event>

<Event xmlns="http://schemas.microsoft.com/win/2004/08/events/event">
	<System>
		<Provider Name="Microsoft-Windows-Security-Auditing" Guid="{54849625-5478-4994-a5ba-3e3b0328c30d}"/>
		<EventID Qualifiers="">4624</EventID>
		<Version>0</Version>
		<Level>0</Level>
		<Task>12544</Task>
		<Opcode>0</Opcode>
		<Keywords>0x8020000000000000</Keywords>
		<TimeCreated SystemTime="2016-07-25 11:48:24.663054"/>
		<EventRecordID>2094</EventRecordID>
		<Correlation ActivityID="" RelatedActivityID=""/>
		<Execution ProcessID="544" ThreadID="616"/>
		<Channel>Security</Channel>
		<Computer>WIN-03DLIIOFRRA</Computer>
		<Security UserID=""/>
	</System>
	<EventData>
		<Data Name="SubjectUserSid">S-1-5-18</Data>
		<Data Name="SubjectUserName">WIN-03DLIIOFRRA$</Data>
		<Data Name="SubjectDomainName">WORKGROUP</Data>
		<Data Name="SubjectLogonId">0x00000000000003e7</Data>
		<Data Name="TargetUserSid">S-1-5-18</Data>
		<Data Name="TargetUserName">SYSTEM</Data>
		<Data Name="TargetDomainName">NT AUTHORITY</Data>
		<Data Name="TargetLogonId">0x00000000000003e7</Data>
		<Data Name="LogonType">5</Data>
		<Data Name="LogonProcessName">Advapi  </Data>
		<Data Name="AuthenticationPackageName">Negotiate</Data>
		<Data Name="WorkstationName"/>
		<Data Name="LogonGuid">{00000000-0000-0000-0000-000000000000}</Data>
		<Data Name="TransmittedServices">-</Data>
		<Data Name="LmPackageName">-</Data>
		<Data Name="KeyLength">0</Data>
		<Data Name="ProcessId">0x0000000000000204</Data>
		<Data Name="ProcessName">C:\Windows\System32\services.exe</Data>
		<Data Name="IpAddress">-</Data>
		<Data Name="IpPort">-</Data>
	</EventData>
</Event>

<Event xmlns="http://schemas.microsoft.com/win/2004/08/events/event">
	<System>
		<Provider Name="Microsoft-Windows-Security-Auditing" Guid="{54849625-5478-4994-a5ba-3e3b0328c30d}"/>
		<EventID Qualifiers="">4624</EventID>
		<Version>0</Version>
		<Level>0</Level>
		<Task>12544</Task>
		<Opcode>0</Opcode>
		<Keywords>0x8020000000000000</Keywords>
		<TimeCreated SystemTime="2016-07-25 12:14:53.721052"/>
		<EventRecordID>2096</EventRecordID>
		<Correlation ActivityID="" RelatedActivityID=""/>
		<Execution ProcessID="544" ThreadID="580"/>
		<Channel>Security</Channel>
		<Computer>WIN-03DLIIOFRRA</Computer>
		<Security UserID=""/>
	</System>
	<EventData>
		<Data Name="SubjectUserSid">S-1-5-18</Data>
		<Data Name="SubjectUserName">WIN-03DLIIOFRRA$</Data>
		<Data Name="SubjectDomainName">WORKGROUP</Data>
		<Data Name="SubjectLogonId">0x00000000000003e7</Data>
		<Data Name="TargetUserSid">S-1-5-18</Data>
		<Data Name="TargetUserName">SYSTEM</Data>
		<Data Name="TargetDomainName">NT AUTHORITY</Data>
		<Data Name="TargetLogonId">0x00000000000003e7</Data>
		<Data Name="LogonType">5</Data>
		<Data Name="LogonProcessName">Advapi  </Data>
		<Data Name="AuthenticationPackageName">Negotiate</Data>
		<Data Name="WorkstationName"/>
		<Data Name="LogonGuid">{00000000-0000-0000-0000-000000000000}</Data>
		<Data Name="TransmittedServices">-</Data>
		<Data Name="LmPackageName">-</Data>
		<Data Name="KeyLength">0</Data>
		<Data Name="ProcessId">0x0000000000000204</Data>
		<Data Name="ProcessName">C:\Windows\System32\services.exe</Data>
		<Data Name="IpAddress">-</Data>
		<Data Name="IpPort">-</Data>
	</EventData>
</Event>

<Event xmlns="http://schemas.microsoft.com/win/2004/08/events/event">
	<System>
		<Provider Name="Microsoft-Windows-Security-Auditing" Guid="{54849625-5478-4994-a5ba-3e3b0328c30d}"/>
		<EventID Qualifiers="">4624</EventID>
		<Version>0</Version>
		<Level>0</Level>
		<Task>12544</Task>
		<Opcode>0</Opcode>
		<Keywords>0x8020000000000000</Keywords>
		<TimeCreated SystemTime="2016-07-25 12:14:53.783453"/>
		<EventRecordID>2098</EventRecordID>
		<Correlation ActivityID="" RelatedActivityID=""/>
		<Execution ProcessID="544" ThreadID="580"/>
		<Channel>Security</Channel>
		<Computer>WIN-03DLIIOFRRA</Computer>
		<Security UserID=""/>
	</System>
	<EventData>
		<Data Name="SubjectUserSid">S-1-5-18</Data>
		<Data Name="SubjectUserName">WIN-03DLIIOFRRA$</Data>
		<Data Name="SubjectDomainName">WORKGROUP</Data>
		<Data Name="SubjectLogonId">0x00000000000003e7</Data>
		<Data Name="TargetUserSid">S-1-5-18</Data>
		<Data Name="TargetUserName">SYSTEM</Data>
		<Data Name="TargetDomainName">NT AUTHORITY</Data>
		<Data Name="TargetLogonId">0x00000000000003e7</Data>
		<Data Name="LogonType">5</Data>
		<Data Name="LogonProcessName">Advapi  </Data>
		<Data Name="AuthenticationPackageName">Negotiate</Data>
		<Data Name="WorkstationName"/>
		<Data Name="LogonGuid">{00000000-0000-0000-0000-000000000000}</Data>
		<Data Name="TransmittedServices">-</Data>
		<Data Name="LmPackageName">-</Data>
		<Data Name="KeyLength">0</Data>
		<Data Name="ProcessId">0x0000000000000204</Data>
		<Data Name="ProcessName">C:\Windows\System32\services.exe</Data>
		<Data Name="IpAddress">-</Data>
		<Data Name="IpPort">-</Data>
	</EventData>
</Event>

<Event xmlns="http://schemas.microsoft.com/win/2004/08/events/event">
	<System>
		<Provider Name="Microsoft-Windows-Security-Auditing" Guid="{54849625-5478-4994-a5ba-3e3b0328c30d}"/>
		<EventID Qualifiers="">4624</EventID>
		<Version>0</Version>
		<Level>0</Level>
		<Task>12544</Task>
		<Opcode>0</Opcode>
		<Keywords>0x8020000000000000</Keywords>
		<TimeCreated SystemTime="2016-07-25 12:17:57.801376"/>
		<EventRecordID>2100</EventRecordID>
		<Correlation ActivityID="" RelatedActivityID=""/>
		<Execution ProcessID="544" ThreadID="1216"/>
		<Channel>Security</Channel>
		<Computer>WIN-03DLIIOFRRA</Computer>
		<Security UserID=""/>
	</System>
	<EventData>
		<Data Name="SubjectUserSid">S-1-5-18</Data>
		<Data Name="SubjectUserName">WIN-03DLIIOFRRA$</Data>
		<Data Name="SubjectDomainName">WORKGROUP</Data>
		<Data Name="SubjectLogonId">0x00000000000003e7</Data>
		<Data Name="TargetUserSid">S-1-5-18</Data>
		<Data Name="TargetUserName">SYSTEM</Data>
		<Data Name="TargetDomainName">NT AUTHORITY</Data>
		<Data Name="TargetLogonId">0x00000000000003e7</Data>
		<Data Name="LogonType">5</Data>
		<Data Name="LogonProcessName">Advapi  </Data>
		<Data Name="AuthenticationPackageName">Negotiate</Data>
		<Data Name="WorkstationName"/>
		<Data Name="LogonGuid">{00000000-0000-0000-0000-000000000000}</Data>
		<Data Name="TransmittedServices">-</Data>
		<Data Name="LmPackageName">-</Data>
		<Data Name="KeyLength">0</Data>
		<Data Name="ProcessId">0x0000000000000204</Data>
		<Data Name="ProcessName">C:\Windows\System32\services.exe</Data>
		<Data Name="IpAddress">-</Data>
		<Data Name="IpPort">-</Data>
	</EventData>
</Event>

<Event xmlns="http://schemas.microsoft.com/win/2004/08/events/event">
	<System>
		<Provider Name="Microsoft-Windows-Security-Auditing" Guid="{54849625-5478-4994-a5ba-3e3b0328c30d}"/>
		<EventID Qualifiers="">4624</EventID>
		<Version>0</Version>
		<Level>0</Level>
		<Task>12544</Task>
		<Opcode>0</Opcode>
		<Keywords>0x8020000000000000</Keywords>
		<TimeCreated SystemTime="2016-07-26 04:00:00.741053"/>
		<EventRecordID>2102</EventRecordID>
		<Correlation ActivityID="" RelatedActivityID=""/>
		<Execution ProcessID="544" ThreadID="2396"/>
		<Channel>Security</Channel>
		<Computer>WIN-03DLIIOFRRA</Computer>
		<Security UserID=""/>
	</System>
	<EventData>
		<Data Name="SubjectUserSid">S-1-5-18</Data>
		<Data Name="SubjectUserName">WIN-03DLIIOFRRA$</Data>
		<Data Name="SubjectDomainName">WORKGROUP</Data>
		<Data Name="SubjectLogonId">0x00000000000003e7</Data>
		<Data Name="TargetUserSid">S-1-5-18</Data>
		<Data Name="TargetUserName">SYSTEM</Data>
		<Data Name="TargetDomainName">NT AUTHORITY</Data>
		<Data Name="TargetLogonId">0x00000000000003e7</Data>
		<Data Name="LogonType">5</Data>
		<Data Name="LogonProcessName">Advapi  </Data>
		<Data Name="AuthenticationPackageName">Negotiate</Data>
		<Data Name="WorkstationName"/>
		<Data Name="LogonGuid">{00000000-0000-0000-0000-000000000000}</Data>
		<Data Name="TransmittedServices">-</Data>
		<Data Name="LmPackageName">-</Data>
		<Data Name="KeyLength">0</Data>
		<Data Name="ProcessId">0x0000000000000204</Data>
		<Data Name="ProcessName">C:\Windows\System32\services.exe</Data>
		<Data Name="IpAddress">-</Data>
		<Data Name="IpPort">-</Data>
	</EventData>
</Event>

<Event xmlns="http://schemas.microsoft.com/win/2004/08/events/event">
	<System>
		<Provider Name="Microsoft-Windows-Security-Auditing" Guid="{54849625-5478-4994-a5ba-3e3b0328c30d}"/>
		<EventID Qualifiers="">4624</EventID>
		<Version>0</Version>
		<Level>0</Level>
		<Task>12544</Task>
		<Opcode>0</Opcode>
		<Keywords>0x8020000000000000</Keywords>
		<TimeCreated SystemTime="2016-07-26 04:00:00.772253"/>
		<EventRecordID>2104</EventRecordID>
		<Correlation ActivityID="" RelatedActivityID=""/>
		<Execution ProcessID="544" ThreadID="580"/>
		<Channel>Security</Channel>
		<Computer>WIN-03DLIIOFRRA</Computer>
		<Security UserID=""/>
	</System>
	<EventData>
		<Data Name="SubjectUserSid">S-1-5-18</Data>
		<Data Name="SubjectUserName">WIN-03DLIIOFRRA$</Data>
		<Data Name="SubjectDomainName">WORKGROUP</Data>
		<Data Name="SubjectLogonId">0x00000000000003e7</Data>
		<Data Name="TargetUserSid">S-1-5-18</Data>
		<Data Name="TargetUserName">SYSTEM</Data>
		<Data Name="TargetDomainName">NT AUTHORITY</Data>
		<Data Name="TargetLogonId">0x00000000000003e7</Data>
		<Data Name="LogonType">5</Data>
		<Data Name="LogonProcessName">Advapi  </Data>
		<Data Name="AuthenticationPackageName">Negotiate</Data>
		<Data Name="WorkstationName"/>
		<Data Name="LogonGuid">{00000000-0000-0000-0000-000000000000}</Data>
		<Data Name="TransmittedServices">-</Data>
		<Data Name="LmPackageName">-</Data>
		<Data Name="KeyLength">0</Data>
		<Data Name="ProcessId">0x0000000000000204</Data>
		<Data Name="ProcessName">C:\Windows\System32\services.exe</Data>
		<Data Name="IpAddress">-</Data>
		<Data Name="IpPort">-</Data>
	</EventData>
</Event>

<Event xmlns="http://schemas.microsoft.com/win/2004/08/events/event">
	<System>
		<Provider Name="Microsoft-Windows-Security-Auditing" Guid="{54849625-5478-4994-a5ba-3e3b0328c30d}"/>
		<EventID Qualifiers="">4648</EventID>
		<Version>0</Version>
		<Level>0</Level>
		<Task>12544</Task>
		<Opcode>0</Opcode>
		<Keywords>0x8020000000000000</Keywords>
		<TimeCreated SystemTime="2016-07-29 23:46:58.077265"/>
		<EventRecordID>2107</EventRecordID>
		<Correlation ActivityID="" RelatedActivityID=""/>
		<Execution ProcessID="544" ThreadID="580"/>
		<Channel>Security</Channel>
		<Computer>WIN-03DLIIOFRRA</Computer>
		<Security UserID=""/>
	</System>
	<EventData>
		<Data Name="SubjectUserSid">S-1-5-18</Data>
		<Data Name="SubjectUserName">WIN-03DLIIOFRRA$</Data>
		<Data Name="SubjectDomainName">WORKGROUP</Data>
		<Data Name="SubjectLogonId">0x00000000000003e7</Data>
		<Data Name="LogonGuid">{00000000-0000-0000-0000-000000000000}</Data>
		<Data Name="TargetUserName">fsir</Data>
		<Data Name="TargetDomainName">WIN-03DLIIOFRRA</Data>
		<Data Name="TargetLogonGuid">{00000000-0000-0000-0000-000000000000}</Data>
		<Data Name="TargetServerName">localhost</Data>
		<Data Name="TargetInfo">localhost</Data>
		<Data Name="ProcessId">0x00000000000001ec</Data>
		<Data Name="ProcessName">C:\Windows\System32\winlogon.exe</Data>
		<Data Name="IpAddress">127.0.0.1</Data>
		<Data Name="IpPort">0</Data>
	</EventData>
</Event>

<Event xmlns="http://schemas.microsoft.com/win/2004/08/events/event">
	<System>
		<Provider Name="Microsoft-Windows-Security-Auditing" Guid="{54849625-5478-4994-a5ba-3e3b0328c30d}"/>
		<EventID Qualifiers="">4624</EventID>
		<Version>0</Version>
		<Level>0</Level>
		<Task>12544</Task>
		<Opcode>0</Opcode>
		<Keywords>0x8020000000000000</Keywords>
		<TimeCreated SystemTime="2016-07-29 23:46:58.077265"/>
		<EventRecordID>2108</EventRecordID>
		<Correlation ActivityID="" RelatedActivityID=""/>
		<Execution ProcessID="544" ThreadID="580"/>
		<Channel>Security</Channel>
		<Computer>WIN-03DLIIOFRRA</Computer>
		<Security UserID=""/>
	</System>
	<EventData>
		<Data Name="SubjectUserSid">S-1-5-18</Data>
		<Data Name="SubjectUserName">WIN-03DLIIOFRRA$</Data>
		<Data Name="SubjectDomainName">WORKGROUP</Data>
		<Data Name="SubjectLogonId">0x00000000000003e7</Data>
		<Data Name="TargetUserSid">S-1-5-21-2603537626-3982775912-406486804-1000</Data>
		<Data Name="TargetUserName">fsir</Data>
		<Data Name="TargetDomainName">WIN-03DLIIOFRRA</Data>
		<Data Name="TargetLogonId">0x0000000000b09484</Data>
		<Data Name="LogonType">7</Data>
		<Data Name="LogonProcessName">User32 </Data>
		<Data Name="AuthenticationPackageName">Negotiate</Data>
		<Data Name="WorkstationName">WIN-03DLIIOFRRA</Data>
		<Data Name="LogonGuid">{00000000-0000-0000-0000-000000000000}</Data>
		<Data Name="TransmittedServices">-</Data>
		<Data Name="LmPackageName">-</Data>
		<Data Name="KeyLength">0</Data>
		<Data Name="ProcessId">0x00000000000001ec</Data>
		<Data Name="ProcessName">C:\Windows\System32\winlogon.exe</Data>
		<Data Name="IpAddress">127.0.0.1</Data>
		<Data Name="IpPort">0</Data>
	</EventData>
</Event>

<Event xmlns="http://schemas.microsoft.com/win/2004/08/events/event">
	<System>
		<Provider Name="Microsoft-Windows-Security-Auditing" Guid="{54849625-5478-4994-a5ba-3e3b0328c30d}"/>
		<EventID Qualifiers="">4624</EventID>
		<Version>0</Version>
		<Level>0</Level>
		<Task>12544</Task>
		<Opcode>0</Opcode>
		<Keywords>0x8020000000000000</Keywords>
		<TimeCreated SystemTime="2016-07-29 23:46:58.077265"/>
		<EventRecordID>2109</EventRecordID>
		<Correlation ActivityID="" RelatedActivityID=""/>
		<Execution ProcessID="544" ThreadID="580"/>
		<Channel>Security</Channel>
		<Computer>WIN-03DLIIOFRRA</Computer>
		<Security UserID=""/>
	</System>
	<EventData>
		<Data Name="SubjectUserSid">S-1-5-18</Data>
		<Data Name="SubjectUserName">WIN-03DLIIOFRRA$</Data>
		<Data Name="SubjectDomainName">WORKGROUP</Data>
		<Data Name="SubjectLogonId">0x00000000000003e7</Data>
		<Data Name="TargetUserSid">S-1-5-21-2603537626-3982775912-406486804-1000</Data>
		<Data Name="TargetUserName">fsir</Data>
		<Data Name="TargetDomainName">WIN-03DLIIOFRRA</Data>
		<Data Name="TargetLogonId">0x0000000000b09492</Data>
		<Data Name="LogonType">7</Data>
		<Data Name="LogonProcessName">User32 </Data>
		<Data Name="AuthenticationPackageName">Negotiate</Data>
		<Data Name="WorkstationName">WIN-03DLIIOFRRA</Data>
		<Data Name="LogonGuid">{00000000-0000-0000-0000-000000000000}</Data>
		<Data Name="TransmittedServices">-</Data>
		<Data Name="LmPackageName">-</Data>
		<Data Name="KeyLength">0</Data>
		<Data Name="ProcessId">0x00000000000001ec</Data>
		<Data Name="ProcessName">C:\Windows\System32\winlogon.exe</Data>
		<Data Name="IpAddress">127.0.0.1</Data>
		<Data Name="IpPort">0</Data>
	</EventData>
</Event>

<Event xmlns="http://schemas.microsoft.com/win/2004/08/events/event">
	<System>
		<Provider Name="Microsoft-Windows-Security-Auditing" Guid="{54849625-5478-4994-a5ba-3e3b0328c30d}"/>
		<EventID Qualifiers="">4624</EventID>
		<Version>0</Version>
		<Level>0</Level>
		<Task>12544</Task>
		<Opcode>0</Opcode>
		<Keywords>0x8020000000000000</Keywords>
		<TimeCreated SystemTime="2016-07-29 23:50:59.900423"/>
		<EventRecordID>2116</EventRecordID>
		<Correlation ActivityID="" RelatedActivityID=""/>
		<Execution ProcessID="540" ThreadID="544"/>
		<Channel>Security</Channel>
		<Computer>WIN-03DLIIOFRRA</Computer>
		<Security UserID=""/>
	</System>
	<EventData>
		<Data Name="SubjectUserSid">S-1-0-0</Data>
		<Data Name="SubjectUserName">-</Data>
		<Data Name="SubjectDomainName">-</Data>
		<Data Name="SubjectLogonId">0x0000000000000000</Data>
		<Data Name="TargetUserSid">S-1-5-18</Data>
		<Data Name="TargetUserName">SYSTEM</Data>
		<Data Name="TargetDomainName">NT AUTHORITY</Data>
		<Data Name="TargetLogonId">0x00000000000003e7</Data>
		<Data Name="LogonType">0</Data>
		<Data Name="LogonProcessName">-</Data>
		<Data Name="AuthenticationPackageName">-</Data>
		<Data Name="WorkstationName">-</Data>
		<Data Name="LogonGuid">{00000000-0000-0000-0000-000000000000}</Data>
		<Data Name="TransmittedServices">-</Data>
		<Data Name="LmPackageName">-</Data>
		<Data Name="KeyLength">0</Data>
		<Data Name="ProcessId">0x0000000000000004</Data>
		<Data Name="ProcessName"/>
		<Data Name="IpAddress">-</Data>
		<Data Name="IpPort">-</Data>
	</EventData>
</Event>

<Event xmlns="http://schemas.microsoft.com/win/2004/08/events/event">
	<System>
		<Provider Name="Microsoft-Windows-Security-Auditing" Guid="{54849625-5478-4994-a5ba-3e3b0328c30d}"/>
		<EventID Qualifiers="">4624</EventID>
		<Version>0</Version>
		<Level>0</Level>
		<Task>12544</Task>
		<Opcode>0</Opcode>
		<Keywords>0x8020000000000000</Keywords>
		<TimeCreated SystemTime="2016-07-29 23:51:00.040823"/>
		<EventRecordID>2118</EventRecordID>
		<Correlation ActivityID="" RelatedActivityID=""/>
		<Execution ProcessID="540" ThreadID="632"/>
		<Channel>Security</Channel>
		<Computer>WIN-03DLIIOFRRA</Computer>
		<Security UserID=""/>
	</System>
	<EventData>
		<Data Name="SubjectUserSid">S-1-5-18</Data>
		<Data Name="SubjectUserName">WIN-03DLIIOFRRA$</Data>
		<Data Name="SubjectDomainName">WORKGROUP</Data>
		<Data Name="SubjectLogonId">0x00000000000003e7</Data>
		<Data Name="TargetUserSid">S-1-5-18</Data>
		<Data Name="TargetUserName">SYSTEM</Data>
		<Data Name="TargetDomainName">NT AUTHORITY</Data>
		<Data Name="TargetLogonId">0x00000000000003e7</Data>
		<Data Name="LogonType">5</Data>
		<Data Name="LogonProcessName">Advapi  </Data>
		<Data Name="AuthenticationPackageName">Negotiate</Data>
		<Data Name="WorkstationName"/>
		<Data Name="LogonGuid">{00000000-0000-0000-0000-000000000000}</Data>
		<Data Name="TransmittedServices">-</Data>
		<Data Name="LmPackageName">-</Data>
		<Data Name="KeyLength">0</Data>
		<Data Name="ProcessId">0x00000000000001e0</Data>
		<Data Name="ProcessName">C:\Windows\System32\services.exe</Data>
		<Data Name="IpAddress">-</Data>
		<Data Name="IpPort">-</Data>
	</EventData>
</Event>

<Event xmlns="http://schemas.microsoft.com/win/2004/08/events/event">
	<System>
		<Provider Name="Microsoft-Windows-Security-Auditing" Guid="{54849625-5478-4994-a5ba-3e3b0328c30d}"/>
		<EventID Qualifiers="">4624</EventID>
		<Version>0</Version>
		<Level>0</Level>
		<Task>12544</Task>
		<Opcode>0</Opcode>
		<Keywords>0x8020000000000000</Keywords>
		<TimeCreated SystemTime="2016-07-29 23:51:00.228024"/>
		<EventRecordID>2120</EventRecordID>
		<Correlation ActivityID="" RelatedActivityID=""/>
		<Execution ProcessID="540" ThreadID="632"/>
		<Channel>Security</Channel>
		<Computer>WIN-03DLIIOFRRA</Computer>
		<Security UserID=""/>
	</System>
	<EventData>
		<Data Name="SubjectUserSid">S-1-5-18</Data>
		<Data Name="SubjectUserName">WIN-03DLIIOFRRA$</Data>
		<Data Name="SubjectDomainName">WORKGROUP</Data>
		<Data Name="SubjectLogonId">0x00000000000003e7</Data>
		<Data Name="TargetUserSid">S-1-5-20</Data>
		<Data Name="TargetUserName">NETWORK SERVICE</Data>
		<Data Name="TargetDomainName">NT AUTHORITY</Data>
		<Data Name="TargetLogonId">0x00000000000003e4</Data>
		<Data Name="LogonType">5</Data>
		<Data Name="LogonProcessName">Advapi  </Data>
		<Data Name="AuthenticationPackageName">Negotiate</Data>
		<Data Name="WorkstationName"/>
		<Data Name="LogonGuid">{00000000-0000-0000-0000-000000000000}</Data>
		<Data Name="TransmittedServices">-</Data>
		<Data Name="LmPackageName">-</Data>
		<Data Name="KeyLength">0</Data>
		<Data Name="ProcessId">0x00000000000001e0</Data>
		<Data Name="ProcessName">C:\Windows\System32\services.exe</Data>
		<Data Name="IpAddress">-</Data>
		<Data Name="IpPort">-</Data>
	</EventData>
</Event>

<Event xmlns="http://schemas.microsoft.com/win/2004/08/events/event">
	<System>
		<Provider Name="Microsoft-Windows-Security-Auditing" Guid="{54849625-5478-4994-a5ba-3e3b0328c30d}"/>
		<EventID Qualifiers="">4624</EventID>
		<Version>0</Version>
		<Level>0</Level>
		<Task>12544</Task>
		<Opcode>0</Opcode>
		<Keywords>0x8020000000000000</Keywords>
		<TimeCreated SystemTime="2016-07-29 23:51:00.290424"/>
		<EventRecordID>2122</EventRecordID>
		<Correlation ActivityID="" RelatedActivityID=""/>
		<Execution ProcessID="540" ThreadID="632"/>
		<Channel>Security</Channel>
		<Computer>WIN-03DLIIOFRRA</Computer>
		<Security UserID=""/>
	</System>
	<EventData>
		<Data Name="SubjectUserSid">S-1-5-18</Data>
		<Data Name="SubjectUserName">WIN-03DLIIOFRRA$</Data>
		<Data Name="SubjectDomainName">WORKGROUP</Data>
		<Data Name="SubjectLogonId">0x00000000000003e7</Data>
		<Data Name="TargetUserSid">S-1-5-19</Data>
		<Data Name="TargetUserName">LOCAL SERVICE</Data>
		<Data Name="TargetDomainName">NT AUTHORITY</Data>
		<Data Name="TargetLogonId">0x00000000000003e5</Data>
		<Data Name="LogonType">5</Data>
		<Data Name="LogonProcessName">Advapi  </Data>
		<Data Name="AuthenticationPackageName">Negotiate</Data>
		<Data Name="WorkstationName"/>
		<Data Name="LogonGuid">{00000000-0000-0000-0000-000000000000}</Data>
		<Data Name="TransmittedServices">-</Data>
		<Data Name="LmPackageName">-</Data>
		<Data Name="KeyLength">0</Data>
		<Data Name="ProcessId">0x00000000000001e0</Data>
		<Data Name="ProcessName">C:\Windows\System32\services.exe</Data>
		<Data Name="IpAddress">-</Data>
		<Data Name="IpPort">-</Data>
	</EventData>
</Event>

<Event xmlns="http://schemas.microsoft.com/win/2004/08/events/event">
	<System>
		<Provider Name="Microsoft-Windows-Security-Auditing" Guid="{54849625-5478-4994-a5ba-3e3b0328c30d}"/>
		<EventID Qualifiers="">4624</EventID>
		<Version>0</Version>
		<Level>0</Level>
		<Task>12544</Task>
		<Opcode>0</Opcode>
		<Keywords>0x8020000000000000</Keywords>
		<TimeCreated SystemTime="2016-07-29 23:51:00.352823"/>
		<EventRecordID>2124</EventRecordID>
		<Correlation ActivityID="" RelatedActivityID=""/>
		<Execution ProcessID="540" ThreadID="632"/>
		<Channel>Security</Channel>
		<Computer>WIN-03DLIIOFRRA</Computer>
		<Security UserID=""/>
	</System>
	<EventData>
		<Data Name="SubjectUserSid">S-1-5-18</Data>
		<Data Name="SubjectUserName">WIN-03DLIIOFRRA$</Data>
		<Data Name="SubjectDomainName">WORKGROUP</Data>
		<Data Name="SubjectLogonId">0x00000000000003e7</Data>
		<Data Name="TargetUserSid">S-1-5-18</Data>
		<Data Name="TargetUserName">SYSTEM</Data>
		<Data Name="TargetDomainName">NT AUTHORITY</Data>
		<Data Name="TargetLogonId">0x00000000000003e7</Data>
		<Data Name="LogonType">5</Data>
		<Data Name="LogonProcessName">Advapi  </Data>
		<Data Name="AuthenticationPackageName">Negotiate</Data>
		<Data Name="WorkstationName"/>
		<Data Name="LogonGuid">{00000000-0000-0000-0000-000000000000}</Data>
		<Data Name="TransmittedServices">-</Data>
		<Data Name="LmPackageName">-</Data>
		<Data Name="KeyLength">0</Data>
		<Data Name="ProcessId">0x00000000000001e0</Data>
		<Data Name="ProcessName">C:\Windows\System32\services.exe</Data>
		<Data Name="IpAddress">-</Data>
		<Data Name="IpPort">-</Data>
	</EventData>
</Event>

<Event xmlns="http://schemas.microsoft.com/win/2004/08/events/event">
	<System>
		<Provider Name="Microsoft-Windows-Security-Auditing" Guid="{54849625-5478-4994-a5ba-3e3b0328c30d}"/>
		<EventID Qualifiers="">4624</EventID>
		<Version>0</Version>
		<Level>0</Level>
		<Task>12544</Task>
		<Opcode>0</Opcode>
		<Keywords>0x8020000000000000</Keywords>
		<TimeCreated SystemTime="2016-07-29 23:51:00.384024"/>
		<EventRecordID>2126</EventRecordID>
		<Correlation ActivityID="" RelatedActivityID=""/>
		<Execution ProcessID="540" ThreadID="612"/>
		<Channel>Security</Channel>
		<Computer>WIN-03DLIIOFRRA</Computer>
		<Security UserID=""/>
	</System>
	<EventData>
		<Data Name="SubjectUserSid">S-1-5-18</Data>
		<Data Name="SubjectUserName">WIN-03DLIIOFRRA$</Data>
		<Data Name="SubjectDomainName">WORKGROUP</Data>
		<Data Name="SubjectLogonId">0x00000000000003e7</Data>
		<Data Name="TargetUserSid">S-1-5-18</Data>
		<Data Name="TargetUserName">SYSTEM</Data>
		<Data Name="TargetDomainName">NT AUTHORITY</Data>
		<Data Name="TargetLogonId">0x00000000000003e7</Data>
		<Data Name="LogonType">5</Data>
		<Data Name="LogonProcessName">Advapi  </Data>
		<Data Name="AuthenticationPackageName">Negotiate</Data>
		<Data Name="WorkstationName"/>
		<Data Name="LogonGuid">{00000000-0000-0000-0000-000000000000}</Data>
		<Data Name="TransmittedServices">-</Data>
		<Data Name="LmPackageName">-</Data>
		<Data Name="KeyLength">0</Data>
		<Data Name="ProcessId">0x00000000000001e0</Data>
		<Data Name="ProcessName">C:\Windows\System32\services.exe</Data>
		<Data Name="IpAddress">-</Data>
		<Data Name="IpPort">-</Data>
	</EventData>
</Event>

<Event xmlns="http://schemas.microsoft.com/win/2004/08/events/event">
	<System>
		<Provider Name="Microsoft-Windows-Security-Auditing" Guid="{54849625-5478-4994-a5ba-3e3b0328c30d}"/>
		<EventID Qualifiers="">4624</EventID>
		<Version>0</Version>
		<Level>0</Level>
		<Task>12544</Task>
		<Opcode>0</Opcode>
		<Keywords>0x8020000000000000</Keywords>
		<TimeCreated SystemTime="2016-07-29 23:51:02.346226"/>
		<EventRecordID>2128</EventRecordID>
		<Correlation ActivityID="" RelatedActivityID=""/>
		<Execution ProcessID="540" ThreadID="588"/>
		<Channel>Security</Channel>
		<Computer>WIN-03DLIIOFRRA</Computer>
		<Security UserID=""/>
	</System>
	<EventData>
		<Data Name="SubjectUserSid">S-1-5-18</Data>
		<Data Name="SubjectUserName">WIN-03DLIIOFRRA$</Data>
		<Data Name="SubjectDomainName">WORKGROUP</Data>
		<Data Name="SubjectLogonId">0x00000000000003e7</Data>
		<Data Name="TargetUserSid">S-1-5-18</Data>
		<Data Name="TargetUserName">SYSTEM</Data>
		<Data Name="TargetDomainName">NT AUTHORITY</Data>
		<Data Name="TargetLogonId">0x00000000000003e7</Data>
		<Data Name="LogonType">5</Data>
		<Data Name="LogonProcessName">Advapi  </Data>
		<Data Name="AuthenticationPackageName">Negotiate</Data>
		<Data Name="WorkstationName"/>
		<Data Name="LogonGuid">{00000000-0000-0000-0000-000000000000}</Data>
		<Data Name="TransmittedServices">-</Data>
		<Data Name="LmPackageName">-</Data>
		<Data Name="KeyLength">0</Data>
		<Data Name="ProcessId">0x00000000000001e0</Data>
		<Data Name="ProcessName">C:\Windows\System32\services.exe</Data>
		<Data Name="IpAddress">-</Data>
		<Data Name="IpPort">-</Data>
	</EventData>
</Event>

