<Event xmlns="http://schemas.microsoft.com/win/2004/08/events/event">
	<System>
		<Provider Name="Microsoft-Windows-Security-Auditing" Guid="{54849625-5478-4994-a5ba-3e3b0328c30d}"/>
		<EventID Qualifiers="">4624</EventID>
		<Version>0</Version>
		<Level>0</Level>
		<Task>12544</Task>
		<Opcode>0</Opcode>
		<Keywords>0x8020000000000000</Keywords>
		<TimeCreated SystemTime="2017-03-21 17:23:59.961552"/>
		<EventRecordID>2193</EventRecordID>
		<Correlation ActivityID="" RelatedActivityID=""/>
		<Execution ProcessID="536" ThreadID="572"/>
		<Channel>Security</Channel>
		<Computer>WIN-03DLIIOFRRA</Computer>
		<Security UserID=""/>
	</System>
	<EventData>
		<Data Name="SubjectUserSid">S-1-5-18</Data>
		<Data Name="SubjectUserName">WIN-03DLIIOFRRA$</Data>
		<Data Name="SubjectDomainName">WORKGROUP</Data>
		<Data Name="SubjectLogonId">0x00000000000003e7</Data>
		<Data Name="TargetUserSid">S-1-5-21-2603537626-3982775912-406486804-1000</Data>
		<Data Name="TargetUserName">fsir</Data>
		<Data Name="TargetDomainName">WIN-03DLIIOFRRA</Data>
		<Data Name="TargetLogonId">0x000000000002939d</Data>
		<Data Name="LogonType">2</Data>
		<Data Name="LogonProcessName">User32 </Data>
		<Data Name="AuthenticationPackageName">Negotiate</Data>
		<Data Name="WorkstationName">WIN-03DLIIOFRRA</Data>
		<Data Name="LogonGuid">{00000000-0000-0000-0000-000000000000}</Data>
		<Data Name="TransmittedServices">-</Data>
		<Data Name="LmPackageName">-</Data>
		<Data Name="KeyLength">0</Data>
		<Data Name="ProcessId">0x00000000000001e0</Data>
		<Data Name="ProcessName">C:\Windows\System32\winlogon.exe</Data>
		<Data Name="IpAddress">127.0.0.1</Data>
		<Data Name="IpPort">0</Data>
	</EventData>
</Event>

<Event xmlns="http://schemas.microsoft.com/win/2004/08/events/event">
	<System>
		<Provider Name="Microsoft-Windows-Security-Auditing" Guid="{54849625-5478-4994-a5ba-3e3b0328c30d}"/>
		<EventID Qualifiers="">4624</EventID>
		<Version>0</Version>
		<Level>0</Level>
		<Task>12544</Task>
		<Opcode>0</Opcode>
		<Keywords>0x8020000000000000</Keywords>
		<TimeCreated SystemTime="2017-03-21 17:23:59.961552"/>
		<EventRecordID>2194</EventRecordID>
		<Correlation ActivityID="" RelatedActivityID=""/>
		<Execution ProcessID="536" ThreadID="572"/>
		<Channel>Security</Channel>
		<Computer>WIN-03DLIIOFRRA</Computer>
		<Security UserID=""/>
	</System>
	<EventData>
		<Data Name="SubjectUserSid">S-1-5-18</Data>
		<Data Name="SubjectUserName">WIN-03DLIIOFRRA$</Data>
		<Data Name="SubjectDomainName">WORKGROUP</Data>
		<Data Name="SubjectLogonId">0x00000000000003e7</Data>
		<Data Name="TargetUserSid">S-1-5-21-2603537626-3982775912-406486804-1000</Data>
		<Data Name="TargetUserName">fsir</Data>
		<Data Name="TargetDomainName">WIN-03DLIIOFRRA</Data>
		<Data Name="TargetLogonId">0x00000000000293cb</Data>
		<Data Name="LogonType">2</Data>
		<Data Name="LogonProcessName">User32 </Data>
		<Data Name="AuthenticationPackageName">Negotiate</Data>
		<Data Name="WorkstationName">WIN-03DLIIOFRRA</Data>
		<Data Name="LogonGuid">{00000000-0000-0000-0000-000000000000}</Data>
		<Data Name="TransmittedServices">-</Data>
		<Data Name="LmPackageName">-</Data>
		<Data Name="KeyLength">0</Data>
		<Data Name="ProcessId">0x00000000000001e0</Data>
		<Data Name="ProcessName">C:\Windows\System32\winlogon.exe</Data>
		<Data Name="IpAddress">127.0.0.1</Data>
		<Data Name="IpPort">0</Data>
	</EventData>
</Event>

<Event xmlns="http://schemas.microsoft.com/win/2004/08/events/event">
	<System>
		<Provider Name="Microsoft-Windows-Security-Auditing" Guid="{54849625-5478-4994-a5ba-3e3b0328c30d}"/>
		<EventID Qualifiers="">4624</EventID>
		<Version>0</Version>
		<Level>0</Level>
		<Task>12544</Task>
		<Opcode>0</Opcode>
		<Keywords>0x8020000000000000</Keywords>
		<TimeCreated SystemTime="2017-03-21 17:24:21.411589"/>
		<EventRecordID>2196</EventRecordID>
		<Correlation ActivityID="" RelatedActivityID=""/>
		<Execution ProcessID="536" ThreadID="604"/>
		<Channel>Security</Channel>
		<Computer>WIN-03DLIIOFRRA</Computer>
		<Security UserID=""/>
	</System>
	<EventData>
		<Data Name="SubjectUserSid">S-1-5-18</Data>
		<Data Name="SubjectUserName">WIN-03DLIIOFRRA$</Data>
		<Data Name="SubjectDomainName">WORKGROUP</Data>
		<Data Name="SubjectLogonId">0x00000000000003e7</Data>
		<Data Name="TargetUserSid">S-1-5-18</Data>
		<Data Name="TargetUserName">SYSTEM</Data>
		<Data Name="TargetDomainName">NT AUTHORITY</Data>
		<Data Name="TargetLogonId">0x00000000000003e7</Data>
		<Data Name="LogonType">5</Data>
		<Data Name="LogonProcessName">Advapi  </Data>
		<Data Name="AuthenticationPackageName">Negotiate</Data>
		<Data Name="WorkstationName"/>
		<Data Name="LogonGuid">{00000000-0000-0000-0000-000000000000}</Data>
		<Data Name="TransmittedServices">-</Data>
		<Data Name="LmPackageName">-</Data>
		<Data Name="KeyLength">0</Data>
		<Data Name="ProcessId">0x0000000000000210</Data>
		<Data Name="ProcessName">C:\Windows\System32\services.exe</Data>
		<Data Name="IpAddress">-</Data>
		<Data Name="IpPort">-</Data>
	</EventData>
</Event>

<Event xmlns="http://schemas.microsoft.com/win/2004/08/events/event">
	<System>
		<Provider Name="Microsoft-Windows-Security-Auditing" Guid="{54849625-5478-4994-a5ba-3e3b0328c30d}"/>
		<EventID Qualifiers="">4624</EventID>
		<Version>0</Version>
		<Level>0</Level>
		<Task>12544</Task>
		<Opcode>0</Opcode>
		<Keywords>0x8020000000000000</Keywords>
		<TimeCreated SystemTime="2017-04-14 01:16:24.209051"/>
		<EventRecordID>2200</EventRecordID>
		<Correlation ActivityID="" RelatedActivityID=""/>
		<Execution ProcessID="536" ThreadID="540"/>
		<Channel>Security</Channel>
		<Computer>WIN-03DLIIOFRRA</Computer>
		<Security UserID=""/>
	</System>
	<EventData>
		<Data Name="SubjectUserSid">S-1-0-0</Data>
		<Data Name="SubjectUserName">-</Data>
		<Data Name="SubjectDomainName">-</Data>
		<Data Name="SubjectLogonId">0x0000000000000000</Data>
		<Data Name="TargetUserSid">S-1-5-18</Data>
		<Data Name="TargetUserName">SYSTEM</Data>
		<Data Name="TargetDomainName">NT AUTHORITY</Data>
		<Data Name="TargetLogonId">0x00000000000003e7</Data>
		<Data Name="LogonType">0</Data>
		<Data Name="LogonProcessName">-</Data>
		<Data Name="AuthenticationPackageName">-</Data>
		<Data Name="WorkstationName">-</Data>
		<Data Name="LogonGuid">{00000000-0000-0000-0000-000000000000}</Data>
		<Data Name="TransmittedServices">-</Data>
		<Data Name="LmPackageName">-</Data>
		<Data Name="KeyLength">0</Data>
		<Data Name="ProcessId">0x0000000000000004</Data>
		<Data Name="ProcessName"/>
		<Data Name="IpAddress">-</Data>
		<Data Name="IpPort">-</Data>
	</EventData>
</Event>

<Event xmlns="http://schemas.microsoft.com/win/2004/08/events/event">
	<System>
		<Provider Name="Microsoft-Windows-Security-Auditing" Guid="{54849625-5478-4994-a5ba-3e3b0328c30d}"/>
		<EventID Qualifiers="">4624</EventID>
		<Version>0</Version>
		<Level>0</Level>
		<Task>12544</Task>
		<Opcode>0</Opcode>
		<Keywords>0x8020000000000000</Keywords>
		<TimeCreated SystemTime="2017-04-14 01:16:27.126255"/>
		<EventRecordID>2202</EventRecordID>
		<Correlation ActivityID="" RelatedActivityID=""/>
		<Execution ProcessID="536" ThreadID="636"/>
		<Channel>Security</Channel>
		<Computer>WIN-03DLIIOFRRA</Computer>
		<Security UserID=""/>
	</System>
	<EventData>
		<Data Name="SubjectUserSid">S-1-5-18</Data>
		<Data Name="SubjectUserName">WIN-03DLIIOFRRA$</Data>
		<Data Name="SubjectDomainName">WORKGROUP</Data>
		<Data Name="SubjectLogonId">0x00000000000003e7</Data>
		<Data Name="TargetUserSid">S-1-5-18</Data>
		<Data Name="TargetUserName">SYSTEM</Data>
		<Data Name="TargetDomainName">NT AUTHORITY</Data>
		<Data Name="TargetLogonId">0x00000000000003e7</Data>
		<Data Name="LogonType">5</Data>
		<Data Name="LogonProcessName">Advapi  </Data>
		<Data Name="AuthenticationPackageName">Negotiate</Data>
		<Data Name="WorkstationName"/>
		<Data Name="LogonGuid">{00000000-0000-0000-0000-000000000000}</Data>
		<Data Name="TransmittedServices">-</Data>
		<Data Name="LmPackageName">-</Data>
		<Data Name="KeyLength">0</Data>
		<Data Name="ProcessId">0x0000000000000210</Data>
		<Data Name="ProcessName">C:\Windows\System32\services.exe</Data>
		<Data Name="IpAddress">-</Data>
		<Data Name="IpPort">-</Data>
	</EventData>
</Event>

<Event xmlns="http://schemas.microsoft.com/win/2004/08/events/event">
	<System>
		<Provider Name="Microsoft-Windows-Security-Auditing" Guid="{54849625-5478-4994-a5ba-3e3b0328c30d}"/>
		<EventID Qualifiers="">4624</EventID>
		<Version>0</Version>
		<Level>0</Level>
		<Task>12544</Task>
		<Opcode>0</Opcode>
		<Keywords>0x8020000000000000</Keywords>
		<TimeCreated SystemTime="2017-04-14 01:16:29.138659"/>
		<EventRecordID>2204</EventRecordID>
		<Correlation ActivityID="" RelatedActivityID=""/>
		<Execution ProcessID="536" ThreadID="636"/>
		<Channel>Security</Channel>
		<Computer>WIN-03DLIIOFRRA</Computer>
		<Security UserID=""/>
	</System>
	<EventData>
		<Data Name="SubjectUserSid">S-1-5-18</Data>
		<Data Name="SubjectUserName">WIN-03DLIIOFRRA$</Data>
		<Data Name="SubjectDomainName">WORKGROUP</Data>
		<Data Name="SubjectLogonId">0x00000000000003e7</Data>
		<Data Name="TargetUserSid">S-1-5-20</Data>
		<Data Name="TargetUserName">NETWORK SERVICE</Data>
		<Data Name="TargetDomainName">NT AUTHORITY</Data>
		<Data Name="TargetLogonId">0x00000000000003e4</Data>
		<Data Name="LogonType">5</Data>
		<Data Name="LogonProcessName">Advapi  </Data>
		<Data Name="AuthenticationPackageName">Negotiate</Data>
		<Data Name="WorkstationName"/>
		<Data Name="LogonGuid">{00000000-0000-0000-0000-000000000000}</Data>
		<Data Name="TransmittedServices">-</Data>
		<Data Name="LmPackageName">-</Data>
		<Data Name="KeyLength">0</Data>
		<Data Name="ProcessId">0x0000000000000210</Data>
		<Data Name="ProcessName">C:\Windows\System32\services.exe</Data>
		<Data Name="IpAddress">-</Data>
		<Data Name="IpPort">-</Data>
	</EventData>
</Event>

<Event xmlns="http://schemas.microsoft.com/win/2004/08/events/event">
	<System>
		<Provider Name="Microsoft-Windows-Security-Auditing" Guid="{54849625-5478-4994-a5ba-3e3b0328c30d}"/>
		<EventID Qualifiers="">4624</EventID>
		<Version>0</Version>
		<Level>0</Level>
		<Task>12544</Task>
		<Opcode>0</Opcode>
		<Keywords>0x8020000000000000</Keywords>
		<TimeCreated SystemTime="2017-04-14 01:16:29.700260"/>
		<EventRecordID>2206</EventRecordID>
		<Correlation ActivityID="" RelatedActivityID=""/>
		<Execution ProcessID="536" ThreadID="636"/>
		<Channel>Security</Channel>
		<Computer>WIN-03DLIIOFRRA</Computer>
		<Security UserID=""/>
	</System>
	<EventData>
		<Data Name="SubjectUserSid">S-1-5-18</Data>
		<Data Name="SubjectUserName">WIN-03DLIIOFRRA$</Data>
		<Data Name="SubjectDomainName">WORKGROUP</Data>
		<Data Name="SubjectLogonId">0x00000000000003e7</Data>
		<Data Name="TargetUserSid">S-1-5-19</Data>
		<Data Name="TargetUserName">LOCAL SERVICE</Data>
		<Data Name="TargetDomainName">NT AUTHORITY</Data>
		<Data Name="TargetLogonId">0x00000000000003e5</Data>
		<Data Name="LogonType">5</Data>
		<Data Name="LogonProcessName">Advapi  </Data>
		<Data Name="AuthenticationPackageName">Negotiate</Data>
		<Data Name="WorkstationName"/>
		<Data Name="LogonGuid">{00000000-0000-0000-0000-000000000000}</Data>
		<Data Name="TransmittedServices">-</Data>
		<Data Name="LmPackageName">-</Data>
		<Data Name="KeyLength">0</Data>
		<Data Name="ProcessId">0x0000000000000210</Data>
		<Data Name="ProcessName">C:\Windows\System32\services.exe</Data>
		<Data Name="IpAddress">-</Data>
		<Data Name="IpPort">-</Data>
	</EventData>
</Event>

<Event xmlns="http://schemas.microsoft.com/win/2004/08/events/event">
	<System>
		<Provider Name="Microsoft-Windows-Security-Auditing" Guid="{54849625-5478-4994-a5ba-3e3b0328c30d}"/>
		<EventID Qualifiers="">4624</EventID>
		<Version>0</Version>
		<Level>0</Level>
		<Task>12544</Task>
		<Opcode>0</Opcode>
		<Keywords>0x8020000000000000</Keywords>
		<TimeCreated SystemTime="2017-04-14 01:16:30.714262"/>
		<EventRecordID>2208</EventRecordID>
		<Correlation ActivityID="" RelatedActivityID=""/>
		<Execution ProcessID="536" ThreadID="632"/>
		<Channel>Security</Channel>
		<Computer>WIN-03DLIIOFRRA</Computer>
		<Security UserID=""/>
	</System>
	<EventData>
		<Data Name="SubjectUserSid">S-1-5-18</Data>
		<Data Name="SubjectUserName">WIN-03DLIIOFRRA$</Data>
		<Data Name="SubjectDomainName">WORKGROUP</Data>
		<Data Name="SubjectLogonId">0x00000000000003e7</Data>
		<Data Name="TargetUserSid">S-1-5-18</Data>
		<Data Name="TargetUserName">SYSTEM</Data>
		<Data Name="TargetDomainName">NT AUTHORITY</Data>
		<Data Name="TargetLogonId">0x00000000000003e7</Data>
		<Data Name="LogonType">5</Data>
		<Data Name="LogonProcessName">Advapi  </Data>
		<Data Name="AuthenticationPackageName">Negotiate</Data>
		<Data Name="WorkstationName"/>
		<Data Name="LogonGuid">{00000000-0000-0000-0000-000000000000}</Data>
		<Data Name="TransmittedServices">-</Data>
		<Data Name="LmPackageName">-</Data>
		<Data Name="KeyLength">0</Data>
		<Data Name="ProcessId">0x0000000000000210</Data>
		<Data Name="ProcessName">C:\Windows\System32\services.exe</Data>
		<Data Name="IpAddress">-</Data>
		<Data Name="IpPort">-</Data>
	</EventData>
</Event>

<Event xmlns="http://schemas.microsoft.com/win/2004/08/events/event">
	<System>
		<Provider Name="Microsoft-Windows-Security-Auditing" Guid="{54849625-5478-4994-a5ba-3e3b0328c30d}"/>
		<EventID Qualifiers="">4624</EventID>
		<Version>0</Version>
		<Level>0</Level>
		<Task>12544</Task>
		<Opcode>0</Opcode>
		<Keywords>0x8020000000000000</Keywords>
		<TimeCreated SystemTime="2017-04-14 01:16:30.745462"/>
		<EventRecordID>2210</EventRecordID>
		<Correlation ActivityID="" RelatedActivityID=""/>
		<Execution ProcessID="536" ThreadID="632"/>
		<Channel>Security</Channel>
		<Computer>WIN-03DLIIOFRRA</Computer>
		<Security UserID=""/>
	</System>
	<EventData>
		<Data Name="SubjectUserSid">S-1-5-18</Data>
		<Data Name="SubjectUserName">WIN-03DLIIOFRRA$</Data>
		<Data Name="SubjectDomainName">WORKGROUP</Data>
		<Data Name="SubjectLogonId">0x00000000000003e7</Data>
		<Data Name="TargetUserSid">S-1-5-18</Data>
		<Data Name="TargetUserName">SYSTEM</Data>
		<Data Name="TargetDomainName">NT AUTHORITY</Data>
		<Data Name="TargetLogonId">0x00000000000003e7</Data>
		<Data Name="LogonType">5</Data>
		<Data Name="LogonProcessName">Advapi  </Data>
		<Data Name="AuthenticationPackageName">Negotiate</Data>
		<Data Name="WorkstationName"/>
		<Data Name="LogonGuid">{00000000-0000-0000-0000-000000000000}</Data>
		<Data Name="TransmittedServices">-</Data>
		<Data Name="LmPackageName">-</Data>
		<Data Name="KeyLength">0</Data>
		<Data Name="ProcessId">0x0000000000000210</Data>
		<Data Name="ProcessName">C:\Windows\System32\services.exe</Data>
		<Data Name="IpAddress">-</Data>
		<Data Name="IpPort">-</Data>
	</EventData>
</Event>

<Event xmlns="http://schemas.microsoft.com/win/2004/08/events/event">
	<System>
		<Provider Name="Microsoft-Windows-Security-Auditing" Guid="{54849625-5478-4994-a5ba-3e3b0328c30d}"/>
		<EventID Qualifiers="">4648</EventID>
		<Version>0</Version>
		<Level>0</Level>
		<Task>12544</Task>
		<Opcode>0</Opcode>
		<Keywords>0x8020000000000000</Keywords>
		<TimeCreated SystemTime="2017-04-14 01:17:28.502560"/>
		<EventRecordID>2212</EventRecordID>
		<Correlation ActivityID="" RelatedActivityID=""/>
		<Execution ProcessID="536" ThreadID="572"/>
		<Channel>Security</Channel>
		<Computer>WIN-03DLIIOFRRA</Computer>
		<Security UserID=""/>
	</System>
	<EventData>
		<Data Name="SubjectUserSid">S-1-5-18</Data>
		<Data Name="SubjectUserName">WIN-03DLIIOFRRA$</Data>
		<Data Name="SubjectDomainName">WORKGROUP</Data>
		<Data Name="SubjectLogonId">0x00000000000003e7</Data>
		<Data Name="LogonGuid">{00000000-0000-0000-0000-000000000000}</Data>
		<Data Name="TargetUserName">fsir</Data>
		<Data Name="TargetDomainName">WIN-03DLIIOFRRA</Data>
		<Data Name="TargetLogonGuid">{00000000-0000-0000-0000-000000000000}</Data>
		<Data Name="TargetServerName">localhost</Data>
		<Data Name="TargetInfo">localhost</Data>
		<Data Name="ProcessId">0x00000000000001e0</Data>
		<Data Name="ProcessName">C:\Windows\System32\winlogon.exe</Data>
		<Data Name="IpAddress">127.0.0.1</Data>
		<Data Name="IpPort">0</Data>
	</EventData>
</Event>

<Event xmlns="http://schemas.microsoft.com/win/2004/08/events/event">
	<System>
		<Provider Name="Microsoft-Windows-Security-Auditing" Guid="{54849625-5478-4994-a5ba-3e3b0328c30d}"/>
		<EventID Qualifiers="">4624</EventID>
		<Version>0</Version>
		<Level>0</Level>
		<Task>12544</Task>
		<Opcode>0</Opcode>
		<Keywords>0x8020000000000000</Keywords>
		<TimeCreated SystemTime="2017-04-14 01:17:28.502560"/>
		<EventRecordID>2213</EventRecordID>
		<Correlation ActivityID="" RelatedActivityID=""/>
		<Execution ProcessID="536" ThreadID="572"/>
		<Channel>Security</Channel>
		<Computer>WIN-03DLIIOFRRA</Computer>
		<Security UserID=""/>
	</System>
	<EventData>
		<Data Name="SubjectUserSid">S-1-5-18</Data>
		<Data Name="SubjectUserName">WIN-03DLIIOFRRA$</Data>
		<Data Name="SubjectDomainName">WORKGROUP</Data>
		<Data Name="SubjectLogonId">0x00000000000003e7</Data>
		<Data Name="TargetUserSid">S-1-5-21-2603537626-3982775912-406486804-1000</Data>
		<Data Name="TargetUserName">fsir</Data>
		<Data Name="TargetDomainName">WIN-03DLIIOFRRA</Data>
		<Data Name="TargetLogonId">0x000000000001ed21</Data>
		<Data Name="LogonType">2</Data>
		<Data Name="LogonProcessName">User32 </Data>
		<Data Name="AuthenticationPackageName">Negotiate</Data>
		<Data Name="WorkstationName">WIN-03DLIIOFRRA</Data>
		<Data Name="LogonGuid">{00000000-0000-0000-0000-000000000000}</Data>
		<Data Name="TransmittedServices">-</Data>
		<Data Name="LmPackageName">-</Data>
		<Data Name="KeyLength">0</Data>
		<Data Name="ProcessId">0x00000000000001e0</Data>
		<Data Name="ProcessName">C:\Windows\System32\winlogon.exe</Data>
		<Data Name="IpAddress">127.0.0.1</Data>
		<Data Name="IpPort">0</Data>
	</EventData>
</Event>

<Event xmlns="http://schemas.microsoft.com/win/2004/08/events/event">
	<System>
		<Provider Name="Microsoft-Windows-Security-Auditing" Guid="{54849625-5478-4994-a5ba-3e3b0328c30d}"/>
		<EventID Qualifiers="">4624</EventID>
		<Version>0</Version>
		<Level>0</Level>
		<Task>12544</Task>
		<Opcode>0</Opcode>
		<Keywords>0x8020000000000000</Keywords>
		<TimeCreated SystemTime="2017-04-14 01:17:28.502560"/>
		<EventRecordID>2214</EventRecordID>
		<Correlation ActivityID="" RelatedActivityID=""/>
		<Execution ProcessID="536" ThreadID="572"/>
		<Channel>Security</Channel>
		<Computer>WIN-03DLIIOFRRA</Computer>
		<Security UserID=""/>
	</System>
	<EventData>
		<Data Name="SubjectUserSid">S-1-5-18</Data>
		<Data Name="SubjectUserName">WIN-03DLIIOFRRA$</Data>
		<Data Name="SubjectDomainName">WORKGROUP</Data>
		<Data Name="SubjectLogonId">0x00000000000003e7</Data>
		<Data Name="TargetUserSid">S-1-5-21-2603537626-3982775912-406486804-1000</Data>
		<Data Name="TargetUserName">fsir</Data>
		<Data Name="TargetDomainName">WIN-03DLIIOFRRA</Data>
		<Data Name="TargetLogonId">0x000000000001ed4f</Data>
		<Data Name="LogonType">2</Data>
		<Data Name="LogonProcessName">User32 </Data>
		<Data Name="AuthenticationPackageName">Negotiate</Data>
		<Data Name="WorkstationName">WIN-03DLIIOFRRA</Data>
		<Data Name="LogonGuid">{00000000-0000-0000-0000-000000000000}</Data>
		<Data Name="TransmittedServices">-</Data>
		<Data Name="LmPackageName">-</Data>
		<Data Name="KeyLength">0</Data>
		<Data Name="ProcessId">0x00000000000001e0</Data>
		<Data Name="ProcessName">C:\Windows\System32\winlogon.exe</Data>
		<Data Name="IpAddress">127.0.0.1</Data>
		<Data Name="IpPort">0</Data>
	</EventData>
</Event>

<Event xmlns="http://schemas.microsoft.com/win/2004/08/events/event">
	<System>
		<Provider Name="Microsoft-Windows-Security-Auditing" Guid="{54849625-5478-4994-a5ba-3e3b0328c30d}"/>
		<EventID Qualifiers="">4624</EventID>
		<Version>0</Version>
		<Level>0</Level>
		<Task>12544</Task>
		<Opcode>0</Opcode>
		<Keywords>0x8020000000000000</Keywords>
		<TimeCreated SystemTime="2017-04-14 01:17:45.912191"/>
		<EventRecordID>2216</EventRecordID>
		<Correlation ActivityID="" RelatedActivityID=""/>
		<Execution ProcessID="536" ThreadID="632"/>
		<Channel>Security</Channel>
		<Computer>WIN-03DLIIOFRRA</Computer>
		<Security UserID=""/>
	</System>
	<EventData>
		<Data Name="SubjectUserSid">S-1-5-18</Data>
		<Data Name="SubjectUserName">WIN-03DLIIOFRRA$</Data>
		<Data Name="SubjectDomainName">WORKGROUP</Data>
		<Data Name="SubjectLogonId">0x00000000000003e7</Data>
		<Data Name="TargetUserSid">S-1-5-18</Data>
		<Data Name="TargetUserName">SYSTEM</Data>
		<Data Name="TargetDomainName">NT AUTHORITY</Data>
		<Data Name="TargetLogonId">0x00000000000003e7</Data>
		<Data Name="LogonType">5</Data>
		<Data Name="LogonProcessName">Advapi  </Data>
		<Data Name="AuthenticationPackageName">Negotiate</Data>
		<Data Name="WorkstationName"/>
		<Data Name="LogonGuid">{00000000-0000-0000-0000-000000000000}</Data>
		<Data Name="TransmittedServices">-</Data>
		<Data Name="LmPackageName">-</Data>
		<Data Name="KeyLength">0</Data>
		<Data Name="ProcessId">0x0000000000000210</Data>
		<Data Name="ProcessName">C:\Windows\System32\services.exe</Data>
		<Data Name="IpAddress">-</Data>
		<Data Name="IpPort">-</Data>
	</EventData>
</Event>

<Event xmlns="http://schemas.microsoft.com/win/2004/08/events/event">
	<System>
		<Provider Name="Microsoft-Windows-Security-Auditing" Guid="{54849625-5478-4994-a5ba-3e3b0328c30d}"/>
		<EventID Qualifiers="">4624</EventID>
		<Version>0</Version>
		<Level>0</Level>
		<Task>12544</Task>
		<Opcode>0</Opcode>
		<Keywords>0x8020000000000000</Keywords>
		<TimeCreated SystemTime="2017-04-14 01:17:59.218201"/>
		<EventRecordID>2219</EventRecordID>
		<Correlation ActivityID="" RelatedActivityID=""/>
		<Execution ProcessID="536" ThreadID="636"/>
		<Channel>Security</Channel>
		<Computer>WIN-03DLIIOFRRA</Computer>
		<Security UserID=""/>
	</System>
	<EventData>
		<Data Name="SubjectUserSid">S-1-0-0</Data>
		<Data Name="SubjectUserName">-</Data>
		<Data Name="SubjectDomainName">-</Data>
		<Data Name="SubjectLogonId">0x0000000000000000</Data>
		<Data Name="TargetUserSid">S-1-5-7</Data>
		<Data Name="TargetUserName">ANONYMOUS LOGON</Data>
		<Data Name="TargetDomainName">NT AUTHORITY</Data>
		<Data Name="TargetLogonId">0x000000000002b2ea</Data>
		<Data Name="LogonType">3</Data>
		<Data Name="LogonProcessName">NtLmSsp </Data>
		<Data Name="AuthenticationPackageName">NTLM</Data>
		<Data Name="WorkstationName"/>
		<Data Name="LogonGuid">{00000000-0000-0000-0000-000000000000}</Data>
		<Data Name="TransmittedServices">-</Data>
		<Data Name="LmPackageName">NTLM V1</Data>
		<Data Name="KeyLength">0</Data>
		<Data Name="ProcessId">0x0000000000000000</Data>
		<Data Name="ProcessName">-</Data>
		<Data Name="IpAddress">-</Data>
		<Data Name="IpPort">-</Data>
	</EventData>
</Event>

<Event xmlns="http://schemas.microsoft.com/win/2004/08/events/event">
	<System>
		<Provider Name="Microsoft-Windows-Security-Auditing" Guid="{54849625-5478-4994-a5ba-3e3b0328c30d}"/>
		<EventID Qualifiers="">4624</EventID>
		<Version>0</Version>
		<Level>0</Level>
		<Task>12544</Task>
		<Opcode>0</Opcode>
		<Keywords>0x8020000000000000</Keywords>
		<TimeCreated SystemTime="2017-04-14 01:18:15.239429"/>
		<EventRecordID>2220</EventRecordID>
		<Correlation ActivityID="" RelatedActivityID=""/>
		<Execution ProcessID="536" ThreadID="604"/>
		<Channel>Security</Channel>
		<Computer>WIN-03DLIIOFRRA</Computer>
		<Security UserID=""/>
	</System>
	<EventData>
		<Data Name="SubjectUserSid">S-1-5-18</Data>
		<Data Name="SubjectUserName">WIN-03DLIIOFRRA$</Data>
		<Data Name="SubjectDomainName">WORKGROUP</Data>
		<Data Name="SubjectLogonId">0x00000000000003e7</Data>
		<Data Name="TargetUserSid">S-1-5-18</Data>
		<Data Name="TargetUserName">SYSTEM</Data>
		<Data Name="TargetDomainName">NT AUTHORITY</Data>
		<Data Name="TargetLogonId">0x00000000000003e7</Data>
		<Data Name="LogonType">5</Data>
		<Data Name="LogonProcessName">Advapi  </Data>
		<Data Name="AuthenticationPackageName">Negotiate</Data>
		<Data Name="WorkstationName"/>
		<Data Name="LogonGuid">{00000000-0000-0000-0000-000000000000}</Data>
		<Data Name="TransmittedServices">-</Data>
		<Data Name="LmPackageName">-</Data>
		<Data Name="KeyLength">0</Data>
		<Data Name="ProcessId">0x0000000000000210</Data>
		<Data Name="ProcessName">C:\Windows\System32\services.exe</Data>
		<Data Name="IpAddress">-</Data>
		<Data Name="IpPort">-</Data>
	</EventData>
</Event>

<Event xmlns="http://schemas.microsoft.com/win/2004/08/events/event">
	<System>
		<Provider Name="Microsoft-Windows-Security-Auditing" Guid="{54849625-5478-4994-a5ba-3e3b0328c30d}"/>
		<EventID Qualifiers="">4624</EventID>
		<Version>0</Version>
		<Level>0</Level>
		<Task>12544</Task>
		<Opcode>0</Opcode>
		<Keywords>0x8020000000000000</Keywords>
		<TimeCreated SystemTime="2017-04-14 01:18:53.646696"/>
		<EventRecordID>2222</EventRecordID>
		<Correlation ActivityID="" RelatedActivityID=""/>
		<Execution ProcessID="536" ThreadID="572"/>
		<Channel>Security</Channel>
		<Computer>WIN-03DLIIOFRRA</Computer>
		<Security UserID=""/>
	</System>
	<EventData>
		<Data Name="SubjectUserSid">S-1-5-18</Data>
		<Data Name="SubjectUserName">WIN-03DLIIOFRRA$</Data>
		<Data Name="SubjectDomainName">WORKGROUP</Data>
		<Data Name="SubjectLogonId">0x00000000000003e7</Data>
		<Data Name="TargetUserSid">S-1-5-18</Data>
		<Data Name="TargetUserName">SYSTEM</Data>
		<Data Name="TargetDomainName">NT AUTHORITY</Data>
		<Data Name="TargetLogonId">0x00000000000003e7</Data>
		<Data Name="LogonType">5</Data>
		<Data Name="LogonProcessName">Advapi  </Data>
		<Data Name="AuthenticationPackageName">Negotiate</Data>
		<Data Name="WorkstationName"/>
		<Data Name="LogonGuid">{00000000-0000-0000-0000-000000000000}</Data>
		<Data Name="TransmittedServices">-</Data>
		<Data Name="LmPackageName">-</Data>
		<Data Name="KeyLength">0</Data>
		<Data Name="ProcessId">0x0000000000000210</Data>
		<Data Name="ProcessName">C:\Windows\System32\services.exe</Data>
		<Data Name="IpAddress">-</Data>
		<Data Name="IpPort">-</Data>
	</EventData>
</Event>

<Event xmlns="http://schemas.microsoft.com/win/2004/08/events/event">
	<System>
		<Provider Name="Microsoft-Windows-Security-Auditing" Guid="{54849625-5478-4994-a5ba-3e3b0328c30d}"/>
		<EventID Qualifiers="">4624</EventID>
		<Version>0</Version>
		<Level>0</Level>
		<Task>12544</Task>
		<Opcode>0</Opcode>
		<Keywords>0x8020000000000000</Keywords>
		<TimeCreated SystemTime="2017-04-14 01:19:44.040823"/>
		<EventRecordID>2227</EventRecordID>
		<Correlation ActivityID="" RelatedActivityID=""/>
		<Execution ProcessID="536" ThreadID="540"/>
		<Channel>Security</Channel>
		<Computer>WIN-03DLIIOFRRA</Computer>
		<Security UserID=""/>
	</System>
	<EventData>
		<Data Name="SubjectUserSid">S-1-0-0</Data>
		<Data Name="SubjectUserName">-</Data>
		<Data Name="SubjectDomainName">-</Data>
		<Data Name="SubjectLogonId">0x0000000000000000</Data>
		<Data Name="TargetUserSid">S-1-5-18</Data>
		<Data Name="TargetUserName">SYSTEM</Data>
		<Data Name="TargetDomainName">NT AUTHORITY</Data>
		<Data Name="TargetLogonId">0x00000000000003e7</Data>
		<Data Name="LogonType">0</Data>
		<Data Name="LogonProcessName">-</Data>
		<Data Name="AuthenticationPackageName">-</Data>
		<Data Name="WorkstationName">-</Data>
		<Data Name="LogonGuid">{00000000-0000-0000-0000-000000000000}</Data>
		<Data Name="TransmittedServices">-</Data>
		<Data Name="LmPackageName">-</Data>
		<Data Name="KeyLength">0</Data>
		<Data Name="ProcessId">0x0000000000000004</Data>
		<Data Name="ProcessName"/>
		<Data Name="IpAddress">-</Data>
		<Data Name="IpPort">-</Data>
	</EventData>
</Event>

<Event xmlns="http://schemas.microsoft.com/win/2004/08/events/event">
	<System>
		<Provider Name="Microsoft-Windows-Security-Auditing" Guid="{54849625-5478-4994-a5ba-3e3b0328c30d}"/>
		<EventID Qualifiers="">4624</EventID>
		<Version>0</Version>
		<Level>0</Level>
		<Task>12544</Task>
		<Opcode>0</Opcode>
		<Keywords>0x8020000000000000</Keywords>
		<TimeCreated SystemTime="2017-04-14 01:19:44.118824"/>
		<EventRecordID>2229</EventRecordID>
		<Correlation ActivityID="" RelatedActivityID=""/>
		<Execution ProcessID="536" ThreadID="628"/>
		<Channel>Security</Channel>
		<Computer>WIN-03DLIIOFRRA</Computer>
		<Security UserID=""/>
	</System>
	<EventData>
		<Data Name="SubjectUserSid">S-1-5-18</Data>
		<Data Name="SubjectUserName">WIN-03DLIIOFRRA$</Data>
		<Data Name="SubjectDomainName">WORKGROUP</Data>
		<Data Name="SubjectLogonId">0x00000000000003e7</Data>
		<Data Name="TargetUserSid">S-1-5-18</Data>
		<Data Name="TargetUserName">SYSTEM</Data>
		<Data Name="TargetDomainName">NT AUTHORITY</Data>
		<Data Name="TargetLogonId">0x00000000000003e7</Data>
		<Data Name="LogonType">5</Data>
		<Data Name="LogonProcessName">Advapi  </Data>
		<Data Name="AuthenticationPackageName">Negotiate</Data>
		<Data Name="WorkstationName"/>
		<Data Name="LogonGuid">{00000000-0000-0000-0000-000000000000}</Data>
		<Data Name="TransmittedServices">-</Data>
		<Data Name="LmPackageName">-</Data>
		<Data Name="KeyLength">0</Data>
		<Data Name="ProcessId">0x0000000000000204</Data>
		<Data Name="ProcessName">C:\Windows\System32\services.exe</Data>
		<Data Name="IpAddress">-</Data>
		<Data Name="IpPort">-</Data>
	</EventData>
</Event>

<Event xmlns="http://schemas.microsoft.com/win/2004/08/events/event">
	<System>
		<Provider Name="Microsoft-Windows-Security-Auditing" Guid="{54849625-5478-4994-a5ba-3e3b0328c30d}"/>
		<EventID Qualifiers="">4624</EventID>
		<Version>0</Version>
		<Level>0</Level>
		<Task>12544</Task>
		<Opcode>0</Opcode>
		<Keywords>0x8020000000000000</Keywords>
		<TimeCreated SystemTime="2017-04-14 01:19:44.243624"/>
		<EventRecordID>2231</EventRecordID>
		<Correlation ActivityID="" RelatedActivityID=""/>
		<Execution ProcessID="536" ThreadID="624"/>
		<Channel>Security</Channel>
		<Computer>WIN-03DLIIOFRRA</Computer>
		<Security UserID=""/>
	</System>
	<EventData>
		<Data Name="SubjectUserSid">S-1-5-18</Data>
		<Data Name="SubjectUserName">WIN-03DLIIOFRRA$</Data>
		<Data Name="SubjectDomainName">WORKGROUP</Data>
		<Data Name="SubjectLogonId">0x00000000000003e7</Data>
		<Data Name="TargetUserSid">S-1-5-20</Data>
		<Data Name="TargetUserName">NETWORK SERVICE</Data>
		<Data Name="TargetDomainName">NT AUTHORITY</Data>
		<Data Name="TargetLogonId">0x00000000000003e4</Data>
		<Data Name="LogonType">5</Data>
		<Data Name="LogonProcessName">Advapi  </Data>
		<Data Name="AuthenticationPackageName">Negotiate</Data>
		<Data Name="WorkstationName"/>
		<Data Name="LogonGuid">{00000000-0000-0000-0000-000000000000}</Data>
		<Data Name="TransmittedServices">-</Data>
		<Data Name="LmPackageName">-</Data>
		<Data Name="KeyLength">0</Data>
		<Data Name="ProcessId">0x0000000000000204</Data>
		<Data Name="ProcessName">C:\Windows\System32\services.exe</Data>
		<Data Name="IpAddress">-</Data>
		<Data Name="IpPort">-</Data>
	</EventData>
</Event>

<Event xmlns="http://schemas.microsoft.com/win/2004/08/events/event">
	<System>
		<Provider Name="Microsoft-Windows-Security-Auditing" Guid="{54849625-5478-4994-a5ba-3e3b0328c30d}"/>
		<EventID Qualifiers="">4624</EventID>
		<Version>0</Version>
		<Level>0</Level>
		<Task>12544</Task>
		<Opcode>0</Opcode>
		<Keywords>0x8020000000000000</Keywords>
		<TimeCreated SystemTime="2017-04-14 01:19:44.290424"/>
		<EventRecordID>2233</EventRecordID>
		<Correlation ActivityID="" RelatedActivityID=""/>
		<Execution ProcessID="536" ThreadID="628"/>
		<Channel>Security</Channel>
		<Computer>WIN-03DLIIOFRRA</Computer>
		<Security UserID=""/>
	</System>
	<EventData>
		<Data Name="SubjectUserSid">S-1-5-18</Data>
		<Data Name="SubjectUserName">WIN-03DLIIOFRRA$</Data>
		<Data Name="SubjectDomainName">WORKGROUP</Data>
		<Data Name="SubjectLogonId">0x00000000000003e7</Data>
		<Data Name="TargetUserSid">S-1-5-19</Data>
		<Data Name="TargetUserName">LOCAL SERVICE</Data>
		<Data Name="TargetDomainName">NT AUTHORITY</Data>
		<Data Name="TargetLogonId">0x00000000000003e5</Data>
		<Data Name="LogonType">5</Data>
		<Data Name="LogonProcessName">Advapi  </Data>
		<Data Name="AuthenticationPackageName">Negotiate</Data>
		<Data Name="WorkstationName"/>
		<Data Name="LogonGuid">{00000000-0000-0000-0000-000000000000}</Data>
		<Data Name="TransmittedServices">-</Data>
		<Data Name="LmPackageName">-</Data>
		<Data Name="KeyLength">0</Data>
		<Data Name="ProcessId">0x0000000000000204</Data>
		<Data Name="ProcessName">C:\Windows\System32\services.exe</Data>
		<Data Name="IpAddress">-</Data>
		<Data Name="IpPort">-</Data>
	</EventData>
</Event>

<Event xmlns="http://schemas.microsoft.com/win/2004/08/events/event">
	<System>
		<Provider Name="Microsoft-Windows-Security-Auditing" Guid="{54849625-5478-4994-a5ba-3e3b0328c30d}"/>
		<EventID Qualifiers="">4624</EventID>
		<Version>0</Version>
		<Level>0</Level>
		<Task>12544</Task>
		<Opcode>0</Opcode>
		<Keywords>0x8020000000000000</Keywords>
		<TimeCreated SystemTime="2017-04-14 01:19:44.337223"/>
		<EventRecordID>2235</EventRecordID>
		<Correlation ActivityID="" RelatedActivityID=""/>
		<Execution ProcessID="536" ThreadID="628"/>
		<Channel>Security</Channel>
		<Computer>WIN-03DLIIOFRRA</Computer>
		<Security UserID=""/>
	</System>
	<EventData>
		<Data Name="SubjectUserSid">S-1-5-18</Data>
		<Data Name="SubjectUserName">WIN-03DLIIOFRRA$</Data>
		<Data Name="SubjectDomainName">WORKGROUP</Data>
		<Data Name="SubjectLogonId">0x00000000000003e7</Data>
		<Data Name="TargetUserSid">S-1-5-18</Data>
		<Data Name="TargetUserName">SYSTEM</Data>
		<Data Name="TargetDomainName">NT AUTHORITY</Data>
		<Data Name="TargetLogonId">0x00000000000003e7</Data>
		<Data Name="LogonType">5</Data>
		<Data Name="LogonProcessName">Advapi  </Data>
		<Data Name="AuthenticationPackageName">Negotiate</Data>
		<Data Name="WorkstationName"/>
		<Data Name="LogonGuid">{00000000-0000-0000-0000-000000000000}</Data>
		<Data Name="TransmittedServices">-</Data>
		<Data Name="LmPackageName">-</Data>
		<Data Name="KeyLength">0</Data>
		<Data Name="ProcessId">0x0000000000000204</Data>
		<Data Name="ProcessName">C:\Windows\System32\services.exe</Data>
		<Data Name="IpAddress">-</Data>
		<Data Name="IpPort">-</Data>
	</EventData>
</Event>

<Event xmlns="http://schemas.microsoft.com/win/2004/08/events/event">
	<System>
		<Provider Name="Microsoft-Windows-Security-Auditing" Guid="{54849625-5478-4994-a5ba-3e3b0328c30d}"/>
		<EventID Qualifiers="">4624</EventID>
		<Version>0</Version>
		<Level>0</Level>
		<Task>12544</Task>
		<Opcode>0</Opcode>
		<Keywords>0x8020000000000000</Keywords>
		<TimeCreated SystemTime="2017-04-14 01:19:44.352823"/>
		<EventRecordID>2237</EventRecordID>
		<Correlation ActivityID="" RelatedActivityID=""/>
		<Execution ProcessID="536" ThreadID="624"/>
		<Channel>Security</Channel>
		<Computer>WIN-03DLIIOFRRA</Computer>
		<Security UserID=""/>
	</System>
	<EventData>
		<Data Name="SubjectUserSid">S-1-5-18</Data>
		<Data Name="SubjectUserName">WIN-03DLIIOFRRA$</Data>
		<Data Name="SubjectDomainName">WORKGROUP</Data>
		<Data Name="SubjectLogonId">0x00000000000003e7</Data>
		<Data Name="TargetUserSid">S-1-5-18</Data>
		<Data Name="TargetUserName">SYSTEM</Data>
		<Data Name="TargetDomainName">NT AUTHORITY</Data>
		<Data Name="TargetLogonId">0x00000000000003e7</Data>
		<Data Name="LogonType">5</Data>
		<Data Name="LogonProcessName">Advapi  </Data>
		<Data Name="AuthenticationPackageName">Negotiate</Data>
		<Data Name="WorkstationName"/>
		<Data Name="LogonGuid">{00000000-0000-0000-0000-000000000000}</Data>
		<Data Name="TransmittedServices">-</Data>
		<Data Name="LmPackageName">-</Data>
		<Data Name="KeyLength">0</Data>
		<Data Name="ProcessId">0x0000000000000204</Data>
		<Data Name="ProcessName">C:\Windows\System32\services.exe</Data>
		<Data Name="IpAddress">-</Data>
		<Data Name="IpPort">-</Data>
	</EventData>
</Event>

<Event xmlns="http://schemas.microsoft.com/win/2004/08/events/event">
	<System>
		<Provider Name="Microsoft-Windows-Security-Auditing" Guid="{54849625-5478-4994-a5ba-3e3b0328c30d}"/>
		<EventID Qualifiers="">4624</EventID>
		<Version>0</Version>
		<Level>0</Level>
		<Task>12544</Task>
		<Opcode>0</Opcode>
		<Keywords>0x8020000000000000</Keywords>
		<TimeCreated SystemTime="2017-04-14 01:19:45.944027"/>
		<EventRecordID>2239</EventRecordID>
		<Correlation ActivityID="" RelatedActivityID=""/>
		<Execution ProcessID="536" ThreadID="628"/>
		<Channel>Security</Channel>
		<Computer>WIN-03DLIIOFRRA</Computer>
		<Security UserID=""/>
	</System>
	<EventData>
		<Data Name="SubjectUserSid">S-1-5-18</Data>
		<Data Name="SubjectUserName">WIN-03DLIIOFRRA$</Data>
		<Data Name="SubjectDomainName">WORKGROUP</Data>
		<Data Name="SubjectLogonId">0x00000000000003e7</Data>
		<Data Name="TargetUserSid">S-1-5-18</Data>
		<Data Name="TargetUserName">SYSTEM</Data>
		<Data Name="TargetDomainName">NT AUTHORITY</Data>
		<Data Name="TargetLogonId">0x00000000000003e7</Data>
		<Data Name="LogonType">5</Data>
		<Data Name="LogonProcessName">Advapi  </Data>
		<Data Name="AuthenticationPackageName">Negotiate</Data>
		<Data Name="WorkstationName"/>
		<Data Name="LogonGuid">{00000000-0000-0000-0000-000000000000}</Data>
		<Data Name="TransmittedServices">-</Data>
		<Data Name="LmPackageName">-</Data>
		<Data Name="KeyLength">0</Data>
		<Data Name="ProcessId">0x0000000000000204</Data>
		<Data Name="ProcessName">C:\Windows\System32\services.exe</Data>
		<Data Name="IpAddress">-</Data>
		<Data Name="IpPort">-</Data>
	</EventData>
</Event>

<Event xmlns="http://schemas.microsoft.com/win/2004/08/events/event">
	<System>
		<Provider Name="Microsoft-Windows-Security-Auditing" Guid="{54849625-5478-4994-a5ba-3e3b0328c30d}"/>
		<EventID Qualifiers="">4624</EventID>
		<Version>0</Version>
		<Level>0</Level>
		<Task>12544</Task>
		<Opcode>0</Opcode>
		<Keywords>0x8020000000000000</Keywords>
		<TimeCreated SystemTime="2017-04-14 01:19:46.474028"/>
		<EventRecordID>2241</EventRecordID>
		<Correlation ActivityID="" RelatedActivityID=""/>
		<Execution ProcessID="536" ThreadID="628"/>
		<Channel>Security</Channel>
		<Computer>WIN-03DLIIOFRRA</Computer>
		<Security UserID=""/>
	</System>
	<EventData>
		<Data Name="SubjectUserSid">S-1-0-0</Data>
		<Data Name="SubjectUserName">-</Data>
		<Data Name="SubjectDomainName">-</Data>
		<Data Name="SubjectLogonId">0x0000000000000000</Data>
		<Data Name="TargetUserSid">S-1-5-7</Data>
		<Data Name="TargetUserName">ANONYMOUS LOGON</Data>
		<Data Name="TargetDomainName">NT AUTHORITY</Data>
		<Data Name="TargetLogonId">0x0000000000024bf4</Data>
		<Data Name="LogonType">3</Data>
		<Data Name="LogonProcessName">NtLmSsp </Data>
		<Data Name="AuthenticationPackageName">NTLM</Data>
		<Data Name="WorkstationName"/>
		<Data Name="LogonGuid">{00000000-0000-0000-0000-000000000000}</Data>
		<Data Name="TransmittedServices">-</Data>
		<Data Name="LmPackageName">NTLM V1</Data>
		<Data Name="KeyLength">0</Data>
		<Data Name="ProcessId">0x0000000000000000</Data>
		<Data Name="ProcessName">-</Data>
		<Data Name="IpAddress">-</Data>
		<Data Name="IpPort">-</Data>
	</EventData>
</Event>

<Event xmlns="http://schemas.microsoft.com/win/2004/08/events/event">
	<System>
		<Provider Name="Microsoft-Windows-Security-Auditing" Guid="{54849625-5478-4994-a5ba-3e3b0328c30d}"/>
		<EventID Qualifiers="">4624</EventID>
		<Version>0</Version>
		<Level>0</Level>
		<Task>12544</Task>
		<Opcode>0</Opcode>
		<Keywords>0x8020000000000000</Keywords>
		<TimeCreated SystemTime="2017-04-14 01:19:46.552000"/>
		<EventRecordID>2243</EventRecordID>
		<Correlation ActivityID="" RelatedActivityID=""/>
		<Execution ProcessID="536" ThreadID="624"/>
		<Channel>Security</Channel>
		<Computer>WIN-03DLIIOFRRA</Computer>
		<Security UserID=""/>
	</System>
	<EventData>
		<Data Name="SubjectUserSid">S-1-5-18</Data>
		<Data Name="SubjectUserName">WIN-03DLIIOFRRA$</Data>
		<Data Name="SubjectDomainName">WORKGROUP</Data>
		<Data Name="SubjectLogonId">0x00000000000003e7</Data>
		<Data Name="TargetUserSid">S-1-5-18</Data>
		<Data Name="TargetUserName">SYSTEM</Data>
		<Data Name="TargetDomainName">NT AUTHORITY</Data>
		<Data Name="TargetLogonId">0x00000000000003e7</Data>
		<Data Name="LogonType">5</Data>
		<Data Name="LogonProcessName">Advapi  </Data>
		<Data Name="AuthenticationPackageName">Negotiate</Data>
		<Data Name="WorkstationName"/>
		<Data Name="LogonGuid">{00000000-0000-0000-0000-000000000000}</Data>
		<Data Name="TransmittedServices">-</Data>
		<Data Name="LmPackageName">-</Data>
		<Data Name="KeyLength">0</Data>
		<Data Name="ProcessId">0x0000000000000204</Data>
		<Data Name="ProcessName">C:\Windows\System32\services.exe</Data>
		<Data Name="IpAddress">-</Data>
		<Data Name="IpPort">-</Data>
	</EventData>
</Event>

<Event xmlns="http://schemas.microsoft.com/win/2004/08/events/event">
	<System>
		<Provider Name="Microsoft-Windows-Security-Auditing" Guid="{54849625-5478-4994-a5ba-3e3b0328c30d}"/>
		<EventID Qualifiers="">4624</EventID>
		<Version>0</Version>
		<Level>0</Level>
		<Task>12544</Task>
		<Opcode>0</Opcode>
		<Keywords>0x8020000000000000</Keywords>
		<TimeCreated SystemTime="2017-04-14 01:19:47.922001"/>
		<EventRecordID>2245</EventRecordID>
		<Correlation ActivityID="" RelatedActivityID=""/>
		<Execution ProcessID="536" ThreadID="624"/>
		<Channel>Security</Channel>
		<Computer>WIN-03DLIIOFRRA</Computer>
		<Security UserID=""/>
	</System>
	<EventData>
		<Data Name="SubjectUserSid">S-1-5-18</Data>
		<Data Name="SubjectUserName">WIN-03DLIIOFRRA$</Data>
		<Data Name="SubjectDomainName">WORKGROUP</Data>
		<Data Name="SubjectLogonId">0x00000000000003e7</Data>
		<Data Name="TargetUserSid">S-1-5-18</Data>
		<Data Name="TargetUserName">SYSTEM</Data>
		<Data Name="TargetDomainName">NT AUTHORITY</Data>
		<Data Name="TargetLogonId">0x00000000000003e7</Data>
		<Data Name="LogonType">5</Data>
		<Data Name="LogonProcessName">Advapi  </Data>
		<Data Name="AuthenticationPackageName">Negotiate</Data>
		<Data Name="WorkstationName"/>
		<Data Name="LogonGuid">{00000000-0000-0000-0000-000000000000}</Data>
		<Data Name="TransmittedServices">-</Data>
		<Data Name="LmPackageName">-</Data>
		<Data Name="KeyLength">0</Data>
		<Data Name="ProcessId">0x0000000000000204</Data>
		<Data Name="ProcessName">C:\Windows\System32\services.exe</Data>
		<Data Name="IpAddress">-</Data>
		<Data Name="IpPort">-</Data>
	</EventData>
</Event>

<Event xmlns="http://schemas.microsoft.com/win/2004/08/events/event">
	<System>
		<Provider Name="Microsoft-Windows-Security-Auditing" Guid="{54849625-5478-4994-a5ba-3e3b0328c30d}"/>
		<EventID Qualifiers="">4648</EventID>
		<Version>0</Version>
		<Level>0</Level>
		<Task>12544</Task>
		<Opcode>0</Opcode>
		<Keywords>0x8020000000000000</Keywords>
		<TimeCreated SystemTime="2017-04-14 01:19:50.188005"/>
		<EventRecordID>2247</EventRecordID>
		<Correlation ActivityID="" RelatedActivityID=""/>
		<Execution ProcessID="536" ThreadID="624"/>
		<Channel>Security</Channel>
		<Computer>WIN-03DLIIOFRRA</Computer>
		<Security UserID=""/>
	</System>
	<EventData>
		<Data Name="SubjectUserSid">S-1-5-18</Data>
		<Data Name="SubjectUserName">WIN-03DLIIOFRRA$</Data>
		<Data Name="SubjectDomainName">WORKGROUP</Data>
		<Data Name="SubjectLogonId">0x00000000000003e7</Data>
		<Data Name="LogonGuid">{00000000-0000-0000-0000-000000000000}</Data>
		<Data Name="TargetUserName">fsir</Data>
		<Data Name="TargetDomainName">WIN-03DLIIOFRRA</Data>
		<Data Name="TargetLogonGuid">{00000000-0000-0000-0000-000000000000}</Data>
		<Data Name="TargetServerName">localhost</Data>
		<Data Name="TargetInfo">localhost</Data>
		<Data Name="ProcessId">0x00000000000001e8</Data>
		<Data Name="ProcessName">C:\Windows\System32\winlogon.exe</Data>
		<Data Name="IpAddress">127.0.0.1</Data>
		<Data Name="IpPort">0</Data>
	</EventData>
</Event>

<Event xmlns="http://schemas.microsoft.com/win/2004/08/events/event">
	<System>
		<Provider Name="Microsoft-Windows-Security-Auditing" Guid="{54849625-5478-4994-a5ba-3e3b0328c30d}"/>
		<EventID Qualifiers="">4624</EventID>
		<Version>0</Version>
		<Level>0</Level>
		<Task>12544</Task>
		<Opcode>0</Opcode>
		<Keywords>0x8020000000000000</Keywords>
		<TimeCreated SystemTime="2017-04-14 01:19:50.188005"/>
		<EventRecordID>2248</EventRecordID>
		<Correlation ActivityID="" RelatedActivityID=""/>
		<Execution ProcessID="536" ThreadID="624"/>
		<Channel>Security</Channel>
		<Computer>WIN-03DLIIOFRRA</Computer>
		<Security UserID=""/>
	</System>
	<EventData>
		<Data Name="SubjectUserSid">S-1-5-18</Data>
		<Data Name="SubjectUserName">WIN-03DLIIOFRRA$</Data>
		<Data Name="SubjectDomainName">WORKGROUP</Data>
		<Data Name="SubjectLogonId">0x00000000000003e7</Data>
		<Data Name="TargetUserSid">S-1-5-21-2603537626-3982775912-406486804-1000</Data>
		<Data Name="TargetUserName">fsir</Data>
		<Data Name="TargetDomainName">WIN-03DLIIOFRRA</Data>
		<Data Name="TargetLogonId">0x00000000000380e4</Data>
		<Data Name="LogonType">2</Data>
		<Data Name="LogonProcessName">User32 </Data>
		<Data Name="AuthenticationPackageName">Negotiate</Data>
		<Data Name="WorkstationName">WIN-03DLIIOFRRA</Data>
		<Data Name="LogonGuid">{00000000-0000-0000-0000-000000000000}</Data>
		<Data Name="TransmittedServices">-</Data>
		<Data Name="LmPackageName">-</Data>
		<Data Name="KeyLength">0</Data>
		<Data Name="ProcessId">0x00000000000001e8</Data>
		<Data Name="ProcessName">C:\Windows\System32\winlogon.exe</Data>
		<Data Name="IpAddress">127.0.0.1</Data>
		<Data Name="IpPort">0</Data>
	</EventData>
</Event>

<Event xmlns="http://schemas.microsoft.com/win/2004/08/events/event">
	<System>
		<Provider Name="Microsoft-Windows-Security-Auditing" Guid="{54849625-5478-4994-a5ba-3e3b0328c30d}"/>
		<EventID Qualifiers="">4624</EventID>
		<Version>0</Version>
		<Level>0</Level>
		<Task>12544</Task>
		<Opcode>0</Opcode>
		<Keywords>0x8020000000000000</Keywords>
		<TimeCreated SystemTime="2017-04-14 01:19:50.188005"/>
		<EventRecordID>2249</EventRecordID>
		<Correlation ActivityID="" RelatedActivityID=""/>
		<Execution ProcessID="536" ThreadID="624"/>
		<Channel>Security</Channel>
		<Computer>WIN-03DLIIOFRRA</Computer>
		<Security UserID=""/>
	</System>
	<EventData>
		<Data Name="SubjectUserSid">S-1-5-18</Data>
		<Data Name="SubjectUserName">WIN-03DLIIOFRRA$</Data>
		<Data Name="SubjectDomainName">WORKGROUP</Data>
		<Data Name="SubjectLogonId">0x00000000000003e7</Data>
		<Data Name="TargetUserSid">S-1-5-21-2603537626-3982775912-406486804-1000</Data>
		<Data Name="TargetUserName">fsir</Data>
		<Data Name="TargetDomainName">WIN-03DLIIOFRRA</Data>
		<Data Name="TargetLogonId">0x0000000000038112</Data>
		<Data Name="LogonType">2</Data>
		<Data Name="LogonProcessName">User32 </Data>
		<Data Name="AuthenticationPackageName">Negotiate</Data>
		<Data Name="WorkstationName">WIN-03DLIIOFRRA</Data>
		<Data Name="LogonGuid">{00000000-0000-0000-0000-000000000000}</Data>
		<Data Name="TransmittedServices">-</Data>
		<Data Name="LmPackageName">-</Data>
		<Data Name="KeyLength">0</Data>
		<Data Name="ProcessId">0x00000000000001e8</Data>
		<Data Name="ProcessName">C:\Windows\System32\winlogon.exe</Data>
		<Data Name="IpAddress">127.0.0.1</Data>
		<Data Name="IpPort">0</Data>
	</EventData>
</Event>

<Event xmlns="http://schemas.microsoft.com/win/2004/08/events/event">
	<System>
		<Provider Name="Microsoft-Windows-Security-Auditing" Guid="{54849625-5478-4994-a5ba-3e3b0328c30d}"/>
		<EventID Qualifiers="">4624</EventID>
		<Version>0</Version>
		<Level>0</Level>
		<Task>12544</Task>
		<Opcode>0</Opcode>
		<Keywords>0x8020000000000000</Keywords>
		<TimeCreated SystemTime="2017-04-14 01:20:11.917442"/>
		<EventRecordID>2251</EventRecordID>
		<Correlation ActivityID="" RelatedActivityID=""/>
		<Execution ProcessID="536" ThreadID="624"/>
		<Channel>Security</Channel>
		<Computer>WIN-03DLIIOFRRA</Computer>
		<Security UserID=""/>
	</System>
	<EventData>
		<Data Name="SubjectUserSid">S-1-5-18</Data>
		<Data Name="SubjectUserName">WIN-03DLIIOFRRA$</Data>
		<Data Name="SubjectDomainName">WORKGROUP</Data>
		<Data Name="SubjectLogonId">0x00000000000003e7</Data>
		<Data Name="TargetUserSid">S-1-5-18</Data>
		<Data Name="TargetUserName">SYSTEM</Data>
		<Data Name="TargetDomainName">NT AUTHORITY</Data>
		<Data Name="TargetLogonId">0x00000000000003e7</Data>
		<Data Name="LogonType">5</Data>
		<Data Name="LogonProcessName">Advapi  </Data>
		<Data Name="AuthenticationPackageName">Negotiate</Data>
		<Data Name="WorkstationName"/>
		<Data Name="LogonGuid">{00000000-0000-0000-0000-000000000000}</Data>
		<Data Name="TransmittedServices">-</Data>
		<Data Name="LmPackageName">-</Data>
		<Data Name="KeyLength">0</Data>
		<Data Name="ProcessId">0x0000000000000204</Data>
		<Data Name="ProcessName">C:\Windows\System32\services.exe</Data>
		<Data Name="IpAddress">-</Data>
		<Data Name="IpPort">-</Data>
	</EventData>
</Event>

